Using pre-set license
Built from '2020.3/staging' branch; Version is '2020.3.17f1 (a4537701e4ab) revision 10769271'; Using compiler version '192528614'; Build Type 'Release'
OS: 'Windows 10 Home; OS build 19043.1237; Version 2009; 64bit' Language: 'en' Physical Memory: 16318 MB
BatchMode: 1, IsHumanControllingUs: 0, StartBugReporterOnCrash: 0, Is64bit: 1, IsPro: 0

COMMAND LINE ARGUMENTS:
D:\Unity\Unity Builds\2020.3.17f1\Editor\Unity.exe
-adb2
-batchMode
-noUpm
-name
AssetImportWorker0
-projectPath
D:/Unity/Repos/TippingToast/[production URP] Backyard Boxers
-logFile
Logs/AssetImportWorker0.log
-srvPort
52428
Successfully changed project path to: D:/Unity/Repos/TippingToast/[production URP] Backyard Boxers
D:/Unity/Repos/TippingToast/[production URP] Backyard Boxers
Using Asset Import Pipeline V2.
Refreshing native plugins compatible for Editor in 120.05 ms, found 2 plugins.
Preloading 0 native plugins for Editor in 0.00 ms.
Initialize engine version: 2020.3.17f1 (a4537701e4ab)
[Subsystems] Discovering subsystems at path D:/Unity/Unity Builds/2020.3.17f1/Editor/Data/Resources/UnitySubsystems
[Subsystems] Discovering subsystems at path D:/Unity/Repos/TippingToast/[production URP] Backyard Boxers/Assets
GfxDevice: creating device client; threaded=0
Direct3D:
    Version:  Direct3D 11.0 [level 11.1]
    Renderer: NVIDIA GeForce GTX 1660 Ti (ID=0x2182)
    Vendor:   
    VRAM:     5991 MB
    Driver:   30.0.14.7212
Initialize mono
Mono path[0] = 'D:/Unity/Unity Builds/2020.3.17f1/Editor/Data/Managed'
Mono path[1] = 'D:/Unity/Unity Builds/2020.3.17f1/Editor/Data/MonoBleedingEdge/lib/mono/unityjit'
Mono config path = 'D:/Unity/Unity Builds/2020.3.17f1/Editor/Data/MonoBleedingEdge/etc'
Using monoOptions --debugger-agent=transport=dt_socket,embedding=1,server=y,suspend=n,address=127.0.0.1:56324
Begin MonoManager ReloadAssembly
Registering precompiled unity dll's ...
Register platform support module: D:/Unity/Unity Builds/2020.3.17f1/Editor/Data/PlaybackEngines/WindowsStandaloneSupport/UnityEditor.WindowsStandalone.Extensions.dll
Registered in 0.001253 seconds.
Native extension for WindowsStandalone target not found
Refreshing native plugins compatible for Editor in 117.95 ms, found 2 plugins.
Preloading 0 native plugins for Editor in 0.00 ms.
Mono: successfully reloaded assembly
- Completed reload, in  1.189 seconds
Domain Reload Profiling:
	ReloadAssembly (1190ms)
		BeginReloadAssembly (53ms)
			ExecutionOrderSort (0ms)
			DisableScriptedObjects (0ms)
			BackupInstance (0ms)
			ReleaseScriptingObjects (0ms)
			CreateAndSetChildDomain (1ms)
		EndReloadAssembly (523ms)
			LoadAssemblies (53ms)
			RebuildTransferFunctionScriptingTraits (0ms)
			SetupTypeCache (164ms)
			ReleaseScriptCaches (0ms)
			RebuildScriptCaches (34ms)
			SetupLoadedEditorAssemblies (253ms)
				LogAssemblyErrors (0ms)
				InitializePlatformSupportModulesInManaged (4ms)
				SetLoadedEditorAssemblies (0ms)
				RefreshPlugins (118ms)
				BeforeProcessingInitializeOnLoad (13ms)
				ProcessInitializeOnLoadAttributes (89ms)
				ProcessInitializeOnLoadMethodAttributes (29ms)
				AfterProcessingInitializeOnLoad (0ms)
				EditorAssembliesLoaded (0ms)
			ExecutionOrderSort2 (0ms)
			AwakeInstancesAfterBackupRestoration (0ms)
Platform modules already initialized, skipping
Registering precompiled user dll's ...
Registered in 0.004372 seconds.
Begin MonoManager ReloadAssembly
Native extension for WindowsStandalone target not found
Refreshing native plugins compatible for Editor in 120.71 ms, found 2 plugins.
Preloading 0 native plugins for Editor in 0.00 ms.
Mono: successfully reloaded assembly
- Completed reload, in  3.475 seconds
Domain Reload Profiling:
	ReloadAssembly (3476ms)
		BeginReloadAssembly (142ms)
			ExecutionOrderSort (0ms)
			DisableScriptedObjects (5ms)
			BackupInstance (0ms)
			ReleaseScriptingObjects (0ms)
			CreateAndSetChildDomain (18ms)
		EndReloadAssembly (3263ms)
			LoadAssemblies (138ms)
			RebuildTransferFunctionScriptingTraits (0ms)
			SetupTypeCache (353ms)
			ReleaseScriptCaches (1ms)
			RebuildScriptCaches (83ms)
			SetupLoadedEditorAssemblies (2562ms)
				LogAssemblyErrors (0ms)
				InitializePlatformSupportModulesInManaged (4ms)
				SetLoadedEditorAssemblies (0ms)
				RefreshPlugins (121ms)
				BeforeProcessingInitializeOnLoad (99ms)
				ProcessInitializeOnLoadAttributes (2239ms)
				ProcessInitializeOnLoadMethodAttributes (96ms)
				AfterProcessingInitializeOnLoad (2ms)
				EditorAssembliesLoaded (0ms)
			ExecutionOrderSort2 (0ms)
			AwakeInstancesAfterBackupRestoration (7ms)
Platform modules already initialized, skipping
========================================================================
Worker process is ready to serve import requests
Launched and connected shader compiler UnityShaderCompiler.exe after 0.06 seconds
Refreshing native plugins compatible for Editor in 1.04 ms, found 2 plugins.
Preloading 0 native plugins for Editor in 0.00 ms.
Unloading 4227 Unused Serialized files (Serialized files now loaded: 0)
System memory in use before: 216.5 MB.
System memory in use after: 216.5 MB.

Unloading 21 unused Assets to reduce memory usage. Loaded Objects now: 4714.
Total: 4.182200 ms (FindLiveObjects: 0.372200 ms CreateObjectMapping: 0.212400 ms MarkObjects: 3.572400 ms  DeleteObjects: 0.023800 ms)

AssetImportParameters requested are different than current active one (requested -> active):
  requireTextureImportCompression: false -> true
  custom:framework-win-MediaFoundation: 216162199b28c13a410421893ffa2e32 -> 
  custom:video-decoder-ogg-theora: a1e56fd34408186e4bbccfd4996cb3dc -> 
  custom:container-muxer-webm: aa71ff27fc2769a1b78a27578f13a17b -> 
  custom:container-demuxer-webm: 4f35f7cbe854078d1ac9338744f61a02 -> 
  custom:container-demuxer-ogg: 62fdf1f143b41e24485cea50d1cbac27 -> 
  custom:video-encoder-webm-vp8: eb34c28f22e8b96e1ab97ce403110664 -> 
  custom:video-decoder-webm-vp8: 9c59270c3fd7afecdb556c50c9e8de78 -> 
  custom:audio-decoder-ogg-vorbis: bf7c407c2cedff20999df2af8eb42d56 -> 
  custom:audio-encoder-webm-vorbis: bf7c407c2cedff20999df2af8eb42d56 -> 
========================================================================
Received Import Request.
  path: Assets/_Backyard Boxers/Prefabs/UI/CANVAS Default UI.prefab
  artifactKey: Guid(dfa1401cad69e5242ac96422b6321cc4) Importer(815301076,1909f56bfc062723c751e8b465ee728b)
Start importing Assets/_Backyard Boxers/Prefabs/UI/CANVAS Default UI.prefab using Guid(dfa1401cad69e5242ac96422b6321cc4) Importer(815301076,1909f56bfc062723c751e8b465ee728b)  -> (artifact id: 'ed7d16f0ed5fcfe37586b17b374a697b') in 0.156479 seconds 
  Import took 0.164019 seconds .

========================================================================
Received Import Request.
  Time since last request: 0.000216 seconds.
  path: Assets/_Backyard Boxers/Prefabs/UI/Pre alpha footage.prefab
  artifactKey: Guid(f2769d0566368e8469f2751bbecf29e6) Importer(815301076,1909f56bfc062723c751e8b465ee728b)
Start importing Assets/_Backyard Boxers/Prefabs/UI/Pre alpha footage.prefab using Guid(f2769d0566368e8469f2751bbecf29e6) Importer(815301076,1909f56bfc062723c751e8b465ee728b)  -> (artifact id: 'f3f3fc793d4ef097345f4ded01b19b76') in 0.019767 seconds 
  Import took 0.026577 seconds .

========================================================================
Received Import Request.
  Time since last request: 0.000214 seconds.
  path: Assets/_Backyard Boxers/Prefabs/UI/Button Fight.prefab
  artifactKey: Guid(3f88790daed4e464b9d1f0ef923a69e9) Importer(815301076,1909f56bfc062723c751e8b465ee728b)
Start importing Assets/_Backyard Boxers/Prefabs/UI/Button Fight.prefab using Guid(3f88790daed4e464b9d1f0ef923a69e9) Importer(815301076,1909f56bfc062723c751e8b465ee728b)  -> (artifact id: '2e7574393ca05a40cb444d3dd494acb5') in 0.019038 seconds 
  Import took 0.026329 seconds .

========================================================================
Received Import Request.
  Time since last request: 0.000204 seconds.
  path: Assets/_Backyard Boxers/Prefabs/GameObject.prefab
  artifactKey: Guid(b11fa8d0be5517a4b8e86647311f4147) Importer(815301076,1909f56bfc062723c751e8b465ee728b)
Start importing Assets/_Backyard Boxers/Prefabs/GameObject.prefab using Guid(b11fa8d0be5517a4b8e86647311f4147) Importer(815301076,1909f56bfc062723c751e8b465ee728b)  -> (artifact id: 'dddccb6b62691fa90598800988b720a9') in 0.781937 seconds 
  Import took 0.797289 seconds .

========================================================================
Received Import Request.
  Time since last request: 23.694670 seconds.
  path: Assets/Gizmos/Cinemachine
  artifactKey: Guid(74930984fc46beb4f8a7f20e2a1d174a) Importer(815301076,1909f56bfc062723c751e8b465ee728b)
Start importing Assets/Gizmos/Cinemachine using Guid(74930984fc46beb4f8a7f20e2a1d174a) Importer(815301076,1909f56bfc062723c751e8b465ee728b)  -> (artifact id: 'f658245c0924998295714b9bcf6b6614') in 0.001220 seconds 
  Import took 0.013366 seconds .

========================================================================
Received Import Request.
  Time since last request: 1.394471 seconds.
  path: Assets/Gizmos/Cinemachine/cm_logo_lg.png
  artifactKey: Guid(733cd14494e010540b532e8956c3ae02) Importer(815301076,1909f56bfc062723c751e8b465ee728b)
Start importing Assets/Gizmos/Cinemachine/cm_logo_lg.png using Guid(733cd14494e010540b532e8956c3ae02) Importer(815301076,1909f56bfc062723c751e8b465ee728b)  -> (artifact id: '5e9da8fc4aaaa828a748f617dc4b0d49') in 0.016585 seconds 
  Import took 0.024178 seconds .

========================================================================
Received Import Request.
  Time since last request: 0.020119 seconds.
  path: Assets/Gizmos/Cinemachine/cm_logo_lg.png
  artifactKey: Guid(733cd14494e010540b532e8956c3ae02) Importer(815301076,1909f56bfc062723c751e8b465ee728b)
Start importing Assets/Gizmos/Cinemachine/cm_logo_lg.png using Guid(733cd14494e010540b532e8956c3ae02) Importer(815301076,1909f56bfc062723c751e8b465ee728b)  -> (artifact id: '5e9da8fc4aaaa828a748f617dc4b0d49') in 0.006653 seconds 
  Import took 0.013931 seconds .

========================================================================
Received Import Request.
  Time since last request: 36.802200 seconds.
  path: Assets/_Backyard Boxers/Scenes/Environment Selection/Environment Selection.unity
  artifactKey: Guid(c2deac0a3adc6b54395262a0822b5298) Importer(815301076,1909f56bfc062723c751e8b465ee728b)
Start importing Assets/_Backyard Boxers/Scenes/Environment Selection/Environment Selection.unity using Guid(c2deac0a3adc6b54395262a0822b5298) Importer(815301076,1909f56bfc062723c751e8b465ee728b)  -> (artifact id: 'a0dddeae528590743999224e40f7ffa7') in 0.001734 seconds 
  Import took 0.015933 seconds .

========================================================================
Received Prepare
Refreshing native plugins compatible for Editor in 3.26 ms, found 2 plugins.
Preloading 0 native plugins for Editor in 0.00 ms.
Unloading 14 Unused Serialized files (Serialized files now loaded: 0)
System memory in use before: 131.3 MB.
System memory in use after: 131.5 MB.

Unloading 16 unused Assets to reduce memory usage. Loaded Objects now: 4792.
Total: 5.046800 ms (FindLiveObjects: 0.405800 ms CreateObjectMapping: 0.227400 ms MarkObjects: 4.369800 ms  DeleteObjects: 0.042900 ms)

AssetImportParameters requested are different than current active one (requested -> active):
  requireTextureImportCompression: false -> true
  custom:framework-win-MediaFoundation: 216162199b28c13a410421893ffa2e32 -> 
  custom:video-decoder-ogg-theora: a1e56fd34408186e4bbccfd4996cb3dc -> 
  custom:container-muxer-webm: aa71ff27fc2769a1b78a27578f13a17b -> 
  custom:container-demuxer-webm: 4f35f7cbe854078d1ac9338744f61a02 -> 
  custom:container-demuxer-ogg: 62fdf1f143b41e24485cea50d1cbac27 -> 
  custom:video-encoder-webm-vp8: eb34c28f22e8b96e1ab97ce403110664 -> 
  custom:video-decoder-webm-vp8: 9c59270c3fd7afecdb556c50c9e8de78 -> 
  custom:audio-decoder-ogg-vorbis: bf7c407c2cedff20999df2af8eb42d56 -> 
  custom:audio-encoder-webm-vorbis: bf7c407c2cedff20999df2af8eb42d56 -> 
========================================================================
Received Prepare
Registering precompiled user dll's ...
Registered in 0.004218 seconds.
Begin MonoManager ReloadAssembly
Native extension for WindowsStandalone target not found
Refreshing native plugins compatible for Editor in 1.06 ms, found 2 plugins.
Preloading 0 native plugins for Editor in 0.00 ms.
Mono: successfully reloaded assembly
- Completed reload, in  2.690 seconds
Domain Reload Profiling:
	ReloadAssembly (2691ms)
		BeginReloadAssembly (151ms)
			ExecutionOrderSort (0ms)
			DisableScriptedObjects (8ms)
			BackupInstance (0ms)
			ReleaseScriptingObjects (0ms)
			CreateAndSetChildDomain (65ms)
		EndReloadAssembly (2485ms)
			LoadAssemblies (96ms)
			RebuildTransferFunctionScriptingTraits (0ms)
			SetupTypeCache (323ms)
			ReleaseScriptCaches (1ms)
			RebuildScriptCaches (61ms)
			SetupLoadedEditorAssemblies (1821ms)
				LogAssemblyErrors (0ms)
				InitializePlatformSupportModulesInManaged (6ms)
				SetLoadedEditorAssemblies (0ms)
				RefreshPlugins (1ms)
				BeforeProcessingInitializeOnLoad (111ms)
				ProcessInitializeOnLoadAttributes (1630ms)
				ProcessInitializeOnLoadMethodAttributes (71ms)
				AfterProcessingInitializeOnLoad (2ms)
				EditorAssembliesLoaded (0ms)
			ExecutionOrderSort2 (0ms)
			AwakeInstancesAfterBackupRestoration (46ms)
Platform modules already initialized, skipping
Refreshing native plugins compatible for Editor in 1.04 ms, found 2 plugins.
Preloading 0 native plugins for Editor in 0.00 ms.
Unloading 4035 Unused Serialized files (Serialized files now loaded: 0)
System memory in use before: 209.0 MB.
System memory in use after: 209.2 MB.

Unloading 35 unused Assets to reduce memory usage. Loaded Objects now: 4749.
Total: 3.832400 ms (FindLiveObjects: 0.370100 ms CreateObjectMapping: 0.209900 ms MarkObjects: 3.125600 ms  DeleteObjects: 0.125800 ms)

AssetImportParameters requested are different than current active one (requested -> active):
  requireTextureImportCompression: false -> true
  custom:framework-win-MediaFoundation: 216162199b28c13a410421893ffa2e32 -> 
  custom:video-decoder-ogg-theora: a1e56fd34408186e4bbccfd4996cb3dc -> 
  custom:container-muxer-webm: aa71ff27fc2769a1b78a27578f13a17b -> 
  custom:container-demuxer-webm: 4f35f7cbe854078d1ac9338744f61a02 -> 
  custom:container-demuxer-ogg: 62fdf1f143b41e24485cea50d1cbac27 -> 
  custom:video-encoder-webm-vp8: eb34c28f22e8b96e1ab97ce403110664 -> 
  custom:video-decoder-webm-vp8: 9c59270c3fd7afecdb556c50c9e8de78 -> 
  custom:audio-decoder-ogg-vorbis: bf7c407c2cedff20999df2af8eb42d56 -> 
  custom:audio-encoder-webm-vorbis: bf7c407c2cedff20999df2af8eb42d56 -> 
========================================================================
Received Import Request.
  Time since last request: 252.081305 seconds.
  path: Assets/TextMesh Pro/Shaders/TMPro.cginc
  artifactKey: Guid(407bc68d299748449bbf7f48ee690f8d) Importer(815301076,1909f56bfc062723c751e8b465ee728b)
Start importing Assets/TextMesh Pro/Shaders/TMPro.cginc using Guid(407bc68d299748449bbf7f48ee690f8d) Importer(815301076,1909f56bfc062723c751e8b465ee728b)  -> (artifact id: 'a45d37de8e811423f68066601e3448f0') in 0.081708 seconds 
  Import took 0.090880 seconds .

========================================================================
Received Import Request.
  Time since last request: 4.070851 seconds.
  path: Assets/TextMesh Pro/Shaders
  artifactKey: Guid(e9f693669af91aa45ad615fc681ed29f) Importer(815301076,1909f56bfc062723c751e8b465ee728b)
Start importing Assets/TextMesh Pro/Shaders using Guid(e9f693669af91aa45ad615fc681ed29f) Importer(815301076,1909f56bfc062723c751e8b465ee728b)  -> (artifact id: '486066d15e4e2d1f404625b357b63227') in 0.001710 seconds 
  Import took 0.008839 seconds .

========================================================================
Received Import Request.
  Time since last request: 1.722719 seconds.
  path: Assets/TextMesh Pro/Resources
  artifactKey: Guid(243e06394e614e5d99fab26083b707fa) Importer(815301076,1909f56bfc062723c751e8b465ee728b)
Start importing Assets/TextMesh Pro/Resources using Guid(243e06394e614e5d99fab26083b707fa) Importer(815301076,1909f56bfc062723c751e8b465ee728b)  -> (artifact id: '0df7051f5b12f3f69d646d60f9166c36') in 0.006314 seconds 
  Import took 0.013488 seconds .

========================================================================
Received Import Request.
  Time since last request: 2.199073 seconds.
  path: Assets/TextMesh Pro/Examples & Extras
  artifactKey: Guid(ce51c8e33b734b4db6086586558c53a3) Importer(815301076,1909f56bfc062723c751e8b465ee728b)
Start importing Assets/TextMesh Pro/Examples & Extras using Guid(ce51c8e33b734b4db6086586558c53a3) Importer(815301076,1909f56bfc062723c751e8b465ee728b)  -> (artifact id: '3e3cf4d2f68a1ab192bd0aaafbdee761') in 0.002102 seconds 
  Import took 0.014047 seconds .

========================================================================
Received Import Request.
  Time since last request: 0.406732 seconds.
  path: Assets/TextMesh Pro/Documentation
  artifactKey: Guid(8e7e8f5a82a3a134e91c54efd2274ea9) Importer(815301076,1909f56bfc062723c751e8b465ee728b)
Start importing Assets/TextMesh Pro/Documentation using Guid(8e7e8f5a82a3a134e91c54efd2274ea9) Importer(815301076,1909f56bfc062723c751e8b465ee728b)  -> (artifact id: '7f5aa99e36510f23d626084d8be9669f') in 0.006179 seconds 
  Import took 0.013185 seconds .

========================================================================
Received Import Request.
  Time since last request: 1.694998 seconds.
  path: Assets/TextMesh Pro/Examples & Extras/Fonts
  artifactKey: Guid(b63e0053080646b9819789bf3bf9fa17) Importer(815301076,1909f56bfc062723c751e8b465ee728b)
Start importing Assets/TextMesh Pro/Examples & Extras/Fonts using Guid(b63e0053080646b9819789bf3bf9fa17) Importer(815301076,1909f56bfc062723c751e8b465ee728b)  -> (artifact id: '0438bf6cd03601537939cd04c15a122c') in 0.001193 seconds 
  Import took 0.008975 seconds .

========================================================================
Received Import Request.
  Time since last request: 0.177646 seconds.
  path: Assets/TextMesh Pro/Examples & Extras/Materials
  artifactKey: Guid(5808953df7a24274a851aa6dee52d30e) Importer(815301076,1909f56bfc062723c751e8b465ee728b)
Start importing Assets/TextMesh Pro/Examples & Extras/Materials using Guid(5808953df7a24274a851aa6dee52d30e) Importer(815301076,1909f56bfc062723c751e8b465ee728b)  -> (artifact id: 'b002bb5efa77354502834f223bdc58ea') in 0.001285 seconds 
  Import took 0.008894 seconds .

========================================================================
Received Import Request.
  Time since last request: 8.224701 seconds.
  path: Assets/TextMesh Pro/Resources/Fonts & Materials
  artifactKey: Guid(731f1baa9d144a9897cb1d341c2092b8) Importer(815301076,1909f56bfc062723c751e8b465ee728b)
Start importing Assets/TextMesh Pro/Resources/Fonts & Materials using Guid(731f1baa9d144a9897cb1d341c2092b8) Importer(815301076,1909f56bfc062723c751e8b465ee728b)  -> (artifact id: 'cbd6dcea75119183330fd0c84a35eed7') in 0.001272 seconds 
  Import took 0.013569 seconds .

========================================================================
Received Import Request.
  Time since last request: 2.785411 seconds.
  path: Assets/TextMesh Pro/Resources/Sprite Assets
  artifactKey: Guid(512a49d95c0c4332bdd98131869c23c9) Importer(815301076,1909f56bfc062723c751e8b465ee728b)
Start importing Assets/TextMesh Pro/Resources/Sprite Assets using Guid(512a49d95c0c4332bdd98131869c23c9) Importer(815301076,1909f56bfc062723c751e8b465ee728b)  -> (artifact id: 'b31814b8e9a6a2d42a48cf87797f0e5e') in 0.001268 seconds 
  Import took 0.013225 seconds .

========================================================================
Received Import Request.
  Time since last request: 1.163137 seconds.
  path: Assets/TextMesh Pro/Resources/Style Sheets
  artifactKey: Guid(4aecb92fff08436c8303b10eab8da368) Importer(815301076,1909f56bfc062723c751e8b465ee728b)
Start importing Assets/TextMesh Pro/Resources/Style Sheets using Guid(4aecb92fff08436c8303b10eab8da368) Importer(815301076,1909f56bfc062723c751e8b465ee728b)  -> (artifact id: '8eb160d1f2f0150837d5eca199ae2098') in 0.001235 seconds 
  Import took 0.008722 seconds .

========================================================================
Received Import Request.
  Time since last request: 0.001035 seconds.
  path: Assets/TextMesh Pro/Resources/Style Sheets
  artifactKey: Guid(4aecb92fff08436c8303b10eab8da368) Importer(815301076,1909f56bfc062723c751e8b465ee728b)
Start importing Assets/TextMesh Pro/Resources/Style Sheets using Guid(4aecb92fff08436c8303b10eab8da368) Importer(815301076,1909f56bfc062723c751e8b465ee728b)  -> (artifact id: '8eb160d1f2f0150837d5eca199ae2098') in 0.001350 seconds 
  Import took 0.009470 seconds .

========================================================================
Received Import Request.
  Time since last request: 3.056449 seconds.
  path: Assets/TextMesh Pro/Sprites
  artifactKey: Guid(d0603b6d5186471b96c778c3949c7ce2) Importer(815301076,1909f56bfc062723c751e8b465ee728b)
Start importing Assets/TextMesh Pro/Sprites using Guid(d0603b6d5186471b96c778c3949c7ce2) Importer(815301076,1909f56bfc062723c751e8b465ee728b)  -> (artifact id: 'c825b4ecabc52a724fdd8944d5209777') in 0.001372 seconds 
  Import took 0.013766 seconds .

========================================================================
Received Import Request.
  Time since last request: 59.367120 seconds.
  path: Assets/TextMesh Pro/Examples & Extras/Resources/Fonts & Materials/Bangers SDF.asset
  artifactKey: Guid(125cb55b44b24c4393181402bc6200e6) Importer(815301076,1909f56bfc062723c751e8b465ee728b)
Start importing Assets/TextMesh Pro/Examples & Extras/Resources/Fonts & Materials/Bangers SDF.asset using Guid(125cb55b44b24c4393181402bc6200e6) Importer(815301076,1909f56bfc062723c751e8b465ee728b)  -> (artifact id: '36df7d4f14415b7b00c21f551ed7fc24') in 0.207634 seconds 
  Import took 0.215346 seconds .

========================================================================
Received Import Request.
  Time since last request: 18.085249 seconds.
  path: Assets/TextMesh Pro/Examples & Extras/Resources/Fonts & Materials/Bangers SDF 1.asset
  artifactKey: Guid(12a284cb5aec1be42a7c9487bce325fb) Importer(815301076,1909f56bfc062723c751e8b465ee728b)
Start importing Assets/TextMesh Pro/Examples & Extras/Resources/Fonts & Materials/Bangers SDF 1.asset using Guid(12a284cb5aec1be42a7c9487bce325fb) Importer(815301076,1909f56bfc062723c751e8b465ee728b)  -> (artifact id: '9f482f99d237202a9910f4637755e65f') in 0.031478 seconds 
  Import took 0.039246 seconds .

========================================================================
Received Import Request.
  Time since last request: 0.002063 seconds.
  path: Assets/TextMesh Pro/Examples & Extras/Resources/Fonts & Materials/Bangers SDF 1.asset
  artifactKey: Guid(12a284cb5aec1be42a7c9487bce325fb) Importer(815301076,1909f56bfc062723c751e8b465ee728b)
Start importing Assets/TextMesh Pro/Examples & Extras/Resources/Fonts & Materials/Bangers SDF 1.asset using Guid(12a284cb5aec1be42a7c9487bce325fb) Importer(815301076,1909f56bfc062723c751e8b465ee728b)  -> (artifact id: '9f482f99d237202a9910f4637755e65f') in 0.034709 seconds 
  Import took 0.042027 seconds .

========================================================================
Received Import Request.
  Time since last request: 10.858536 seconds.
  path: Assets/TextMesh Pro/Examples & Extras/Textures/Gradient Diagonal (Color).jpg
  artifactKey: Guid(2ce5c55e85304b819a1826ecbc839aa5) Importer(815301076,1909f56bfc062723c751e8b465ee728b)
Start importing Assets/TextMesh Pro/Examples & Extras/Textures/Gradient Diagonal (Color).jpg using Guid(2ce5c55e85304b819a1826ecbc839aa5) Importer(815301076,1909f56bfc062723c751e8b465ee728b)  -> (artifact id: '2a56eff9c873ab3f0c8e05cf45773032') in 0.013351 seconds 
  Import took 0.021416 seconds .

========================================================================
Received Import Request.
  Time since last request: 0.003703 seconds.
  path: Assets/TextMesh Pro/Examples & Extras/Textures/Gradient Diagonal (Color).jpg
  artifactKey: Guid(2ce5c55e85304b819a1826ecbc839aa5) Importer(815301076,1909f56bfc062723c751e8b465ee728b)
Start importing Assets/TextMesh Pro/Examples & Extras/Textures/Gradient Diagonal (Color).jpg using Guid(2ce5c55e85304b819a1826ecbc839aa5) Importer(815301076,1909f56bfc062723c751e8b465ee728b)  -> (artifact id: '2a56eff9c873ab3f0c8e05cf45773032') in 0.007953 seconds 
  Import took 0.015161 seconds .

========================================================================
Received Import Request.
  Time since last request: 0.319893 seconds.
  path: Assets/TextMesh Pro/Examples & Extras/Textures/Floor Cement.jpg
  artifactKey: Guid(283f897e4925411ebbaa758b4cb13fc2) Importer(815301076,1909f56bfc062723c751e8b465ee728b)
Start importing Assets/TextMesh Pro/Examples & Extras/Textures/Floor Cement.jpg using Guid(283f897e4925411ebbaa758b4cb13fc2) Importer(815301076,1909f56bfc062723c751e8b465ee728b)  -> (artifact id: '081414d246f3814a762a670c8f8cc029') in 0.008914 seconds 
  Import took 0.016426 seconds .

========================================================================
Received Import Request.
  Time since last request: 0.000253 seconds.
  path: Assets/TextMesh Pro/Examples & Extras/Textures/Fruit Jelly (B&W).jpg
  artifactKey: Guid(1cdc5b506b1a4a33a53c30669ced1f51) Importer(815301076,1909f56bfc062723c751e8b465ee728b)
Start importing Assets/TextMesh Pro/Examples & Extras/Textures/Fruit Jelly (B&W).jpg using Guid(1cdc5b506b1a4a33a53c30669ced1f51) Importer(815301076,1909f56bfc062723c751e8b465ee728b)  -> (artifact id: '99e96141125f18976b702da2ff98408e') in 0.006683 seconds 
  Import took 0.014469 seconds .

========================================================================
Received Import Request.
  Time since last request: 0.204351 seconds.
  path: Assets/TextMesh Pro/Examples & Extras/Resources/Fonts & Materials/Bangers SDF.asset
  artifactKey: Guid(125cb55b44b24c4393181402bc6200e6) Importer(815301076,1909f56bfc062723c751e8b465ee728b)
Start importing Assets/TextMesh Pro/Examples & Extras/Resources/Fonts & Materials/Bangers SDF.asset using Guid(125cb55b44b24c4393181402bc6200e6) Importer(815301076,1909f56bfc062723c751e8b465ee728b)  -> (artifact id: 'bfa457b39e9cf8d69a6fbdb6470b2b38') in 0.027970 seconds 
  Import took 0.035080 seconds .

========================================================================
Received Import Request.
  Time since last request: 0.000548 seconds.
  path: Assets/TextMesh Pro/Examples & Extras/Resources/Fonts & Materials/Bangers SDF.asset
  artifactKey: Guid(125cb55b44b24c4393181402bc6200e6) Importer(815301076,1909f56bfc062723c751e8b465ee728b)
Start importing Assets/TextMesh Pro/Examples & Extras/Resources/Fonts & Materials/Bangers SDF.asset using Guid(125cb55b44b24c4393181402bc6200e6) Importer(815301076,1909f56bfc062723c751e8b465ee728b)  -> (artifact id: 'bfa457b39e9cf8d69a6fbdb6470b2b38') in 0.034712 seconds 
  Import took 0.041202 seconds .

========================================================================
Received Import Request.
  Time since last request: 4.061191 seconds.
  path: Assets/TextMesh Pro/Examples & Extras/Resources/Fonts & Materials/Bangers SDF UGUI.asset
  artifactKey: Guid(125cb55b44b24c4393181402bc6200e6) Importer(815301076,1909f56bfc062723c751e8b465ee728b)
Start importing Assets/TextMesh Pro/Examples & Extras/Resources/Fonts & Materials/Bangers SDF UGUI.asset using Guid(125cb55b44b24c4393181402bc6200e6) Importer(815301076,1909f56bfc062723c751e8b465ee728b)  -> (artifact id: 'cc1a3d8b668fa247343d6385f8a75960') in 0.048246 seconds 
  Import took 0.056501 seconds .

========================================================================
Received Import Request.
  Time since last request: 11.157044 seconds.
  path: Assets/TextMesh Pro/Examples & Extras/Resources/Fonts & Materials/Bangers SDF NonUGUI.asset
  artifactKey: Guid(12a284cb5aec1be42a7c9487bce325fb) Importer(815301076,1909f56bfc062723c751e8b465ee728b)
Start importing Assets/TextMesh Pro/Examples & Extras/Resources/Fonts & Materials/Bangers SDF NonUGUI.asset using Guid(12a284cb5aec1be42a7c9487bce325fb) Importer(815301076,1909f56bfc062723c751e8b465ee728b)  -> (artifact id: '5d74de2527be7daba6d815b78ce14172') in 0.031476 seconds 
  Import took 0.039225 seconds .

========================================================================
Received Import Request.
  Time since last request: 5.593896 seconds.
  path: Assets/BoxingGymPack/Materials/Barrel_Bag/1/Barrel_Bag_M1.mat
  artifactKey: Guid(6e24c2236f9bfe343b71633f8d503161) Importer(815301076,1909f56bfc062723c751e8b465ee728b)
Start importing Assets/BoxingGymPack/Materials/Barrel_Bag/1/Barrel_Bag_M1.mat using Guid(6e24c2236f9bfe343b71633f8d503161) Importer(815301076,1909f56bfc062723c751e8b465ee728b)  -> (artifact id: 'a5ae3f88f1dead5f12e658ef67d9fe15') in 0.328240 seconds 
  Import took 0.339803 seconds .

========================================================================
Received Import Request.
  Time since last request: 0.000302 seconds.
  path: Assets/BoxingGymPack/Materials/Barrel_Bag/2/Barrel_Bag_M2.mat
  artifactKey: Guid(21d1d149ac29c504986ac0ca88bedbf6) Importer(815301076,1909f56bfc062723c751e8b465ee728b)
Start importing Assets/BoxingGymPack/Materials/Barrel_Bag/2/Barrel_Bag_M2.mat using Guid(21d1d149ac29c504986ac0ca88bedbf6) Importer(815301076,1909f56bfc062723c751e8b465ee728b)  -> (artifact id: '5151f7bed60f668160ad29ac5f161bf4') in 0.231737 seconds 
  Import took 0.243160 seconds .

========================================================================
Received Import Request.
  Time since last request: 0.000229 seconds.
  path: Assets/BoxingGymPack/Materials/Barrel_Bag/1/Barrel_Bag_M1.mat
  artifactKey: Guid(6e24c2236f9bfe343b71633f8d503161) Importer(815301076,1909f56bfc062723c751e8b465ee728b)
Start importing Assets/BoxingGymPack/Materials/Barrel_Bag/1/Barrel_Bag_M1.mat using Guid(6e24c2236f9bfe343b71633f8d503161) Importer(815301076,1909f56bfc062723c751e8b465ee728b)  -> (artifact id: 'a5ae3f88f1dead5f12e658ef67d9fe15') in 0.074582 seconds 
  Import took 0.085241 seconds .

========================================================================
Received Import Request.
  Time since last request: 0.000208 seconds.
  path: Assets/BoxingGymPack/Materials/Bricks/Bricks_M.mat
  artifactKey: Guid(cae1910455efaaa42997759b3a27ea6f) Importer(815301076,1909f56bfc062723c751e8b465ee728b)
Start importing Assets/BoxingGymPack/Materials/Bricks/Bricks_M.mat using Guid(cae1910455efaaa42997759b3a27ea6f) Importer(815301076,1909f56bfc062723c751e8b465ee728b)  -> (artifact id: '329f00a2c975d51a594999eb560fcf86') in 0.329570 seconds 
  Import took 0.342022 seconds .

========================================================================
Received Import Request.
  Time since last request: 0.000191 seconds.
  path: Assets/BoxingGymPack/Materials/Bench/Bench_M.mat
  artifactKey: Guid(10643f1c81ee08f41bd274afd6c7ce39) Importer(815301076,1909f56bfc062723c751e8b465ee728b)
Start importing Assets/BoxingGymPack/Materials/Bench/Bench_M.mat using Guid(10643f1c81ee08f41bd274afd6c7ce39) Importer(815301076,1909f56bfc062723c751e8b465ee728b)  -> (artifact id: '56f4a950b872a3153101cedaecef15fb') in 0.196333 seconds 
  Import took 0.206333 seconds .

========================================================================
Received Import Request.
  Time since last request: 0.000232 seconds.
  path: Assets/BoxingGymPack/Materials/Barrel_Bag/3/Barrel_Bag_M3.mat
  artifactKey: Guid(226a005a1c4b9974e8a7ee34efe8a3db) Importer(815301076,1909f56bfc062723c751e8b465ee728b)
Start importing Assets/BoxingGymPack/Materials/Barrel_Bag/3/Barrel_Bag_M3.mat using Guid(226a005a1c4b9974e8a7ee34efe8a3db) Importer(815301076,1909f56bfc062723c751e8b465ee728b)  -> (artifact id: '028e260886319313cd5920477ec026e2') in 0.210900 seconds 
  Import took 0.222001 seconds .

========================================================================
Received Import Request.
  Time since last request: 0.000232 seconds.
  path: Assets/BoxingGymPack/Materials/Bricks/Bricks_M_Untiled_Example.mat
  artifactKey: Guid(214db82badaa2324a971346cf7d1bdea) Importer(815301076,1909f56bfc062723c751e8b465ee728b)
Start importing Assets/BoxingGymPack/Materials/Bricks/Bricks_M_Untiled_Example.mat using Guid(214db82badaa2324a971346cf7d1bdea) Importer(815301076,1909f56bfc062723c751e8b465ee728b)  -> (artifact id: '08604bcadbc3bb783382e4a30c677865') in 0.094662 seconds 
  Import took 0.106664 seconds .

========================================================================
Received Import Request.
  Time since last request: 0.000211 seconds.
  path: Assets/BoxingGymPack/Materials/Bottle/Bottle_M.mat
  artifactKey: Guid(c4c2773448230a34db2d9c573cd9e3a0) Importer(815301076,1909f56bfc062723c751e8b465ee728b)
Start importing Assets/BoxingGymPack/Materials/Bottle/Bottle_M.mat using Guid(c4c2773448230a34db2d9c573cd9e3a0) Importer(815301076,1909f56bfc062723c751e8b465ee728b)  -> (artifact id: 'b7a524dab686ece386ff8bdf60b04d80') in 0.077222 seconds 
  Import took 0.084878 seconds .

========================================================================
Received Import Request.
  Time since last request: 130.609777 seconds.
  path: Assets/BoxingGymPack/Materials/Uppercut_Bag/1/Uppercut_Bag_M1.mat
  artifactKey: Guid(87851e2397eca834aac7a5bb517aa7bf) Importer(815301076,1909f56bfc062723c751e8b465ee728b)
Start importing Assets/BoxingGymPack/Materials/Uppercut_Bag/1/Uppercut_Bag_M1.mat using Guid(87851e2397eca834aac7a5bb517aa7bf) Importer(815301076,1909f56bfc062723c751e8b465ee728b)  -> (artifact id: '5dd51a5649fc9156910bb0453dd197e2') in 0.316949 seconds 
  Import took 0.328120 seconds .

========================================================================
Received Import Request.
  Time since last request: 0.000288 seconds.
  path: Assets/BoxingGymPack/PostProcessing/Utilities/CustomMotionTexture/Materials/WheelMotionVectors.mat
  artifactKey: Guid(055f7217f136349d9b68e82b9e987dae) Importer(815301076,1909f56bfc062723c751e8b465ee728b)
Start importing Assets/BoxingGymPack/PostProcessing/Utilities/CustomMotionTexture/Materials/WheelMotionVectors.mat using Guid(055f7217f136349d9b68e82b9e987dae) Importer(815301076,1909f56bfc062723c751e8b465ee728b)  -> (artifact id: 'cc4b74010fd985d3882dea9dcf229a39') in 0.019336 seconds 
  Import took 0.026409 seconds .

========================================================================
Received Import Request.
  Time since last request: 0.000256 seconds.
  path: Assets/BoxingGymPack/Materials/Uppercut_Bag/1/Uppercut_Bag_M1.mat
  artifactKey: Guid(87851e2397eca834aac7a5bb517aa7bf) Importer(815301076,1909f56bfc062723c751e8b465ee728b)
Start importing Assets/BoxingGymPack/Materials/Uppercut_Bag/1/Uppercut_Bag_M1.mat using Guid(87851e2397eca834aac7a5bb517aa7bf) Importer(815301076,1909f56bfc062723c751e8b465ee728b)  -> (artifact id: '5dd51a5649fc9156910bb0453dd197e2') in 0.072135 seconds 
  Import took 0.082452 seconds .

========================================================================
Received Import Request.
  Time since last request: 0.000273 seconds.
  path: Assets/BoxingGymPack/PostProcessing/Utilities/CustomMotionTexture/Materials/UVChecker.mat
  artifactKey: Guid(944463113244f4bf8b05c1757cd838a4) Importer(815301076,1909f56bfc062723c751e8b465ee728b)
Start importing Assets/BoxingGymPack/PostProcessing/Utilities/CustomMotionTexture/Materials/UVChecker.mat using Guid(944463113244f4bf8b05c1757cd838a4) Importer(815301076,1909f56bfc062723c751e8b465ee728b)  -> (artifact id: '79aada6e649ea678a3e12c1b170e412d') in 0.030005 seconds 
  Import took 0.037429 seconds .

========================================================================
Received Import Request.
  Time since last request: 0.000310 seconds.
  path: Assets/BoxingGymPack/Materials/Uppercut_Bag/2/Uppercut_Bag_M2.mat
  artifactKey: Guid(d367b7cb257ee1e478e648a11f6ebe17) Importer(815301076,1909f56bfc062723c751e8b465ee728b)
Start importing Assets/BoxingGymPack/Materials/Uppercut_Bag/2/Uppercut_Bag_M2.mat using Guid(d367b7cb257ee1e478e648a11f6ebe17) Importer(815301076,1909f56bfc062723c751e8b465ee728b)  -> (artifact id: 'd854114fbbf97fb3fc18a24e41e4ac14') in 0.211013 seconds 
  Import took 0.222580 seconds .

========================================================================
Received Import Request.
  Time since last request: 29.802507 seconds.
  path: Assets/TextMesh Pro/Examples & Extras/Materials/Small Crate_diffuse.mat
  artifactKey: Guid(22262639920f43d6be32430e4e58350d) Importer(815301076,1909f56bfc062723c751e8b465ee728b)
Start importing Assets/TextMesh Pro/Examples & Extras/Materials/Small Crate_diffuse.mat using Guid(22262639920f43d6be32430e4e58350d) Importer(815301076,1909f56bfc062723c751e8b465ee728b)  -> (artifact id: '38b79cb00675b028b2a30f0ea79d6ca0') in 0.026151 seconds 
  Import took 0.033649 seconds .

========================================================================
Received Import Request.
  Time since last request: 0.572959 seconds.
  path: Assets/TextMesh Pro/Examples & Extras/Materials/Ground - Logo Scene.mat
  artifactKey: Guid(c719e38f25a9480abd2480ab621a2949) Importer(815301076,1909f56bfc062723c751e8b465ee728b)
Start importing Assets/TextMesh Pro/Examples & Extras/Materials/Ground - Logo Scene.mat using Guid(c719e38f25a9480abd2480ab621a2949) Importer(815301076,1909f56bfc062723c751e8b465ee728b)  -> (artifact id: '3e3f31c1f3bbaf9e1b50fa55fcd192be') in 0.011443 seconds 
  Import took 0.019025 seconds .

========================================================================
Received Import Request.
  Time since last request: 0.000357 seconds.
  path: Assets/TextMesh Pro/Examples & Extras/Materials/Ground - Surface Shader Scene.mat
  artifactKey: Guid(aadd5a709a48466c887296bb5b1b8110) Importer(815301076,1909f56bfc062723c751e8b465ee728b)
Start importing Assets/TextMesh Pro/Examples & Extras/Materials/Ground - Surface Shader Scene.mat using Guid(aadd5a709a48466c887296bb5b1b8110) Importer(815301076,1909f56bfc062723c751e8b465ee728b)  -> (artifact id: '7ae39f4b3fed73067fc20f3d9fa75641') in 0.011580 seconds 
  Import took 0.020676 seconds .

========================================================================
Received Import Request.
  Time since last request: 0.000249 seconds.
  path: Assets/TextMesh Pro/Examples & Extras/Materials/Ground - Logo Scene.mat
  artifactKey: Guid(c719e38f25a9480abd2480ab621a2949) Importer(815301076,1909f56bfc062723c751e8b465ee728b)
Start importing Assets/TextMesh Pro/Examples & Extras/Materials/Ground - Logo Scene.mat using Guid(c719e38f25a9480abd2480ab621a2949) Importer(815301076,1909f56bfc062723c751e8b465ee728b)  -> (artifact id: '3e3f31c1f3bbaf9e1b50fa55fcd192be') in 0.011850 seconds 
  Import took 0.019080 seconds .

========================================================================
Received Import Request.
  Time since last request: 0.125003 seconds.
  path: Assets/TextMesh Pro/Examples & Extras/Materials/Ground - Surface Shader Scene.mat
  artifactKey: Guid(aadd5a709a48466c887296bb5b1b8110) Importer(815301076,1909f56bfc062723c751e8b465ee728b)
Start importing Assets/TextMesh Pro/Examples & Extras/Materials/Ground - Surface Shader Scene.mat using Guid(aadd5a709a48466c887296bb5b1b8110) Importer(815301076,1909f56bfc062723c751e8b465ee728b)  -> (artifact id: '7ae39f4b3fed73067fc20f3d9fa75641') in 0.008675 seconds 
  Import took 0.016862 seconds .

========================================================================
Received Import Request.
  Time since last request: 0.580436 seconds.
  path: Assets/TextMesh Pro/Examples & Extras/Materials/Crate - Surface Shader Scene.mat
  artifactKey: Guid(e6b9b44320f4448d9d5e0ee634259966) Importer(815301076,1909f56bfc062723c751e8b465ee728b)
Start importing Assets/TextMesh Pro/Examples & Extras/Materials/Crate - Surface Shader Scene.mat using Guid(e6b9b44320f4448d9d5e0ee634259966) Importer(815301076,1909f56bfc062723c751e8b465ee728b)  -> (artifact id: '5e8fa1c9db2265530f918102deda65eb') in 0.010314 seconds 
  Import took 0.018147 seconds .

========================================================================
Received Import Request.
  Time since last request: 0.081299 seconds.
  path: Assets/SkySerie Freebie/CloudedSunGlow GYM.mat
  artifactKey: Guid(955ce225495b26a4588ac83660855628) Importer(815301076,1909f56bfc062723c751e8b465ee728b)
Start importing Assets/SkySerie Freebie/CloudedSunGlow GYM.mat using Guid(955ce225495b26a4588ac83660855628) Importer(815301076,1909f56bfc062723c751e8b465ee728b)  -> (artifact id: '75d376784df25e353197eafa63f964a7') in 0.038610 seconds 
  Import took 0.048583 seconds .

========================================================================
Received Import Request.
  Time since last request: 0.080845 seconds.
  path: Assets/BoxingGymPack/Materials/Air_Vents/Air_Vents_M.mat
  artifactKey: Guid(881cc5ce131c66d4f995617d9ab70546) Importer(815301076,1909f56bfc062723c751e8b465ee728b)
Start importing Assets/BoxingGymPack/Materials/Air_Vents/Air_Vents_M.mat using Guid(881cc5ce131c66d4f995617d9ab70546) Importer(815301076,1909f56bfc062723c751e8b465ee728b)  -> (artifact id: '1de4bfc848d188d26f4f016037822b46') in 0.072380 seconds 
  Import took 0.082102 seconds .

========================================================================
Received Prepare
Registering precompiled user dll's ...
Registered in 0.004239 seconds.
Begin MonoManager ReloadAssembly
Native extension for WindowsStandalone target not found
Refreshing native plugins compatible for Editor in 1.03 ms, found 2 plugins.
Preloading 0 native plugins for Editor in 0.00 ms.
Mono: successfully reloaded assembly
- Completed reload, in  2.757 seconds
Domain Reload Profiling:
	ReloadAssembly (2757ms)
		BeginReloadAssembly (165ms)
			ExecutionOrderSort (0ms)
			DisableScriptedObjects (9ms)
			BackupInstance (0ms)
			ReleaseScriptingObjects (0ms)
			CreateAndSetChildDomain (74ms)
		EndReloadAssembly (2537ms)
			LoadAssemblies (100ms)
			RebuildTransferFunctionScriptingTraits (0ms)
			SetupTypeCache (330ms)
			ReleaseScriptCaches (1ms)
			RebuildScriptCaches (59ms)
			SetupLoadedEditorAssemblies (1878ms)
				LogAssemblyErrors (0ms)
				InitializePlatformSupportModulesInManaged (5ms)
				SetLoadedEditorAssemblies (0ms)
				RefreshPlugins (1ms)
				BeforeProcessingInitializeOnLoad (108ms)
				ProcessInitializeOnLoadAttributes (1679ms)
				ProcessInitializeOnLoadMethodAttributes (82ms)
				AfterProcessingInitializeOnLoad (2ms)
				EditorAssembliesLoaded (0ms)
			ExecutionOrderSort2 (0ms)
			AwakeInstancesAfterBackupRestoration (47ms)
Platform modules already initialized, skipping
Refreshing native plugins compatible for Editor in 1.03 ms, found 2 plugins.
Preloading 0 native plugins for Editor in 0.00 ms.
Unloading 4036 Unused Serialized files (Serialized files now loaded: 0)
System memory in use before: 210.0 MB.
System memory in use after: 210.3 MB.

Unloading 18 unused Assets to reduce memory usage. Loaded Objects now: 4824.
Total: 4.359600 ms (FindLiveObjects: 0.381600 ms CreateObjectMapping: 0.216800 ms MarkObjects: 3.735800 ms  DeleteObjects: 0.024400 ms)

AssetImportParameters requested are different than current active one (requested -> active):
  requireTextureImportCompression: false -> true
  custom:framework-win-MediaFoundation: 216162199b28c13a410421893ffa2e32 -> 
  custom:video-decoder-ogg-theora: a1e56fd34408186e4bbccfd4996cb3dc -> 
  custom:container-muxer-webm: aa71ff27fc2769a1b78a27578f13a17b -> 
  custom:container-demuxer-webm: 4f35f7cbe854078d1ac9338744f61a02 -> 
  custom:container-demuxer-ogg: 62fdf1f143b41e24485cea50d1cbac27 -> 
  custom:video-encoder-webm-vp8: eb34c28f22e8b96e1ab97ce403110664 -> 
  custom:video-decoder-webm-vp8: 9c59270c3fd7afecdb556c50c9e8de78 -> 
  custom:audio-decoder-ogg-vorbis: bf7c407c2cedff20999df2af8eb42d56 -> 
  custom:audio-encoder-webm-vorbis: bf7c407c2cedff20999df2af8eb42d56 -> 
AssetImportWorkerClient::OnTransportError - code=2 error=End of file
