Using pre-set license
Built from '2020.3/staging' branch; Version is '2020.3.17f1 (a4537701e4ab) revision 10769271'; Using compiler version '192528614'; Build Type 'Release'
OS: 'Windows 10 Home; OS build 19043.1237; Version 2009; 64bit' Language: 'en' Physical Memory: 16318 MB
BatchMode: 1, IsHumanControllingUs: 0, StartBugReporterOnCrash: 0, Is64bit: 1, IsPro: 0

COMMAND LINE ARGUMENTS:
D:\Unity\Unity Builds\2020.3.17f1\Editor\Unity.exe
-adb2
-batchMode
-noUpm
-name
AssetImportWorker0
-projectPath
D:/Unity/Repos/TippingToast/[production URP] Backyard Boxers
-logFile
Logs/AssetImportWorker0.log
-srvPort
59123
Successfully changed project path to: D:/Unity/Repos/TippingToast/[production URP] Backyard Boxers
D:/Unity/Repos/TippingToast/[production URP] Backyard Boxers
Using Asset Import Pipeline V2.
Refreshing native plugins compatible for Editor in 274.95 ms, found 2 plugins.
Preloading 0 native plugins for Editor in 0.00 ms.
Initialize engine version: 2020.3.17f1 (a4537701e4ab)
[Subsystems] Discovering subsystems at path D:/Unity/Unity Builds/2020.3.17f1/Editor/Data/Resources/UnitySubsystems
[Subsystems] Discovering subsystems at path D:/Unity/Repos/TippingToast/[production URP] Backyard Boxers/Assets
GfxDevice: creating device client; threaded=0
Direct3D:
    Version:  Direct3D 11.0 [level 11.1]
    Renderer: NVIDIA GeForce GTX 1660 Ti (ID=0x2182)
    Vendor:   
    VRAM:     5991 MB
    Driver:   30.0.14.7212
Initialize mono
Mono path[0] = 'D:/Unity/Unity Builds/2020.3.17f1/Editor/Data/Managed'
Mono path[1] = 'D:/Unity/Unity Builds/2020.3.17f1/Editor/Data/MonoBleedingEdge/lib/mono/unityjit'
Mono config path = 'D:/Unity/Unity Builds/2020.3.17f1/Editor/Data/MonoBleedingEdge/etc'
Using monoOptions --debugger-agent=transport=dt_socket,embedding=1,server=y,suspend=n,address=127.0.0.1:56524
Begin MonoManager ReloadAssembly
Registering precompiled unity dll's ...
Register platform support module: D:/Unity/Unity Builds/2020.3.17f1/Editor/Data/PlaybackEngines/WindowsStandaloneSupport/UnityEditor.WindowsStandalone.Extensions.dll
Registered in 0.011417 seconds.
Native extension for WindowsStandalone target not found
Refreshing native plugins compatible for Editor in 184.58 ms, found 2 plugins.
Preloading 0 native plugins for Editor in 0.00 ms.
Mono: successfully reloaded assembly
- Completed reload, in  6.940 seconds
Domain Reload Profiling:
	ReloadAssembly (6940ms)
		BeginReloadAssembly (112ms)
			ExecutionOrderSort (0ms)
			DisableScriptedObjects (0ms)
			BackupInstance (0ms)
			ReleaseScriptingObjects (0ms)
			CreateAndSetChildDomain (1ms)
		EndReloadAssembly (1077ms)
			LoadAssemblies (112ms)
			RebuildTransferFunctionScriptingTraits (0ms)
			SetupTypeCache (386ms)
			ReleaseScriptCaches (0ms)
			RebuildScriptCaches (64ms)
			SetupLoadedEditorAssemblies (449ms)
				LogAssemblyErrors (0ms)
				InitializePlatformSupportModulesInManaged (7ms)
				SetLoadedEditorAssemblies (0ms)
				RefreshPlugins (185ms)
				BeforeProcessingInitializeOnLoad (22ms)
				ProcessInitializeOnLoadAttributes (150ms)
				ProcessInitializeOnLoadMethodAttributes (84ms)
				AfterProcessingInitializeOnLoad (1ms)
				EditorAssembliesLoaded (0ms)
			ExecutionOrderSort2 (0ms)
			AwakeInstancesAfterBackupRestoration (0ms)
Platform modules already initialized, skipping
Registering precompiled user dll's ...
Registered in 0.027541 seconds.
Begin MonoManager ReloadAssembly
Native extension for WindowsStandalone target not found
Refreshing native plugins compatible for Editor in 170.69 ms, found 2 plugins.
Preloading 0 native plugins for Editor in 0.00 ms.
[ScriptCompilation] NOT recompiling all scripts because this is an import worker process. Reason to compile was: Define symbols changed
Refresh completed but there are assets queued up for importing. Check for code that modifies assets which gets called after OnPostProcessAllAssets. Additional details in Log file
UnityEngine.StackTraceUtility:ExtractStackTrace ()
Cinemachine.PostFX.PostFXAutoImport/EditorInitialize:.cctor () (at Assets/Cinemachine/PostFX/Editor/PostFXAutoImport.cs:24)
System.Runtime.CompilerServices.RuntimeHelpers:RunClassConstructor (System.RuntimeTypeHandle)
UnityEditor.EditorAssemblies:ProcessInitializeOnLoadAttributes (System.Type[])

[Assets/Cinemachine/PostFX/Editor/PostFXAutoImport.cs line 24]

Assets queued for import after Refresh completed:
	Assets/Cinemachine/PostFX/CinemachinePostFX.cs
RefreshInfo: StopAssetImportingV2(NoUpdateAssetOptions) scanfilter: 
RefreshProfiler: Total: 0.000ms
Assertion failed on expression: 'm_Ptr'
UnityEngine.StackTraceUtility:ExtractStackTrace ()
Cinemachine.PostFX.PostFXAutoImport/EditorInitialize:.cctor () (at Assets/Cinemachine/PostFX/Editor/PostFXAutoImport.cs:24)
System.Runtime.CompilerServices.RuntimeHelpers:RunClassConstructor (System.RuntimeTypeHandle)
UnityEditor.EditorAssemblies:ProcessInitializeOnLoadAttributes (System.Type[])

[Assets/Cinemachine/PostFX/Editor/PostFXAutoImport.cs line 24]

Mono: successfully reloaded assembly
- Completed reload, in  5.367 seconds
Domain Reload Profiling:
	ReloadAssembly (5368ms)
		BeginReloadAssembly (212ms)
			ExecutionOrderSort (0ms)
			DisableScriptedObjects (17ms)
			BackupInstance (0ms)
			ReleaseScriptingObjects (0ms)
			CreateAndSetChildDomain (31ms)
		EndReloadAssembly (5090ms)
			LoadAssemblies (211ms)
			RebuildTransferFunctionScriptingTraits (0ms)
			SetupTypeCache (560ms)
			ReleaseScriptCaches (1ms)
			RebuildScriptCaches (124ms)
			SetupLoadedEditorAssemblies (4026ms)
				LogAssemblyErrors (0ms)
				InitializePlatformSupportModulesInManaged (11ms)
				SetLoadedEditorAssemblies (0ms)
				RefreshPlugins (171ms)
				BeforeProcessingInitializeOnLoad (131ms)
				ProcessInitializeOnLoadAttributes (3574ms)
				ProcessInitializeOnLoadMethodAttributes (135ms)
				AfterProcessingInitializeOnLoad (3ms)
				EditorAssembliesLoaded (0ms)
			ExecutionOrderSort2 (0ms)
			AwakeInstancesAfterBackupRestoration (11ms)
Platform modules already initialized, skipping
Script is not up to date after domain reload: guid(360979aafebd332448626a2236bafdb4) path("Assets/Cinemachine/PostFX/CinemachinePostFX.cs") state(2)
========================================================================
Worker process is ready to serve import requests
Script is not up to date after domain reload: guid(360979aafebd332448626a2236bafdb4) path("Assets/Cinemachine/PostFX/CinemachinePostFX.cs") state(2)
Launched and connected shader compiler UnityShaderCompiler.exe after 0.20 seconds
Refreshing native plugins compatible for Editor in 1.55 ms, found 2 plugins.
Preloading 0 native plugins for Editor in 0.00 ms.
Unloading 4226 Unused Serialized files (Serialized files now loaded: 0)
System memory in use before: 217.4 MB.
System memory in use after: 217.4 MB.

Unloading 22 unused Assets to reduce memory usage. Loaded Objects now: 4709.
Total: 5.629500 ms (FindLiveObjects: 0.493500 ms CreateObjectMapping: 0.506200 ms MarkObjects: 4.584100 ms  DeleteObjects: 0.044000 ms)

AssetImportParameters requested are different than current active one (requested -> active):
  requireTextureImportCompression: false -> true
  custom:framework-win-MediaFoundation: 216162199b28c13a410421893ffa2e32 -> 
  custom:video-decoder-ogg-theora: a1e56fd34408186e4bbccfd4996cb3dc -> 
  custom:container-muxer-webm: aa71ff27fc2769a1b78a27578f13a17b -> 
  custom:container-demuxer-webm: 4f35f7cbe854078d1ac9338744f61a02 -> 
  custom:container-demuxer-ogg: 62fdf1f143b41e24485cea50d1cbac27 -> 
  custom:video-encoder-webm-vp8: eb34c28f22e8b96e1ab97ce403110664 -> 
  custom:video-decoder-webm-vp8: 9c59270c3fd7afecdb556c50c9e8de78 -> 
  custom:audio-decoder-ogg-vorbis: bf7c407c2cedff20999df2af8eb42d56 -> 
  custom:audio-encoder-webm-vorbis: bf7c407c2cedff20999df2af8eb42d56 -> 
========================================================================
Received Import Request.
  path: Assets/BoxingGymPack/Materials
  artifactKey: Guid(1838a4b365975ee4fa899f311aee5c67) Importer(815301076,1909f56bfc062723c751e8b465ee728b)
Start importing Assets/BoxingGymPack/Materials using Guid(1838a4b365975ee4fa899f311aee5c67) Importer(815301076,1909f56bfc062723c751e8b465ee728b)  -> (artifact id: 'fe15b7cfbc09f7c6766561645c898d7c') in 0.007919 seconds 
  Import took 0.018217 seconds .

========================================================================
Received Import Request.
  Time since last request: 0.000606 seconds.
  path: Assets/BoxingGymPack/Meshes
  artifactKey: Guid(6496169cb197db247a9263ade795b3e4) Importer(815301076,1909f56bfc062723c751e8b465ee728b)
Start importing Assets/BoxingGymPack/Meshes using Guid(6496169cb197db247a9263ade795b3e4) Importer(815301076,1909f56bfc062723c751e8b465ee728b)  -> (artifact id: '9cf7b92b67bec9d6496483cf19f84c3b') in 0.001657 seconds 
  Import took 0.010137 seconds .

========================================================================
Received Import Request.
  Time since last request: 0.000244 seconds.
  path: Assets/BoxingGymPack
  artifactKey: Guid(2a64b14b5dfb72642a63425db1420d1d) Importer(815301076,1909f56bfc062723c751e8b465ee728b)
Start importing Assets/BoxingGymPack using Guid(2a64b14b5dfb72642a63425db1420d1d) Importer(815301076,1909f56bfc062723c751e8b465ee728b)  -> (artifact id: 'fa9c8114beec2e9e40d583c08d5f4c12') in 0.001556 seconds 
  Import took 0.010548 seconds .

========================================================================
Received Import Request.
  Time since last request: 0.000212 seconds.
  path: Assets/BoxingGymPack/Scene/Boxing_Gym_Demo.unity
  artifactKey: Guid(7abd4394e52a43e45be657fb559905c2) Importer(815301076,1909f56bfc062723c751e8b465ee728b)
Start importing Assets/BoxingGymPack/Scene/Boxing_Gym_Demo.unity using Guid(7abd4394e52a43e45be657fb559905c2) Importer(815301076,1909f56bfc062723c751e8b465ee728b)  -> (artifact id: 'f57de0ce9ebd77c72ea5ba3ea0776b81') in 0.012903 seconds 
  Import took 0.021263 seconds .

========================================================================
Received Import Request.
  Time since last request: 0.000237 seconds.
  path: Assets/BoxingGymPack/Scene/Boxing_Gym_Demo
  artifactKey: Guid(37d8354aa10a67c4cb5ad17378b89674) Importer(815301076,1909f56bfc062723c751e8b465ee728b)
Start importing Assets/BoxingGymPack/Scene/Boxing_Gym_Demo using Guid(37d8354aa10a67c4cb5ad17378b89674) Importer(815301076,1909f56bfc062723c751e8b465ee728b)  -> (artifact id: '61e2633f2bcac68a2c62288fb1efa1ef') in 0.001765 seconds 
  Import took 0.011915 seconds .

========================================================================
Received Import Request.
  Time since last request: 0.000223 seconds.
  path: Assets/BoxingGymPack/PostProcessing
  artifactKey: Guid(86bacee43b4eeee4b8dbc56818a347ae) Importer(815301076,1909f56bfc062723c751e8b465ee728b)
Start importing Assets/BoxingGymPack/PostProcessing using Guid(86bacee43b4eeee4b8dbc56818a347ae) Importer(815301076,1909f56bfc062723c751e8b465ee728b)  -> (artifact id: '535128626a279e107265da568c1e8713') in 0.001450 seconds 
  Import took 0.011874 seconds .

========================================================================
Received Import Request.
  Time since last request: 0.000276 seconds.
  path: Assets/BoxingGymPack/Prefabs
  artifactKey: Guid(ef30b08e2c5ab9740b7d112489a38a3b) Importer(815301076,1909f56bfc062723c751e8b465ee728b)
Start importing Assets/BoxingGymPack/Prefabs using Guid(ef30b08e2c5ab9740b7d112489a38a3b) Importer(815301076,1909f56bfc062723c751e8b465ee728b)  -> (artifact id: '331f3acbc9270a6696c5c927bd7a97a5') in 0.002482 seconds 
  Import took 0.013103 seconds .

========================================================================
Received Import Request.
  Time since last request: 0.000312 seconds.
  path: Assets/BoxingGymPack/Scene
  artifactKey: Guid(f491fe7df85ed7242b5b8513002da947) Importer(815301076,1909f56bfc062723c751e8b465ee728b)
Start importing Assets/BoxingGymPack/Scene using Guid(f491fe7df85ed7242b5b8513002da947) Importer(815301076,1909f56bfc062723c751e8b465ee728b)  -> (artifact id: 'cfeb0d8ce0109aa1d72a77c5e80e6045') in 0.001685 seconds 
  Import took 0.010586 seconds .

========================================================================
Received Import Request.
  Time since last request: 6.438794 seconds.
  path: Assets/BoxingGymPack/Scene/Boxing_Gym_Demo_2Settings.lighting
  artifactKey: Guid(572b53cfd1b93f54ab0a8e269cf3c162) Importer(815301076,1909f56bfc062723c751e8b465ee728b)
Start importing Assets/BoxingGymPack/Scene/Boxing_Gym_Demo_2Settings.lighting using Guid(572b53cfd1b93f54ab0a8e269cf3c162) Importer(815301076,1909f56bfc062723c751e8b465ee728b) LightingSettings: switching bake backend from 1 to 0.
 -> (artifact id: '34c3d4e59baa62ae8e2fbf01e840fc31') in 0.064546 seconds 
  Import took 0.073946 seconds .

========================================================================
Received Import Request.
  Time since last request: 0.690587 seconds.
  path: Assets/BoxingGymPack/Scene/Boxing_Gym_Demo_2.unity
  artifactKey: Guid(049ceb4533458fb4d80bbc21e227ac6f) Importer(815301076,1909f56bfc062723c751e8b465ee728b)
Start importing Assets/BoxingGymPack/Scene/Boxing_Gym_Demo_2.unity using Guid(049ceb4533458fb4d80bbc21e227ac6f) Importer(815301076,1909f56bfc062723c751e8b465ee728b)  -> (artifact id: '6659688842652332ee4675ca50e00803') in 0.022993 seconds 
  Import took 0.070448 seconds .

========================================================================
Received Import Request.
  Time since last request: 1.856950 seconds.
  path: Assets/BoxingGymPack/Materials/Air_Vents
  artifactKey: Guid(ff8a914d8c2968044b2f5d29edf0e729) Importer(815301076,1909f56bfc062723c751e8b465ee728b)
Start importing Assets/BoxingGymPack/Materials/Air_Vents using Guid(ff8a914d8c2968044b2f5d29edf0e729) Importer(815301076,1909f56bfc062723c751e8b465ee728b)  -> (artifact id: '84595c420add898872e3e07ddf3ae9b3') in 0.001820 seconds 
  Import took 0.029012 seconds .

========================================================================
Received Import Request.
  Time since last request: 4.622390 seconds.
  path: Assets/BoxingGymPack/Materials/Uppercut_Bag
  artifactKey: Guid(1565d634a45bcf247b88f4349f02a737) Importer(815301076,1909f56bfc062723c751e8b465ee728b)
Start importing Assets/BoxingGymPack/Materials/Uppercut_Bag using Guid(1565d634a45bcf247b88f4349f02a737) Importer(815301076,1909f56bfc062723c751e8b465ee728b)  -> (artifact id: '64a3d7a1df414897a83ff07ac28a686c') in 0.066343 seconds 
  Import took 0.079267 seconds .

========================================================================
Received Import Request.
  Time since last request: 5.047913 seconds.
  path: Assets/BoxingGymPack/NewShaderVariants.shadervariants
  artifactKey: Guid(851af9e41c5fd5d4eb5ecfb019e2bb84) Importer(815301076,1909f56bfc062723c751e8b465ee728b)
Start importing Assets/BoxingGymPack/NewShaderVariants.shadervariants using Guid(851af9e41c5fd5d4eb5ecfb019e2bb84) Importer(815301076,1909f56bfc062723c751e8b465ee728b)  -> (artifact id: '4641a47f25a4c76e4e948d75732d6030') in 0.016344 seconds 
  Import took 0.026788 seconds .

========================================================================
Received Import Request.
  Time since last request: 4.207615 seconds.
  path: Assets/BoxingGymPack/Materials/Air_Vents/Air_Vents_Albedo_Smoothness.tga
  artifactKey: Guid(9c188724db291364e827a013c949a3e2) Importer(815301076,1909f56bfc062723c751e8b465ee728b)
Start importing Assets/BoxingGymPack/Materials/Air_Vents/Air_Vents_Albedo_Smoothness.tga using Guid(9c188724db291364e827a013c949a3e2) Importer(815301076,1909f56bfc062723c751e8b465ee728b)  -> (artifact id: 'a54b9525a5c3dfc34332eecffd1a0b81') in 0.142070 seconds 
  Import took 0.172138 seconds .

========================================================================
Received Import Request.
  Time since last request: 103.358204 seconds.
  path: Assets/BoxingGymPack/Materials/Air_Vents/Air_Vents_Normal.tga
  artifactKey: Guid(7bbb02e225f8e904c965c52ead387ae5) Importer(815301076,1909f56bfc062723c751e8b465ee728b)
Start importing Assets/BoxingGymPack/Materials/Air_Vents/Air_Vents_Normal.tga using Guid(7bbb02e225f8e904c965c52ead387ae5) Importer(815301076,1909f56bfc062723c751e8b465ee728b)  -> (artifact id: '11958e6b34ae9d2c01126d0c6003f7be') in 0.053657 seconds 
  Import took 0.072362 seconds .

========================================================================
Received Import Request.
  Time since last request: 8.346748 seconds.
  path: Assets/BoxingGymPack/Scene/Boxing_Gym_DemoSettings.lighting
  artifactKey: Guid(daa0d6b84a793754ab62118c6eeadd2b) Importer(815301076,1909f56bfc062723c751e8b465ee728b)
Start importing Assets/BoxingGymPack/Scene/Boxing_Gym_DemoSettings.lighting using Guid(daa0d6b84a793754ab62118c6eeadd2b) Importer(815301076,1909f56bfc062723c751e8b465ee728b) LightingSettings: switching bake backend from 1 to 0.
 -> (artifact id: 'abac65901082410a7503de1a2a7fc9f7') in 0.010475 seconds 
  Import took 0.023229 seconds .

========================================================================
Received Import Request.
  Time since last request: 7173.850872 seconds.
  path: Assets/BoxingGymPack/Materials/Boxing_Ring/Ropes_and_Corner_Pads/Ropes_and_Corner_Pads_Black_M.mat
  artifactKey: Guid(c9b9b7833146d564d9ae76b5a71c710c) Importer(815301076,1909f56bfc062723c751e8b465ee728b)
Start importing Assets/BoxingGymPack/Materials/Boxing_Ring/Ropes_and_Corner_Pads/Ropes_and_Corner_Pads_Black_M.mat using Guid(c9b9b7833146d564d9ae76b5a71c710c) Importer(815301076,1909f56bfc062723c751e8b465ee728b)  -> (artifact id: '9be6c3640942ed575628e2415230ec01') in 2.455358 seconds 
  Import took 2.759441 seconds .

========================================================================
Received Import Request.
  Time since last request: 0.001716 seconds.
  path: Assets/BoxingGymPack/Materials/Skybox_M.mat
  artifactKey: Guid(51b0fba6ce9af78458c45969e0937508) Importer(815301076,1909f56bfc062723c751e8b465ee728b)
Start importing Assets/BoxingGymPack/Materials/Skybox_M.mat using Guid(51b0fba6ce9af78458c45969e0937508) Importer(815301076,1909f56bfc062723c751e8b465ee728b)  -> (artifact id: '089f734f9b6144b0457ddc94c36af824') in 0.072134 seconds 
  Import took 0.085048 seconds .

========================================================================
Received Import Request.
  Time since last request: 0.000233 seconds.
  path: Assets/BoxingGymPack/Materials/Skirting_M.mat
  artifactKey: Guid(2cdd1c00a740a6b41a047f210d9bbd94) Importer(815301076,1909f56bfc062723c751e8b465ee728b)
Start importing Assets/BoxingGymPack/Materials/Skirting_M.mat using Guid(2cdd1c00a740a6b41a047f210d9bbd94) Importer(815301076,1909f56bfc062723c751e8b465ee728b)  -> (artifact id: '6e4284183bacf7c6af3c93cad85da199') in 0.301015 seconds 
  Import took 0.319492 seconds .

========================================================================
Received Import Request.
  Time since last request: 0.000598 seconds.
  path: Assets/BoxingGymPack/Materials/Speed_Bag/1/Speed_Bag_M1.mat
  artifactKey: Guid(660ddf19f69687749a6ae3425385e37d) Importer(815301076,1909f56bfc062723c751e8b465ee728b)
Start importing Assets/BoxingGymPack/Materials/Speed_Bag/1/Speed_Bag_M1.mat using Guid(660ddf19f69687749a6ae3425385e37d) Importer(815301076,1909f56bfc062723c751e8b465ee728b)  -> (artifact id: 'e82e840ef66db42967d3ea9203cfbfb4') in 2.166543 seconds 
  Import took 2.312284 seconds .

========================================================================
Received Import Request.
  Time since last request: 0.000246 seconds.
  path: Assets/BoxingGymPack/Materials/Posters/Poster_5/Poster_5_M.mat
  artifactKey: Guid(9403bfec345d88341821aec5e16486df) Importer(815301076,1909f56bfc062723c751e8b465ee728b)
Start importing Assets/BoxingGymPack/Materials/Posters/Poster_5/Poster_5_M.mat using Guid(9403bfec345d88341821aec5e16486df) Importer(815301076,1909f56bfc062723c751e8b465ee728b)  -> (artifact id: 'f6100e92a98ae14d3e3997b7337056e3') in 0.135578 seconds 
  Import took 0.151982 seconds .

========================================================================
Received Import Request.
  Time since last request: 0.000281 seconds.
  path: Assets/BoxingGymPack/Materials/Boxing_Ring/Ring/2/Ring_M2.mat
  artifactKey: Guid(6c42cf6921ad9bf47bc7679862442440) Importer(815301076,1909f56bfc062723c751e8b465ee728b)
Start importing Assets/BoxingGymPack/Materials/Boxing_Ring/Ring/2/Ring_M2.mat using Guid(6c42cf6921ad9bf47bc7679862442440) Importer(815301076,1909f56bfc062723c751e8b465ee728b)  -> (artifact id: 'd60afafe5f44a2b64c0d335a403f80aa') in 0.335207 seconds 
  Import took 0.350044 seconds .

========================================================================
Received Import Request.
  Time since last request: 0.001596 seconds.
  path: Assets/BoxingGymPack/Materials/Posters/Poster_13/Poster_13_M.mat
  artifactKey: Guid(22cab90e53bb4de449bbe208d27b7991) Importer(815301076,1909f56bfc062723c751e8b465ee728b)
Start importing Assets/BoxingGymPack/Materials/Posters/Poster_13/Poster_13_M.mat using Guid(22cab90e53bb4de449bbe208d27b7991) Importer(815301076,1909f56bfc062723c751e8b465ee728b)  -> (artifact id: '8b6a26809a329094021a8ad06f3bb7b8') in 1.319086 seconds 
  Import took 1.347862 seconds .

========================================================================
Received Import Request.
  Time since last request: 0.000270 seconds.
  path: Assets/BoxingGymPack/Materials/Mat/Mat_M3.mat
  artifactKey: Guid(41c9341665df49748b56316fdc5b6f17) Importer(815301076,1909f56bfc062723c751e8b465ee728b)
Start importing Assets/BoxingGymPack/Materials/Mat/Mat_M3.mat using Guid(41c9341665df49748b56316fdc5b6f17) Importer(815301076,1909f56bfc062723c751e8b465ee728b)  -> (artifact id: '8b1e4ac2b4ebcc530658568ff7697625') in 0.390520 seconds 
  Import took 0.419843 seconds .

========================================================================
Received Import Request.
  Time since last request: 0.000247 seconds.
  path: Assets/BoxingGymPack/Materials/Posters/Poster_9/Poster_9_M.mat
  artifactKey: Guid(d87d8ae2a7c7b554da6d94a2e5ace577) Importer(815301076,1909f56bfc062723c751e8b465ee728b)
Start importing Assets/BoxingGymPack/Materials/Posters/Poster_9/Poster_9_M.mat using Guid(d87d8ae2a7c7b554da6d94a2e5ace577) Importer(815301076,1909f56bfc062723c751e8b465ee728b)  -> (artifact id: 'e745453b86b02cf71530e8d9b4fc1115') in 0.151028 seconds 
  Import took 0.161420 seconds .

========================================================================
Received Import Request.
  Time since last request: 0.000229 seconds.
  path: Assets/BoxingGymPack/Materials/Posters/Poster_3/Poster_3_M.mat
  artifactKey: Guid(a1da38191e8865f4eb174693a2a1e2e0) Importer(815301076,1909f56bfc062723c751e8b465ee728b)
Start importing Assets/BoxingGymPack/Materials/Posters/Poster_3/Poster_3_M.mat using Guid(a1da38191e8865f4eb174693a2a1e2e0) Importer(815301076,1909f56bfc062723c751e8b465ee728b)  -> (artifact id: '20a12792f5cfc7db08dc803f41c70ca8') in 0.117738 seconds 
  Import took 0.138192 seconds .

========================================================================
Received Import Request.
  Time since last request: 0.000266 seconds.
  path: Assets/BoxingGymPack/Materials/Outer_Shell_M.mat
  artifactKey: Guid(30d7d549a41717645ba5b82e9510fcdb) Importer(815301076,1909f56bfc062723c751e8b465ee728b)
Start importing Assets/BoxingGymPack/Materials/Outer_Shell_M.mat using Guid(30d7d549a41717645ba5b82e9510fcdb) Importer(815301076,1909f56bfc062723c751e8b465ee728b)  -> (artifact id: '51f8f230cbbafe8e341362e221fc300e') in 0.061195 seconds 
  Import took 0.113564 seconds .

========================================================================
Received Import Request.
  Time since last request: 0.000271 seconds.
  path: Assets/BoxingGymPack/Materials/Lights/Lights_M.mat
  artifactKey: Guid(5ca966d0b5e4fe94fa7a308eb8a95699) Importer(815301076,1909f56bfc062723c751e8b465ee728b)
Start importing Assets/BoxingGymPack/Materials/Lights/Lights_M.mat using Guid(5ca966d0b5e4fe94fa7a308eb8a95699) Importer(815301076,1909f56bfc062723c751e8b465ee728b)  -> (artifact id: '3a00aa6eba66a58a8219c74dd052ee15') in 0.215690 seconds 
  Import took 0.228926 seconds .

========================================================================
Received Import Request.
  Time since last request: 0.000257 seconds.
  path: Assets/BoxingGymPack/Materials/Speed_Bag/2/Speed_Bag_M2.mat
  artifactKey: Guid(d3c3eaf34ce0d944ab21200cdd9186b1) Importer(815301076,1909f56bfc062723c751e8b465ee728b)
Start importing Assets/BoxingGymPack/Materials/Speed_Bag/2/Speed_Bag_M2.mat using Guid(d3c3eaf34ce0d944ab21200cdd9186b1) Importer(815301076,1909f56bfc062723c751e8b465ee728b)  -> (artifact id: '2bfa91c4db066d59c88f4abe83088875') in 0.491917 seconds 
  Import took 0.510942 seconds .

========================================================================
Received Import Request.
  Time since last request: 0.000356 seconds.
  path: Assets/zStandard URP Project Stuff/ExampleAssets/Models/jigsaw_low.fbx
  artifactKey: Guid(8b73e8872ca76104bbca4ee2b704a1b4) Importer(815301076,1909f56bfc062723c751e8b465ee728b)
Start importing Assets/zStandard URP Project Stuff/ExampleAssets/Models/jigsaw_low.fbx using Guid(8b73e8872ca76104bbca4ee2b704a1b4) Importer(815301076,1909f56bfc062723c751e8b465ee728b)  -> (artifact id: 'c86d8cfb5a3279ffa8408a44f941884a') in 0.556390 seconds 
  Import took 0.569339 seconds .

========================================================================
Received Import Request.
  Time since last request: 0.000242 seconds.
  path: Assets/BoxingGymPack/Materials/Herringbone_Wood_Floor/Herringborn_Wood_Floor_M_Untiled_Example.mat
  artifactKey: Guid(edf595a35e0583d43ba5bb30a4a41b0d) Importer(815301076,1909f56bfc062723c751e8b465ee728b)
Start importing Assets/BoxingGymPack/Materials/Herringbone_Wood_Floor/Herringborn_Wood_Floor_M_Untiled_Example.mat using Guid(edf595a35e0583d43ba5bb30a4a41b0d) Importer(815301076,1909f56bfc062723c751e8b465ee728b)  -> (artifact id: '611ab4fa746ade58501db302572223e1') in 1.380982 seconds 
  Import took 1.401116 seconds .

========================================================================
Received Import Request.
  Time since last request: 0.001211 seconds.
  path: Assets/BoxingGymPack/Materials/Heavy_Punch_Bag/1/Heavy_Punch_Bag_M1.mat
  artifactKey: Guid(fe4b237bc5f662c449bd437fbab79efe) Importer(815301076,1909f56bfc062723c751e8b465ee728b)
Start importing Assets/BoxingGymPack/Materials/Heavy_Punch_Bag/1/Heavy_Punch_Bag_M1.mat using Guid(fe4b237bc5f662c449bd437fbab79efe) Importer(815301076,1909f56bfc062723c751e8b465ee728b)  -> (artifact id: 'ae672fdab0da75799fb04b6a034475f0') in 0.455453 seconds 
  Import took 0.472635 seconds .

========================================================================
Received Import Request.
  Time since last request: 0.000244 seconds.
  path: Assets/BoxingGymPack/Materials/Heavy_Punch_Bag/2/Heavy_Punch_Bag_M2.mat
  artifactKey: Guid(935b460260a2a364f954e276d1bd146c) Importer(815301076,1909f56bfc062723c751e8b465ee728b)
Start importing Assets/BoxingGymPack/Materials/Heavy_Punch_Bag/2/Heavy_Punch_Bag_M2.mat using Guid(935b460260a2a364f954e276d1bd146c) Importer(815301076,1909f56bfc062723c751e8b465ee728b)  -> (artifact id: 'fbedd44e18534583dc4906bed1a64499') in 0.383503 seconds 
  Import took 0.402896 seconds .

========================================================================
Received Import Request.
  Time since last request: 0.000267 seconds.
  path: Assets/BoxingGymPack/Materials/Posters/Poster_10/Poster_10_M.mat
  artifactKey: Guid(8f5335356380b334cabac32d25897f77) Importer(815301076,1909f56bfc062723c751e8b465ee728b)
Start importing Assets/BoxingGymPack/Materials/Posters/Poster_10/Poster_10_M.mat using Guid(8f5335356380b334cabac32d25897f77) Importer(815301076,1909f56bfc062723c751e8b465ee728b)  -> (artifact id: '790c0f8d33f3a94d09cfa4fdf3f56e2c') in 0.102413 seconds 
  Import took 0.117348 seconds .

========================================================================
Received Import Request.
  Time since last request: 0.005970 seconds.
  path: Assets/BoxingGymPack/Materials/Heavy_Punch_Bag/2/Heavy_Punch_Bag_M2.mat
  artifactKey: Guid(935b460260a2a364f954e276d1bd146c) Importer(815301076,1909f56bfc062723c751e8b465ee728b)
Start importing Assets/BoxingGymPack/Materials/Heavy_Punch_Bag/2/Heavy_Punch_Bag_M2.mat using Guid(935b460260a2a364f954e276d1bd146c) Importer(815301076,1909f56bfc062723c751e8b465ee728b)  -> (artifact id: 'fbedd44e18534583dc4906bed1a64499') in 0.141427 seconds 
  Import took 0.165640 seconds .

========================================================================
Received Import Request.
  Time since last request: 0.000277 seconds.
  path: Assets/BoxingGymPack/Meshes/Posters_Meshes/Materials/Material #214.mat
  artifactKey: Guid(82af5944143f24848b31ada7933ff2d3) Importer(815301076,1909f56bfc062723c751e8b465ee728b)
Start importing Assets/BoxingGymPack/Meshes/Posters_Meshes/Materials/Material #214.mat using Guid(82af5944143f24848b31ada7933ff2d3) Importer(815301076,1909f56bfc062723c751e8b465ee728b)  -> (artifact id: '9f1ce006fdb25d9ca312e4ba27168b67') in 0.020497 seconds 
  Import took 0.036048 seconds .

========================================================================
Received Import Request.
  Time since last request: 0.000232 seconds.
  path: Assets/BoxingGymPack/Materials/Stall_Bars_and_Support/Stall_Bars_and_Support_M.mat
  artifactKey: Guid(3b87564212dfdcb40afa98846b0cd116) Importer(815301076,1909f56bfc062723c751e8b465ee728b)
Start importing Assets/BoxingGymPack/Materials/Stall_Bars_and_Support/Stall_Bars_and_Support_M.mat using Guid(3b87564212dfdcb40afa98846b0cd116) Importer(815301076,1909f56bfc062723c751e8b465ee728b)  -> (artifact id: 'efd750b48ba63debef97c56c52bacff3') in 0.459282 seconds 
  Import took 0.475048 seconds .

========================================================================
Received Import Request.
  Time since last request: 0.000295 seconds.
  path: Assets/BoxingGymPack/Materials/Mat/Mat_M2.mat
  artifactKey: Guid(7155d55ae40655841afa71eee4de1453) Importer(815301076,1909f56bfc062723c751e8b465ee728b)
Start importing Assets/BoxingGymPack/Materials/Mat/Mat_M2.mat using Guid(7155d55ae40655841afa71eee4de1453) Importer(815301076,1909f56bfc062723c751e8b465ee728b)  -> (artifact id: '2332ddac4b7dd4bda36bf938afbcc317') in 0.129081 seconds 
  Import took 0.143123 seconds .

========================================================================
Received Import Request.
  Time since last request: 0.000266 seconds.
  path: Assets/BoxingGymPack/Materials/Shelves/Shelves_M.mat
  artifactKey: Guid(8ce4f6a38fdf5514c9f6da45aae6078d) Importer(815301076,1909f56bfc062723c751e8b465ee728b)
Start importing Assets/BoxingGymPack/Materials/Shelves/Shelves_M.mat using Guid(8ce4f6a38fdf5514c9f6da45aae6078d) Importer(815301076,1909f56bfc062723c751e8b465ee728b)  -> (artifact id: '9c4fdc00bee77d6c3e3648f69e98309e') in 0.390056 seconds 
  Import took 0.412213 seconds .

========================================================================
Received Import Request.
  Time since last request: 0.000459 seconds.
  path: Assets/zStandard URP Project Stuff/ExampleAssets/Models/brush_low.fbx
  artifactKey: Guid(aed8c47425ab91f4eb06ce6fe47c3e4e) Importer(815301076,1909f56bfc062723c751e8b465ee728b)
Start importing Assets/zStandard URP Project Stuff/ExampleAssets/Models/brush_low.fbx using Guid(aed8c47425ab91f4eb06ce6fe47c3e4e) Importer(815301076,1909f56bfc062723c751e8b465ee728b)  -> (artifact id: '5d1d46990403a90606d1957c2ed53377') in 0.084069 seconds 
  Import took 0.100397 seconds .

========================================================================
Received Import Request.
  Time since last request: 0.000678 seconds.
  path: Assets/BoxingGymPack/Materials/Boxing_Ring/Ring/1/Ring_M1.mat
  artifactKey: Guid(354b9a0ba2ce1464093a32c8cdbd76e0) Importer(815301076,1909f56bfc062723c751e8b465ee728b)
Start importing Assets/BoxingGymPack/Materials/Boxing_Ring/Ring/1/Ring_M1.mat using Guid(354b9a0ba2ce1464093a32c8cdbd76e0) Importer(815301076,1909f56bfc062723c751e8b465ee728b)  -> (artifact id: '3b0271916ec75b52cbe03a3b9c479d1f') in 0.292397 seconds 
  Import took 0.349495 seconds .

========================================================================
Received Import Request.
  Time since last request: 0.000323 seconds.
  path: Assets/BoxingGymPack/Materials/Large_Window/Large_Window_Glass.mat
  artifactKey: Guid(f38e17c971fc2304b80f1ffb8d45efa1) Importer(815301076,1909f56bfc062723c751e8b465ee728b)
Start importing Assets/BoxingGymPack/Materials/Large_Window/Large_Window_Glass.mat using Guid(f38e17c971fc2304b80f1ffb8d45efa1) Importer(815301076,1909f56bfc062723c751e8b465ee728b)  -> (artifact id: '9d6805b5fcc2600fd036951c00bf7db5') in 1.127601 seconds 
  Import took 1.144733 seconds .

========================================================================
Received Import Request.
  Time since last request: 0.000263 seconds.
  path: Assets/BoxingGymPack/Materials/Dumbbell_and_Stand/Dumbbell_and_Stand_M.mat
  artifactKey: Guid(f5fed23287629f64f859f4904021301a) Importer(815301076,1909f56bfc062723c751e8b465ee728b)
Start importing Assets/BoxingGymPack/Materials/Dumbbell_and_Stand/Dumbbell_and_Stand_M.mat using Guid(f5fed23287629f64f859f4904021301a) Importer(815301076,1909f56bfc062723c751e8b465ee728b)  -> (artifact id: 'afe7244eb2ff43e206457f7562cd4806') in 0.351835 seconds 
  Import took 0.377567 seconds .

========================================================================
Received Import Request.
  Time since last request: 0.000230 seconds.
  path: Assets/BoxingGymPack/PostProcessing/Utilities/CustomMotionTexture/Materials/DebugQuad.mat
  artifactKey: Guid(3c40c8fdc50a841579d7cb15882ac9d9) Importer(815301076,1909f56bfc062723c751e8b465ee728b)
Start importing Assets/BoxingGymPack/PostProcessing/Utilities/CustomMotionTexture/Materials/DebugQuad.mat using Guid(3c40c8fdc50a841579d7cb15882ac9d9) Importer(815301076,1909f56bfc062723c751e8b465ee728b)  -> (artifact id: '79e031ac899918c327e5c65f20457060') in 0.085202 seconds 
  Import took 0.105312 seconds .

========================================================================
Received Import Request.
  Time since last request: 0.000246 seconds.
  path: Assets/BoxingGymPack/PostProcessing/Utilities/CustomMotionTexture/Materials/DebugMotionVectors.mat
  artifactKey: Guid(d7daeefbca4f14360bac0e1df1bdacd4) Importer(815301076,1909f56bfc062723c751e8b465ee728b)
Start importing Assets/BoxingGymPack/PostProcessing/Utilities/CustomMotionTexture/Materials/DebugMotionVectors.mat using Guid(d7daeefbca4f14360bac0e1df1bdacd4) Importer(815301076,1909f56bfc062723c751e8b465ee728b)  -> (artifact id: 'b168390addec665bb243529b7c98cbd9') in 0.038053 seconds 
  Import took 0.053121 seconds .

========================================================================
Received Import Request.
  Time since last request: 0.000282 seconds.
  path: Assets/BoxingGymPack/Materials/Door/Door_M.mat
  artifactKey: Guid(7b61939e57f6ae74bbd525d32d5f8e1b) Importer(815301076,1909f56bfc062723c751e8b465ee728b)
Start importing Assets/BoxingGymPack/Materials/Door/Door_M.mat using Guid(7b61939e57f6ae74bbd525d32d5f8e1b) Importer(815301076,1909f56bfc062723c751e8b465ee728b)  -> (artifact id: '29072f8b95edf49b3f7be610c6178841') in 0.159558 seconds 
  Import took 0.177528 seconds .

========================================================================
Received Import Request.
  Time since last request: 0.000308 seconds.
  path: Assets/BoxingGymPack/Materials/Posters/Poster_4/Poster_4_M.mat
  artifactKey: Guid(e84eff0500c9fd14cad935be3b5d0e02) Importer(815301076,1909f56bfc062723c751e8b465ee728b)
Start importing Assets/BoxingGymPack/Materials/Posters/Poster_4/Poster_4_M.mat using Guid(e84eff0500c9fd14cad935be3b5d0e02) Importer(815301076,1909f56bfc062723c751e8b465ee728b)  -> (artifact id: 'bdf9f55e0848f7c0065ad5349689e9fa') in 0.148149 seconds 
  Import took 0.159573 seconds .

========================================================================
Received Import Request.
  Time since last request: 0.000276 seconds.
  path: Assets/BoxingGymPack/Materials/Posters/Poster_11/Poster_11_M.mat
  artifactKey: Guid(c0e1ac9099f0fde4696de34668903fb5) Importer(815301076,1909f56bfc062723c751e8b465ee728b)
Start importing Assets/BoxingGymPack/Materials/Posters/Poster_11/Poster_11_M.mat using Guid(c0e1ac9099f0fde4696de34668903fb5) Importer(815301076,1909f56bfc062723c751e8b465ee728b)  -> (artifact id: '559355e0adbf070fff99b2ca0f9c5768') in 0.156832 seconds 
  Import took 0.182181 seconds .

========================================================================
Received Import Request.
  Time since last request: 0.000789 seconds.
  path: Assets/zStandard URP Project Stuff/ExampleAssets/Models/ConstructionLight_Low.fbx
  artifactKey: Guid(e3ae06a3979f53046aa05330d69de1fa) Importer(815301076,1909f56bfc062723c751e8b465ee728b)
Start importing Assets/zStandard URP Project Stuff/ExampleAssets/Models/ConstructionLight_Low.fbx using Guid(e3ae06a3979f53046aa05330d69de1fa) Importer(815301076,1909f56bfc062723c751e8b465ee728b)  -> (artifact id: 'aed3ef54ce3eb4de994485d3f474d8a3') in 0.120950 seconds 
  Import took 0.135367 seconds .

========================================================================
Received Import Request.
  Time since last request: 0.000272 seconds.
  path: Assets/BoxingGymPack/Materials/Small_Window/Small_Window_M.mat
  artifactKey: Guid(5bed8a709ad930e4aa44fc9fb8157219) Importer(815301076,1909f56bfc062723c751e8b465ee728b)
Start importing Assets/BoxingGymPack/Materials/Small_Window/Small_Window_M.mat using Guid(5bed8a709ad930e4aa44fc9fb8157219) Importer(815301076,1909f56bfc062723c751e8b465ee728b)  -> (artifact id: 'fa017a8a72f28283c2c02d24c70f0cd4') in 1.655784 seconds 
  Import took 1.694719 seconds .

========================================================================
Received Import Request.
  Time since last request: 0.000386 seconds.
  path: Assets/BoxingGymPack/Materials/Small_Window/Small_Window_Glass_M.mat
  artifactKey: Guid(cf58f5e6b49580842b0716f005998e1c) Importer(815301076,1909f56bfc062723c751e8b465ee728b)
Start importing Assets/BoxingGymPack/Materials/Small_Window/Small_Window_Glass_M.mat using Guid(cf58f5e6b49580842b0716f005998e1c) Importer(815301076,1909f56bfc062723c751e8b465ee728b)  -> (artifact id: '83f79fa6f6df51c5907f4639f360fcf2') in 0.157799 seconds 
  Import took 0.174839 seconds .

========================================================================
Received Import Request.
  Time since last request: 0.000257 seconds.
  path: Assets/BoxingGymPack/Materials/Posters/Poster_6/Poster_6_M.mat
  artifactKey: Guid(da7c1ba2a316851488527e44d893e52c) Importer(815301076,1909f56bfc062723c751e8b465ee728b)
Start importing Assets/BoxingGymPack/Materials/Posters/Poster_6/Poster_6_M.mat using Guid(da7c1ba2a316851488527e44d893e52c) Importer(815301076,1909f56bfc062723c751e8b465ee728b)  -> (artifact id: 'd8224e429921176270bc7000c81954a6') in 0.147483 seconds 
  Import took 0.159639 seconds .

========================================================================
Received Import Request.
  Time since last request: 0.000293 seconds.
  path: Assets/BoxingGymPack/Materials/Locker/Locker.mat
  artifactKey: Guid(d92a9fd79984d0a48a8c3a9f03d4a292) Importer(815301076,1909f56bfc062723c751e8b465ee728b)
Start importing Assets/BoxingGymPack/Materials/Locker/Locker.mat using Guid(d92a9fd79984d0a48a8c3a9f03d4a292) Importer(815301076,1909f56bfc062723c751e8b465ee728b)  -> (artifact id: '0d43bdaf6f1e1b56e2f12ba8b067db85') in 0.502307 seconds 
  Import took 0.525318 seconds .

========================================================================
Received Import Request.
  Time since last request: 0.000250 seconds.
  path: Assets/BoxingGymPack/Materials/Ceiling_Structure_and_Switch/Ceiling_Structure_and_Switch_M.mat
  artifactKey: Guid(a46b996cfb6e0004bacf2c90f0d884e1) Importer(815301076,1909f56bfc062723c751e8b465ee728b)
Start importing Assets/BoxingGymPack/Materials/Ceiling_Structure_and_Switch/Ceiling_Structure_and_Switch_M.mat using Guid(a46b996cfb6e0004bacf2c90f0d884e1) Importer(815301076,1909f56bfc062723c751e8b465ee728b)  -> (artifact id: '2cfa98137ba53addbfc992f3c27ddce4') in 0.876191 seconds 
  Import took 0.904619 seconds .

========================================================================
Received Import Request.
  Time since last request: 0.000296 seconds.
  path: Assets/BoxingGymPack/Materials/Mat/Mat_M1.mat
  artifactKey: Guid(f9914f60ebf830e4fb4eef8c5c69b008) Importer(815301076,1909f56bfc062723c751e8b465ee728b)
Start importing Assets/BoxingGymPack/Materials/Mat/Mat_M1.mat using Guid(f9914f60ebf830e4fb4eef8c5c69b008) Importer(815301076,1909f56bfc062723c751e8b465ee728b)  -> (artifact id: '033bce133ee751ece807f08afc56499a') in 0.296610 seconds 
  Import took 0.318482 seconds .

========================================================================
Received Import Request.
  Time since last request: 0.000614 seconds.
  path: Assets/BoxingGymPack/Materials/Large_Window/Large_Window.mat
  artifactKey: Guid(924aa11b841d2f54d989dfebca7bf345) Importer(815301076,1909f56bfc062723c751e8b465ee728b)
Start importing Assets/BoxingGymPack/Materials/Large_Window/Large_Window.mat using Guid(924aa11b841d2f54d989dfebca7bf345) Importer(815301076,1909f56bfc062723c751e8b465ee728b)  -> (artifact id: 'fdb3cb604da6cbe5fae0394a2384ad38') in 0.134576 seconds 
  Import took 0.153281 seconds .

========================================================================
Received Import Request.
  Time since last request: 0.000216 seconds.
  path: Assets/BoxingGymPack/Materials/Posters/Poster_7/Poster_7_M.mat
  artifactKey: Guid(ca6eabc8b6d4ed045bcbec05e315520d) Importer(815301076,1909f56bfc062723c751e8b465ee728b)
Start importing Assets/BoxingGymPack/Materials/Posters/Poster_7/Poster_7_M.mat using Guid(ca6eabc8b6d4ed045bcbec05e315520d) Importer(815301076,1909f56bfc062723c751e8b465ee728b)  -> (artifact id: '931b712168bf90d68c040bc875052ebb') in 0.122934 seconds 
  Import took 0.137369 seconds .

========================================================================
Received Import Request.
  Time since last request: 0.000291 seconds.
  path: Assets/BoxingGymPack/Materials/Herringbone_Wood_Floor/Herringborn_Wood_Floor_M.mat
  artifactKey: Guid(3465937b1db392f40992edb03a43b4e3) Importer(815301076,1909f56bfc062723c751e8b465ee728b)
Start importing Assets/BoxingGymPack/Materials/Herringbone_Wood_Floor/Herringborn_Wood_Floor_M.mat using Guid(3465937b1db392f40992edb03a43b4e3) Importer(815301076,1909f56bfc062723c751e8b465ee728b)  -> (artifact id: 'acf913690cf488eb1079f6117ef4c8ba') in 0.161821 seconds 
  Import took 0.322784 seconds .

========================================================================
Received Import Request.
  Time since last request: 0.001876 seconds.
  path: Assets/BoxingGymPack/Materials/Ceiling/Ceiling_M 1.mat
  artifactKey: Guid(f45e97f9a02bc524c945681835f8d6c9) Importer(815301076,1909f56bfc062723c751e8b465ee728b)
Start importing Assets/BoxingGymPack/Materials/Ceiling/Ceiling_M 1.mat using Guid(f45e97f9a02bc524c945681835f8d6c9) Importer(815301076,1909f56bfc062723c751e8b465ee728b)  -> (artifact id: '15466aad60b52f766fba38ce0babaa13') in 1.208593 seconds 
  Import took 1.226109 seconds .

========================================================================
Received Import Request.
  Time since last request: 0.000258 seconds.
  path: Assets/BoxingGymPack/Materials/Ceiling/Ceiling_M.mat
  artifactKey: Guid(5581745d8c8418d40b2e1fa864b91856) Importer(815301076,1909f56bfc062723c751e8b465ee728b)
Start importing Assets/BoxingGymPack/Materials/Ceiling/Ceiling_M.mat using Guid(5581745d8c8418d40b2e1fa864b91856) Importer(815301076,1909f56bfc062723c751e8b465ee728b)  -> (artifact id: '905f5d2760899f950d5f61d3891340d1') in 0.183810 seconds 
  Import took 0.202895 seconds .

========================================================================
Received Import Request.
  Time since last request: 0.000225 seconds.
  path: Assets/BoxingGymPack/Materials/Stairs/Stairs_M.mat
  artifactKey: Guid(27138e59beb352a4899b6476cc13cb86) Importer(815301076,1909f56bfc062723c751e8b465ee728b)
Start importing Assets/BoxingGymPack/Materials/Stairs/Stairs_M.mat using Guid(27138e59beb352a4899b6476cc13cb86) Importer(815301076,1909f56bfc062723c751e8b465ee728b)  -> (artifact id: '7a18326073128a8506d7895fde661ebd') in 0.740165 seconds 
  Import took 0.752050 seconds .

========================================================================
Received Import Request.
  Time since last request: 0.000226 seconds.
  path: Assets/BoxingGymPack/Materials/Posters/Poster_8/Poster_8_M.mat
  artifactKey: Guid(ec5beaaaf0ae8754a8ca45bb87082cc0) Importer(815301076,1909f56bfc062723c751e8b465ee728b)
Start importing Assets/BoxingGymPack/Materials/Posters/Poster_8/Poster_8_M.mat using Guid(ec5beaaaf0ae8754a8ca45bb87082cc0) Importer(815301076,1909f56bfc062723c751e8b465ee728b)  -> (artifact id: 'a5f93c2ff27f985117631faa865b5909') in 0.108695 seconds 
  Import took 0.136179 seconds .

========================================================================
Received Import Request.
  Time since last request: 0.000280 seconds.
  path: Assets/BoxingGymPack/Materials/Posters/Poster_2/Poster_2_M.mat
  artifactKey: Guid(bb5484cd63e462a489ced2408d9fe1b5) Importer(815301076,1909f56bfc062723c751e8b465ee728b)
Start importing Assets/BoxingGymPack/Materials/Posters/Poster_2/Poster_2_M.mat using Guid(bb5484cd63e462a489ced2408d9fe1b5) Importer(815301076,1909f56bfc062723c751e8b465ee728b)  -> (artifact id: 'a92895f0499523d284e332f14e930573') in 0.109070 seconds 
  Import took 0.129028 seconds .

========================================================================
Received Import Request.
  Time since last request: 0.000244 seconds.
  path: Assets/BoxingGymPack/Materials/Posters/Poster_1/Poster_1_M.mat
  artifactKey: Guid(7b232a093a70aba4b8c82bbb5fc29959) Importer(815301076,1909f56bfc062723c751e8b465ee728b)
Start importing Assets/BoxingGymPack/Materials/Posters/Poster_1/Poster_1_M.mat using Guid(7b232a093a70aba4b8c82bbb5fc29959) Importer(815301076,1909f56bfc062723c751e8b465ee728b)  -> (artifact id: 'e74ce240ac013b815e00d493a8fbec9e') in 0.124534 seconds 
  Import took 0.140501 seconds .

========================================================================
Received Import Request.
  Time since last request: 0.000800 seconds.
  path: Assets/BoxingGymPack/Materials/Pillars/Pillars.mat
  artifactKey: Guid(c5e379022958c5146b620dd50a1d2951) Importer(815301076,1909f56bfc062723c751e8b465ee728b)
Start importing Assets/BoxingGymPack/Materials/Pillars/Pillars.mat using Guid(c5e379022958c5146b620dd50a1d2951) Importer(815301076,1909f56bfc062723c751e8b465ee728b)  -> (artifact id: 'ae7ef9eebd4e563e9f6a28229e2d1bf3') in 0.920566 seconds 
  Import took 0.939524 seconds .

========================================================================
Received Import Request.
  Time since last request: 0.000308 seconds.
  path: Assets/BoxingGymPack/Materials/Boxing_Ring/Ropes_and_Corner_Pads/Ropes_and_Corner_Pads_White_M.mat
  artifactKey: Guid(b1ef768b2ab7a2b43aa738a534b414ad) Importer(815301076,1909f56bfc062723c751e8b465ee728b)
Start importing Assets/BoxingGymPack/Materials/Boxing_Ring/Ropes_and_Corner_Pads/Ropes_and_Corner_Pads_White_M.mat using Guid(b1ef768b2ab7a2b43aa738a534b414ad) Importer(815301076,1909f56bfc062723c751e8b465ee728b)  -> (artifact id: '36798f219ece1c4c8942902fe39ea047') in 0.045180 seconds 
  Import took 0.057945 seconds .

========================================================================
Received Import Request.
  Time since last request: 0.000344 seconds.
  path: Assets/BoxingGymPack/Materials/Posters/Poster_12/Poster_12_M.mat
  artifactKey: Guid(ccd72fa2ce93e6a4cb687eadf83a9d34) Importer(815301076,1909f56bfc062723c751e8b465ee728b)
Start importing Assets/BoxingGymPack/Materials/Posters/Poster_12/Poster_12_M.mat using Guid(ccd72fa2ce93e6a4cb687eadf83a9d34) Importer(815301076,1909f56bfc062723c751e8b465ee728b)  -> (artifact id: '702f2f38ce98c486b90364fb014e1f60') in 0.133681 seconds 
  Import took 0.164066 seconds .

========================================================================
Received Import Request.
  Time since last request: 18.842462 seconds.
  path: Assets/BoxingGymPack/Scene/Boxing_Gym_Demo/LightingData.asset
  artifactKey: Guid(7671ce65cebea674fbb372d993296c6c) Importer(815301076,1909f56bfc062723c751e8b465ee728b)
Start importing Assets/BoxingGymPack/Scene/Boxing_Gym_Demo/LightingData.asset using Guid(7671ce65cebea674fbb372d993296c6c) Importer(815301076,1909f56bfc062723c751e8b465ee728b)  -> (artifact id: '278db82386ea97d7364c6f984f80eed1') in 0.025035 seconds 
  Import took 0.039154 seconds .

========================================================================
Received Import Request.
  Time since last request: 33.329835 seconds.
  path: Assets/BoxingGymPack/Scene/Boxing_Gym_DemoSettings.lighting
  artifactKey: Guid(daa0d6b84a793754ab62118c6eeadd2b) Importer(815301076,1909f56bfc062723c751e8b465ee728b)
Start importing Assets/BoxingGymPack/Scene/Boxing_Gym_DemoSettings.lighting using Guid(daa0d6b84a793754ab62118c6eeadd2b) Importer(815301076,1909f56bfc062723c751e8b465ee728b) LightingSettings: switching bake backend from 1 to 0.
 -> (artifact id: 'bd7971d79e3cad14992897bf801b53b3') in 0.006651 seconds 
  Import took 0.032148 seconds .

========================================================================
Received Import Request.
  Time since last request: 78.608417 seconds.
  path: Assets/SkySerie Freebie/FreebieHdri/CloudedSunGlow4k.hdr
  artifactKey: Guid(12c15a8e5a294be45819b1dd4b9b08d3) Importer(815301076,1909f56bfc062723c751e8b465ee728b)
Start importing Assets/SkySerie Freebie/FreebieHdri/CloudedSunGlow4k.hdr using Guid(12c15a8e5a294be45819b1dd4b9b08d3) Importer(815301076,1909f56bfc062723c751e8b465ee728b)  -> (artifact id: '48be894c518d2b3996644d676b49cad6') in 0.212930 seconds 
  Import took 0.241105 seconds .

========================================================================
Received Import Request.
  Time since last request: 0.005325 seconds.
  path: Assets/SkySerie Freebie/FreebieHdri/CloudedSunGlow4k.hdr
  artifactKey: Guid(12c15a8e5a294be45819b1dd4b9b08d3) Importer(815301076,1909f56bfc062723c751e8b465ee728b)
Start importing Assets/SkySerie Freebie/FreebieHdri/CloudedSunGlow4k.hdr using Guid(12c15a8e5a294be45819b1dd4b9b08d3) Importer(815301076,1909f56bfc062723c751e8b465ee728b)  -> (artifact id: '48be894c518d2b3996644d676b49cad6') in 0.193662 seconds 
  Import took 0.214283 seconds .

========================================================================
Received Import Request.
  Time since last request: 13.309661 seconds.
  path: Assets/SkySerie Freebie/FreebieHdri/CasualDay4K.hdr
  artifactKey: Guid(1153dc89e66880c4eb7adc16ba588855) Importer(815301076,1909f56bfc062723c751e8b465ee728b)
Start importing Assets/SkySerie Freebie/FreebieHdri/CasualDay4K.hdr using Guid(1153dc89e66880c4eb7adc16ba588855) Importer(815301076,1909f56bfc062723c751e8b465ee728b)  -> (artifact id: '7c705a1bbc9834da8f9670af5b579d42') in 0.119394 seconds 
  Import took 0.135861 seconds .

========================================================================
Received Import Request.
  Time since last request: 0.001798 seconds.
  path: Assets/SkySerie Freebie/FreebieHdri/CasualDay4K.hdr
  artifactKey: Guid(1153dc89e66880c4eb7adc16ba588855) Importer(815301076,1909f56bfc062723c751e8b465ee728b)
Start importing Assets/SkySerie Freebie/FreebieHdri/CasualDay4K.hdr using Guid(1153dc89e66880c4eb7adc16ba588855) Importer(815301076,1909f56bfc062723c751e8b465ee728b)  -> (artifact id: '7c705a1bbc9834da8f9670af5b579d42') in 0.063843 seconds 
  Import took 0.078002 seconds .

========================================================================
Received Import Request.
  Time since last request: 802.664816 seconds.
  path: Assets/SkySerie Freebie/FreebieHdri/DarkStorm4K.hdr
  artifactKey: Guid(762f22ba43541df4e95e0e7126e8d96c) Importer(815301076,1909f56bfc062723c751e8b465ee728b)
Start importing Assets/SkySerie Freebie/FreebieHdri/DarkStorm4K.hdr using Guid(762f22ba43541df4e95e0e7126e8d96c) Importer(815301076,1909f56bfc062723c751e8b465ee728b)  -> (artifact id: '8a8d0bea780bf4451704e0d5502f5deb') in 0.207783 seconds 
  Import took 0.233686 seconds .

========================================================================
Received Import Request.
  Time since last request: 0.003036 seconds.
  path: Assets/SkySerie Freebie/FreebieHdri/DarkStorm4K.hdr
  artifactKey: Guid(762f22ba43541df4e95e0e7126e8d96c) Importer(815301076,1909f56bfc062723c751e8b465ee728b)
Start importing Assets/SkySerie Freebie/FreebieHdri/DarkStorm4K.hdr using Guid(762f22ba43541df4e95e0e7126e8d96c) Importer(815301076,1909f56bfc062723c751e8b465ee728b)  -> (artifact id: '8a8d0bea780bf4451704e0d5502f5deb') in 0.177030 seconds 
  Import took 0.198588 seconds .

========================================================================
Received Import Request.
  Time since last request: 1.065754 seconds.
  path: Assets/SkySerie Freebie/ExampleScenes/MidNightFreebieDemo.unity
  artifactKey: Guid(80b2b3058ff1d3944b4d96d6824deb6d) Importer(815301076,1909f56bfc062723c751e8b465ee728b)
Start importing Assets/SkySerie Freebie/ExampleScenes/MidNightFreebieDemo.unity using Guid(80b2b3058ff1d3944b4d96d6824deb6d) Importer(815301076,1909f56bfc062723c751e8b465ee728b)  -> (artifact id: '4bdc07bd119b703ee4c2750eba7697fe') in 0.004192 seconds 
  Import took 0.022339 seconds .

========================================================================
Received Import Request.
  Time since last request: 0.088500 seconds.
  path: Assets/SkySerie Freebie/ExampleScenes
  artifactKey: Guid(86425fc531d96d146b84220a347e07f7) Importer(815301076,1909f56bfc062723c751e8b465ee728b)
Start importing Assets/SkySerie Freebie/ExampleScenes using Guid(86425fc531d96d146b84220a347e07f7) Importer(815301076,1909f56bfc062723c751e8b465ee728b)  -> (artifact id: '74ddda0d4083238ebad6d98a669a175f') in 0.003473 seconds 
  Import took 0.015829 seconds .

========================================================================
Received Import Request.
  Time since last request: 3.794209 seconds.
  path: Assets/BoxingGymPack/Scene/Boxing_Gym_Demo/Global Volume Profile.asset
  artifactKey: Guid(49cad4a150d0c8644a462d97a008b8dd) Importer(815301076,1909f56bfc062723c751e8b465ee728b)
Start importing Assets/BoxingGymPack/Scene/Boxing_Gym_Demo/Global Volume Profile.asset using Guid(49cad4a150d0c8644a462d97a008b8dd) Importer(815301076,1909f56bfc062723c751e8b465ee728b)  -> (artifact id: 'bb0b45236e9cd7f8eea186636a33e5fc') in 0.065991 seconds 
  Import took 0.077723 seconds .

========================================================================
Received Import Request.
  Time since last request: 11.446424 seconds.
  path: Assets/BoxingGymPack/Scene/Boxing_Gym_Demo.unity
  artifactKey: Guid(7abd4394e52a43e45be657fb559905c2) Importer(815301076,1909f56bfc062723c751e8b465ee728b)
Start importing Assets/BoxingGymPack/Scene/Boxing_Gym_Demo.unity using Guid(7abd4394e52a43e45be657fb559905c2) Importer(815301076,1909f56bfc062723c751e8b465ee728b)  -> (artifact id: 'ac3e146dd2901e48074e55025cd900cf') in 0.002117 seconds 
  Import took 0.015289 seconds .

========================================================================
Received Import Request.
  Time since last request: 34.484784 seconds.
  path: Assets/_Backyard Boxers/Scenes/Environments/Boxing_Gym_Demo/Boxing_Gym_Demo
  artifactKey: Guid(7bbc03303cf69a84e9aa5e2a0c61996f) Importer(815301076,1909f56bfc062723c751e8b465ee728b)
Start importing Assets/_Backyard Boxers/Scenes/Environments/Boxing_Gym_Demo/Boxing_Gym_Demo using Guid(7bbc03303cf69a84e9aa5e2a0c61996f) Importer(815301076,1909f56bfc062723c751e8b465ee728b)  -> (artifact id: '809560e53b2019ea3dfbf68c6bad7873') in 0.012275 seconds 
  Import took 0.156292 seconds .

========================================================================
Received Import Request.
  Time since last request: 12.900282 seconds.
  path: Assets/_Backyard Boxers/Scenes/Environments/Gym
  artifactKey: Guid(37d8354aa10a67c4cb5ad17378b89674) Importer(815301076,1909f56bfc062723c751e8b465ee728b)
Start importing Assets/_Backyard Boxers/Scenes/Environments/Gym using Guid(37d8354aa10a67c4cb5ad17378b89674) Importer(815301076,1909f56bfc062723c751e8b465ee728b)  -> (artifact id: 'd8fb6b795ca8b213acd891c7b9202128') in 0.001527 seconds 
  Import took 0.045996 seconds .

========================================================================
Received Import Request.
  Time since last request: 1.777314 seconds.
  path: Assets/_Backyard Boxers/Scenes/Environments/Gym/Gym
  artifactKey: Guid(7bbc03303cf69a84e9aa5e2a0c61996f) Importer(815301076,1909f56bfc062723c751e8b465ee728b)
Start importing Assets/_Backyard Boxers/Scenes/Environments/Gym/Gym using Guid(7bbc03303cf69a84e9aa5e2a0c61996f) Importer(815301076,1909f56bfc062723c751e8b465ee728b)  -> (artifact id: 'a597d1e2609e309f8c4accb1ea0e85ae') in 0.003465 seconds 
  Import took 0.047113 seconds .

========================================================================
Received Import Request.
  Time since last request: 1.871114 seconds.
  path: Assets/_Backyard Boxers/Scenes/Environments/Gym/Gym.unity
  artifactKey: Guid(7abd4394e52a43e45be657fb559905c2) Importer(815301076,1909f56bfc062723c751e8b465ee728b)
Start importing Assets/_Backyard Boxers/Scenes/Environments/Gym/Gym.unity using Guid(7abd4394e52a43e45be657fb559905c2) Importer(815301076,1909f56bfc062723c751e8b465ee728b)  -> (artifact id: '4550911064e71fe031eac1426942d90f') in 0.004788 seconds 
  Import took 0.018143 seconds .

========================================================================
Received Import Request.
  Time since last request: 620.473644 seconds.
  path: Assets/_Backyard Boxers/Scenes/Environments/Abandoned Factory Fighting Scene/Abandoned Factory Fighting Scene.unity
  artifactKey: Guid(37489cc3cca2f1f41be40e48995f4744) Importer(815301076,1909f56bfc062723c751e8b465ee728b)
Start importing Assets/_Backyard Boxers/Scenes/Environments/Abandoned Factory Fighting Scene/Abandoned Factory Fighting Scene.unity using Guid(37489cc3cca2f1f41be40e48995f4744) Importer(815301076,1909f56bfc062723c751e8b465ee728b)  -> (artifact id: 'a8537b95e4398b70521f13ba84718f9d') in 0.003373 seconds 
  Import took 0.043215 seconds .

========================================================================
Received Import Request.
  Time since last request: 227.666480 seconds.
  path: Assets/_Backyard Boxers/Prefabs/Characters/Playable Character 01.prefab
  artifactKey: Guid(310fef077bcf7cd44b1f3d934b6ab0e8) Importer(815301076,1909f56bfc062723c751e8b465ee728b)
Start importing Assets/_Backyard Boxers/Prefabs/Characters/Playable Character 01.prefab using Guid(310fef077bcf7cd44b1f3d934b6ab0e8) Importer(815301076,1909f56bfc062723c751e8b465ee728b)  -> (artifact id: 'a2715b8b48c45aa7a8440bd4b49d1291') in 1.791772 seconds 
  Import took 1.838558 seconds .

========================================================================
Received Import Request.
  Time since last request: 64.931989 seconds.
  path: Assets/_Backyard Boxers/Scripts/Player.cs
  artifactKey: Guid(0b2d4a89c7e133c4ab7c619596730041) Importer(815301076,1909f56bfc062723c751e8b465ee728b)
Start importing Assets/_Backyard Boxers/Scripts/Player.cs using Guid(0b2d4a89c7e133c4ab7c619596730041) Importer(815301076,1909f56bfc062723c751e8b465ee728b)  -> (artifact id: '62ac661100f4f99073ef1981b45ba071') in 0.016032 seconds 
  Import took 0.026861 seconds .

========================================================================
Received Import Request.
  Time since last request: 2.968938 seconds.
  path: Assets/_Backyard Boxers/Scripts/Player1.cs
  artifactKey: Guid(e98b53cd65300af4f964954ee9aa508b) Importer(815301076,1909f56bfc062723c751e8b465ee728b)
Start importing Assets/_Backyard Boxers/Scripts/Player1.cs using Guid(e98b53cd65300af4f964954ee9aa508b) Importer(815301076,1909f56bfc062723c751e8b465ee728b)  -> (artifact id: '6503c244a6aaf38b216e209fcf6ed4d7') in 0.003361 seconds 
  Import took 0.016323 seconds .

========================================================================
Received Import Request.
  Time since last request: 48.836028 seconds.
  path: Assets/_Backyard Boxers/Scripts/PlayerTrainerController.cs
  artifactKey: Guid(e98b53cd65300af4f964954ee9aa508b) Importer(815301076,1909f56bfc062723c751e8b465ee728b)
Start importing Assets/_Backyard Boxers/Scripts/PlayerTrainerController.cs using Guid(e98b53cd65300af4f964954ee9aa508b) Importer(815301076,1909f56bfc062723c751e8b465ee728b)  -> (artifact id: '24b162a31afcd115aadd703242c3ce09') in 0.014709 seconds 
  Import took 0.030712 seconds .

========================================================================
Received Prepare
Script is not up to date after domain reload: guid(360979aafebd332448626a2236bafdb4) path("Assets/Cinemachine/PostFX/CinemachinePostFX.cs") state(2)
Registering precompiled user dll's ...
Registered in 0.025017 seconds.
Begin MonoManager ReloadAssembly
Native extension for WindowsStandalone target not found
Refreshing native plugins compatible for Editor in 1.20 ms, found 2 plugins.
Preloading 0 native plugins for Editor in 0.00 ms.
Mono: successfully reloaded assembly
- Completed reload, in  5.724 seconds
Domain Reload Profiling:
	ReloadAssembly (5725ms)
		BeginReloadAssembly (1515ms)
			ExecutionOrderSort (0ms)
			DisableScriptedObjects (68ms)
			BackupInstance (0ms)
			ReleaseScriptingObjects (0ms)
			CreateAndSetChildDomain (1247ms)
		EndReloadAssembly (4136ms)
			LoadAssemblies (138ms)
			RebuildTransferFunctionScriptingTraits (0ms)
			SetupTypeCache (556ms)
			ReleaseScriptCaches (1ms)
			RebuildScriptCaches (132ms)
			SetupLoadedEditorAssemblies (3000ms)
				LogAssemblyErrors (0ms)
				InitializePlatformSupportModulesInManaged (6ms)
				SetLoadedEditorAssemblies (1ms)
				RefreshPlugins (2ms)
				BeforeProcessingInitializeOnLoad (161ms)
				ProcessInitializeOnLoadAttributes (2696ms)
				ProcessInitializeOnLoadMethodAttributes (132ms)
				AfterProcessingInitializeOnLoad (3ms)
				EditorAssembliesLoaded (0ms)
			ExecutionOrderSort2 (0ms)
			AwakeInstancesAfterBackupRestoration (73ms)
Platform modules already initialized, skipping
Script is not up to date after domain reload: guid(360979aafebd332448626a2236bafdb4) path("Assets/Cinemachine/PostFX/CinemachinePostFX.cs") state(2)
Refreshing native plugins compatible for Editor in 1.45 ms, found 2 plugins.
Preloading 0 native plugins for Editor in 0.00 ms.
Unloading 4034 Unused Serialized files (Serialized files now loaded: 0)
System memory in use before: 223.5 MB.
System memory in use after: 223.8 MB.

Unloading 35 unused Assets to reduce memory usage. Loaded Objects now: 4789.
Total: 16.943400 ms (FindLiveObjects: 1.506200 ms CreateObjectMapping: 0.411900 ms MarkObjects: 14.693900 ms  DeleteObjects: 0.329300 ms)

AssetImportParameters requested are different than current active one (requested -> active):
  requireTextureImportCompression: false -> true
  custom:framework-win-MediaFoundation: 216162199b28c13a410421893ffa2e32 -> 
  custom:video-decoder-ogg-theora: a1e56fd34408186e4bbccfd4996cb3dc -> 
  custom:container-muxer-webm: aa71ff27fc2769a1b78a27578f13a17b -> 
  custom:container-demuxer-webm: 4f35f7cbe854078d1ac9338744f61a02 -> 
  custom:container-demuxer-ogg: 62fdf1f143b41e24485cea50d1cbac27 -> 
  custom:video-encoder-webm-vp8: eb34c28f22e8b96e1ab97ce403110664 -> 
  custom:video-decoder-webm-vp8: 9c59270c3fd7afecdb556c50c9e8de78 -> 
  custom:audio-decoder-ogg-vorbis: bf7c407c2cedff20999df2af8eb42d56 -> 
  custom:audio-encoder-webm-vorbis: bf7c407c2cedff20999df2af8eb42d56 -> 
========================================================================
Received Import Request.
  Time since last request: 58.354264 seconds.
  path: Assets/_Backyard Boxers/Scripts/PlayerTrainerController.cs
  artifactKey: Guid(e98b53cd65300af4f964954ee9aa508b) Importer(815301076,1909f56bfc062723c751e8b465ee728b)
Start importing Assets/_Backyard Boxers/Scripts/PlayerTrainerController.cs using Guid(e98b53cd65300af4f964954ee9aa508b) Importer(815301076,1909f56bfc062723c751e8b465ee728b)  -> (artifact id: '9741efef9fe4ebb47e0e69862f6fd707') in 0.007372 seconds 
  Import took 0.024119 seconds .

========================================================================
Received Import Request.
  Time since last request: 177.729177 seconds.
  path: Assets/_Backyard Boxers/Scenes/Environments/Gym/Gym.unity
  artifactKey: Guid(7abd4394e52a43e45be657fb559905c2) Importer(815301076,1909f56bfc062723c751e8b465ee728b)
Start importing Assets/_Backyard Boxers/Scenes/Environments/Gym/Gym.unity using Guid(7abd4394e52a43e45be657fb559905c2) Importer(815301076,1909f56bfc062723c751e8b465ee728b)  -> (artifact id: 'af390e43b9ae8d0dfe015fc39bc6b4b9') in 0.047425 seconds 
  Import took 0.064818 seconds .

========================================================================
Received Prepare
Script is not up to date after domain reload: guid(360979aafebd332448626a2236bafdb4) path("Assets/Cinemachine/PostFX/CinemachinePostFX.cs") state(2)
Registering precompiled user dll's ...
Registered in 0.011701 seconds.
Begin MonoManager ReloadAssembly
Native extension for WindowsStandalone target not found
Refreshing native plugins compatible for Editor in 2.59 ms, found 2 plugins.
Preloading 0 native plugins for Editor in 0.00 ms.
Mono: successfully reloaded assembly
- Completed reload, in  6.907 seconds
Domain Reload Profiling:
	ReloadAssembly (6907ms)
		BeginReloadAssembly (403ms)
			ExecutionOrderSort (0ms)
			DisableScriptedObjects (11ms)
			BackupInstance (0ms)
			ReleaseScriptingObjects (0ms)
			CreateAndSetChildDomain (218ms)
		EndReloadAssembly (6417ms)
			LoadAssemblies (205ms)
			RebuildTransferFunctionScriptingTraits (0ms)
			SetupTypeCache (820ms)
			ReleaseScriptCaches (7ms)
			RebuildScriptCaches (158ms)
			SetupLoadedEditorAssemblies (4913ms)
				LogAssemblyErrors (0ms)
				InitializePlatformSupportModulesInManaged (16ms)
				SetLoadedEditorAssemblies (2ms)
				RefreshPlugins (3ms)
				BeforeProcessingInitializeOnLoad (289ms)
				ProcessInitializeOnLoadAttributes (4399ms)
				ProcessInitializeOnLoadMethodAttributes (201ms)
				AfterProcessingInitializeOnLoad (3ms)
				EditorAssembliesLoaded (0ms)
			ExecutionOrderSort2 (0ms)
			AwakeInstancesAfterBackupRestoration (34ms)
Platform modules already initialized, skipping
Script is not up to date after domain reload: guid(360979aafebd332448626a2236bafdb4) path("Assets/Cinemachine/PostFX/CinemachinePostFX.cs") state(2)
Refreshing native plugins compatible for Editor in 1.68 ms, found 2 plugins.
Preloading 0 native plugins for Editor in 0.00 ms.
Unloading 4035 Unused Serialized files (Serialized files now loaded: 0)
System memory in use before: 224.3 MB.
System memory in use after: 224.6 MB.

Unloading 18 unused Assets to reduce memory usage. Loaded Objects now: 4791.
Total: 15.745100 ms (FindLiveObjects: 0.544800 ms CreateObjectMapping: 0.367000 ms MarkObjects: 14.797000 ms  DeleteObjects: 0.035000 ms)

AssetImportParameters requested are different than current active one (requested -> active):
  requireTextureImportCompression: false -> true
  custom:framework-win-MediaFoundation: 216162199b28c13a410421893ffa2e32 -> 
  custom:video-decoder-ogg-theora: a1e56fd34408186e4bbccfd4996cb3dc -> 
  custom:container-muxer-webm: aa71ff27fc2769a1b78a27578f13a17b -> 
  custom:container-demuxer-webm: 4f35f7cbe854078d1ac9338744f61a02 -> 
  custom:container-demuxer-ogg: 62fdf1f143b41e24485cea50d1cbac27 -> 
  custom:video-encoder-webm-vp8: eb34c28f22e8b96e1ab97ce403110664 -> 
  custom:video-decoder-webm-vp8: 9c59270c3fd7afecdb556c50c9e8de78 -> 
  custom:audio-decoder-ogg-vorbis: bf7c407c2cedff20999df2af8eb42d56 -> 
  custom:audio-encoder-webm-vorbis: bf7c407c2cedff20999df2af8eb42d56 -> 
========================================================================
Received Prepare
Script is not up to date after domain reload: guid(360979aafebd332448626a2236bafdb4) path("Assets/Cinemachine/PostFX/CinemachinePostFX.cs") state(2)
Registering precompiled user dll's ...
Registered in 0.035760 seconds.
Begin MonoManager ReloadAssembly
Native extension for WindowsStandalone target not found
Refreshing native plugins compatible for Editor in 1.70 ms, found 2 plugins.
Preloading 0 native plugins for Editor in 0.00 ms.
Mono: successfully reloaded assembly
- Completed reload, in 14.786 seconds
Domain Reload Profiling:
	ReloadAssembly (14799ms)
		BeginReloadAssembly (548ms)
			ExecutionOrderSort (0ms)
			DisableScriptedObjects (28ms)
			BackupInstance (0ms)
			ReleaseScriptingObjects (4ms)
			CreateAndSetChildDomain (274ms)
		EndReloadAssembly (13949ms)
			LoadAssemblies (383ms)
			RebuildTransferFunctionScriptingTraits (0ms)
			SetupTypeCache (1359ms)
			ReleaseScriptCaches (2ms)
			RebuildScriptCaches (315ms)
			SetupLoadedEditorAssemblies (10852ms)
				LogAssemblyErrors (0ms)
				InitializePlatformSupportModulesInManaged (19ms)
				SetLoadedEditorAssemblies (1ms)
				RefreshPlugins (2ms)
				BeforeProcessingInitializeOnLoad (458ms)
				ProcessInitializeOnLoadAttributes (9644ms)
				ProcessInitializeOnLoadMethodAttributes (695ms)
				AfterProcessingInitializeOnLoad (29ms)
				EditorAssembliesLoaded (4ms)
			ExecutionOrderSort2 (0ms)
			AwakeInstancesAfterBackupRestoration (161ms)
Platform modules already initialized, skipping
Script is not up to date after domain reload: guid(360979aafebd332448626a2236bafdb4) path("Assets/Cinemachine/PostFX/CinemachinePostFX.cs") state(2)
Refreshing native plugins compatible for Editor in 10.21 ms, found 2 plugins.
Preloading 0 native plugins for Editor in 0.00 ms.
Unloading 4035 Unused Serialized files (Serialized files now loaded: 0)
System memory in use before: 224.4 MB.
System memory in use after: 224.6 MB.

Unloading 18 unused Assets to reduce memory usage. Loaded Objects now: 4793.
Total: 33.945000 ms (FindLiveObjects: 2.899400 ms CreateObjectMapping: 3.544700 ms MarkObjects: 27.347100 ms  DeleteObjects: 0.035000 ms)

AssetImportParameters requested are different than current active one (requested -> active):
  requireTextureImportCompression: false -> true
  custom:framework-win-MediaFoundation: 216162199b28c13a410421893ffa2e32 -> 
  custom:video-decoder-ogg-theora: a1e56fd34408186e4bbccfd4996cb3dc -> 
  custom:container-muxer-webm: aa71ff27fc2769a1b78a27578f13a17b -> 
  custom:container-demuxer-webm: 4f35f7cbe854078d1ac9338744f61a02 -> 
  custom:container-demuxer-ogg: 62fdf1f143b41e24485cea50d1cbac27 -> 
  custom:video-encoder-webm-vp8: eb34c28f22e8b96e1ab97ce403110664 -> 
  custom:video-decoder-webm-vp8: 9c59270c3fd7afecdb556c50c9e8de78 -> 
  custom:audio-decoder-ogg-vorbis: bf7c407c2cedff20999df2af8eb42d56 -> 
  custom:audio-encoder-webm-vorbis: bf7c407c2cedff20999df2af8eb42d56 -> 
========================================================================
Received Prepare
Script is not up to date after domain reload: guid(360979aafebd332448626a2236bafdb4) path("Assets/Cinemachine/PostFX/CinemachinePostFX.cs") state(2)
Registering precompiled user dll's ...
Registered in 0.009631 seconds.
Begin MonoManager ReloadAssembly
Native extension for WindowsStandalone target not found
Refreshing native plugins compatible for Editor in 1.35 ms, found 2 plugins.
Preloading 0 native plugins for Editor in 0.00 ms.
Mono: successfully reloaded assembly
- Completed reload, in  8.348 seconds
Domain Reload Profiling:
	ReloadAssembly (8348ms)
		BeginReloadAssembly (286ms)
			ExecutionOrderSort (0ms)
			DisableScriptedObjects (9ms)
			BackupInstance (0ms)
			ReleaseScriptingObjects (0ms)
			CreateAndSetChildDomain (158ms)
		EndReloadAssembly (7831ms)
			LoadAssemblies (326ms)
			RebuildTransferFunctionScriptingTraits (0ms)
			SetupTypeCache (993ms)
			ReleaseScriptCaches (2ms)
			RebuildScriptCaches (111ms)
			SetupLoadedEditorAssemblies (6049ms)
				LogAssemblyErrors (0ms)
				InitializePlatformSupportModulesInManaged (13ms)
				SetLoadedEditorAssemblies (1ms)
				RefreshPlugins (1ms)
				BeforeProcessingInitializeOnLoad (434ms)
				ProcessInitializeOnLoadAttributes (5315ms)
				ProcessInitializeOnLoadMethodAttributes (280ms)
				AfterProcessingInitializeOnLoad (3ms)
				EditorAssembliesLoaded (0ms)
			ExecutionOrderSort2 (0ms)
			AwakeInstancesAfterBackupRestoration (34ms)
Platform modules already initialized, skipping
Script is not up to date after domain reload: guid(360979aafebd332448626a2236bafdb4) path("Assets/Cinemachine/PostFX/CinemachinePostFX.cs") state(2)
Refreshing native plugins compatible for Editor in 1.08 ms, found 2 plugins.
Preloading 0 native plugins for Editor in 0.00 ms.
Unloading 4035 Unused Serialized files (Serialized files now loaded: 0)
System memory in use before: 224.4 MB.
System memory in use after: 224.7 MB.

Unloading 18 unused Assets to reduce memory usage. Loaded Objects now: 4795.
Total: 70.808300 ms (FindLiveObjects: 1.536400 ms CreateObjectMapping: 0.428100 ms MarkObjects: 68.792300 ms  DeleteObjects: 0.050100 ms)

AssetImportParameters requested are different than current active one (requested -> active):
  requireTextureImportCompression: false -> true
  custom:framework-win-MediaFoundation: 216162199b28c13a410421893ffa2e32 -> 
  custom:video-decoder-ogg-theora: a1e56fd34408186e4bbccfd4996cb3dc -> 
  custom:container-muxer-webm: aa71ff27fc2769a1b78a27578f13a17b -> 
  custom:container-demuxer-webm: 4f35f7cbe854078d1ac9338744f61a02 -> 
  custom:container-demuxer-ogg: 62fdf1f143b41e24485cea50d1cbac27 -> 
  custom:video-encoder-webm-vp8: eb34c28f22e8b96e1ab97ce403110664 -> 
  custom:video-decoder-webm-vp8: 9c59270c3fd7afecdb556c50c9e8de78 -> 
  custom:audio-decoder-ogg-vorbis: bf7c407c2cedff20999df2af8eb42d56 -> 
  custom:audio-encoder-webm-vorbis: bf7c407c2cedff20999df2af8eb42d56 -> 
========================================================================
Received Prepare
Script is not up to date after domain reload: guid(360979aafebd332448626a2236bafdb4) path("Assets/Cinemachine/PostFX/CinemachinePostFX.cs") state(2)
Registering precompiled user dll's ...
Registered in 0.006969 seconds.
Begin MonoManager ReloadAssembly
Native extension for WindowsStandalone target not found
Refreshing native plugins compatible for Editor in 19.97 ms, found 2 plugins.
Preloading 0 native plugins for Editor in 0.00 ms.
Mono: successfully reloaded assembly
- Completed reload, in  8.214 seconds
Domain Reload Profiling:
	ReloadAssembly (8215ms)
		BeginReloadAssembly (261ms)
			ExecutionOrderSort (0ms)
			DisableScriptedObjects (9ms)
			BackupInstance (0ms)
			ReleaseScriptingObjects (0ms)
			CreateAndSetChildDomain (129ms)
		EndReloadAssembly (7784ms)
			LoadAssemblies (150ms)
			RebuildTransferFunctionScriptingTraits (0ms)
			SetupTypeCache (939ms)
			ReleaseScriptCaches (7ms)
			RebuildScriptCaches (272ms)
			SetupLoadedEditorAssemblies (5663ms)
				LogAssemblyErrors (0ms)
				InitializePlatformSupportModulesInManaged (43ms)
				SetLoadedEditorAssemblies (1ms)
				RefreshPlugins (21ms)
				BeforeProcessingInitializeOnLoad (518ms)
				ProcessInitializeOnLoadAttributes (4926ms)
				ProcessInitializeOnLoadMethodAttributes (149ms)
				AfterProcessingInitializeOnLoad (5ms)
				EditorAssembliesLoaded (0ms)
			ExecutionOrderSort2 (0ms)
			AwakeInstancesAfterBackupRestoration (46ms)
Platform modules already initialized, skipping
Script is not up to date after domain reload: guid(360979aafebd332448626a2236bafdb4) path("Assets/Cinemachine/PostFX/CinemachinePostFX.cs") state(2)
Refreshing native plugins compatible for Editor in 1.54 ms, found 2 plugins.
Preloading 0 native plugins for Editor in 0.00 ms.
Unloading 4035 Unused Serialized files (Serialized files now loaded: 0)
System memory in use before: 224.4 MB.
System memory in use after: 224.7 MB.

Unloading 18 unused Assets to reduce memory usage. Loaded Objects now: 4797.
Total: 24.073000 ms (FindLiveObjects: 7.425400 ms CreateObjectMapping: 0.953700 ms MarkObjects: 15.653500 ms  DeleteObjects: 0.037800 ms)

AssetImportParameters requested are different than current active one (requested -> active):
  requireTextureImportCompression: false -> true
  custom:framework-win-MediaFoundation: 216162199b28c13a410421893ffa2e32 -> 
  custom:video-decoder-ogg-theora: a1e56fd34408186e4bbccfd4996cb3dc -> 
  custom:container-muxer-webm: aa71ff27fc2769a1b78a27578f13a17b -> 
  custom:container-demuxer-webm: 4f35f7cbe854078d1ac9338744f61a02 -> 
  custom:container-demuxer-ogg: 62fdf1f143b41e24485cea50d1cbac27 -> 
  custom:video-encoder-webm-vp8: eb34c28f22e8b96e1ab97ce403110664 -> 
  custom:video-decoder-webm-vp8: 9c59270c3fd7afecdb556c50c9e8de78 -> 
  custom:audio-decoder-ogg-vorbis: bf7c407c2cedff20999df2af8eb42d56 -> 
  custom:audio-encoder-webm-vorbis: bf7c407c2cedff20999df2af8eb42d56 -> 
========================================================================
Received Prepare
Script is not up to date after domain reload: guid(360979aafebd332448626a2236bafdb4) path("Assets/Cinemachine/PostFX/CinemachinePostFX.cs") state(2)
Registering precompiled user dll's ...
Registered in 0.023858 seconds.
Begin MonoManager ReloadAssembly
Native extension for WindowsStandalone target not found
Refreshing native plugins compatible for Editor in 2.91 ms, found 2 plugins.
Preloading 0 native plugins for Editor in 0.00 ms.
Mono: successfully reloaded assembly
- Completed reload, in  9.886 seconds
Domain Reload Profiling:
	ReloadAssembly (9887ms)
		BeginReloadAssembly (358ms)
			ExecutionOrderSort (0ms)
			DisableScriptedObjects (7ms)
			BackupInstance (0ms)
			ReleaseScriptingObjects (0ms)
			CreateAndSetChildDomain (185ms)
		EndReloadAssembly (9415ms)
			LoadAssemblies (251ms)
			RebuildTransferFunctionScriptingTraits (0ms)
			SetupTypeCache (1960ms)
			ReleaseScriptCaches (3ms)
			RebuildScriptCaches (70ms)
			SetupLoadedEditorAssemblies (6811ms)
				LogAssemblyErrors (0ms)
				InitializePlatformSupportModulesInManaged (8ms)
				SetLoadedEditorAssemblies (0ms)
				RefreshPlugins (3ms)
				BeforeProcessingInitializeOnLoad (327ms)
				ProcessInitializeOnLoadAttributes (6276ms)
				ProcessInitializeOnLoadMethodAttributes (193ms)
				AfterProcessingInitializeOnLoad (4ms)
				EditorAssembliesLoaded (0ms)
			ExecutionOrderSort2 (0ms)
			AwakeInstancesAfterBackupRestoration (41ms)
Platform modules already initialized, skipping
Script is not up to date after domain reload: guid(360979aafebd332448626a2236bafdb4) path("Assets/Cinemachine/PostFX/CinemachinePostFX.cs") state(2)
Refreshing native plugins compatible for Editor in 1.67 ms, found 2 plugins.
Preloading 0 native plugins for Editor in 0.00 ms.
Unloading 4035 Unused Serialized files (Serialized files now loaded: 0)
System memory in use before: 224.5 MB.
System memory in use after: 224.7 MB.

Unloading 18 unused Assets to reduce memory usage. Loaded Objects now: 4799.
Total: 11.832200 ms (FindLiveObjects: 1.262000 ms CreateObjectMapping: 0.446600 ms MarkObjects: 10.085300 ms  DeleteObjects: 0.036500 ms)

AssetImportParameters requested are different than current active one (requested -> active):
  requireTextureImportCompression: false -> true
  custom:framework-win-MediaFoundation: 216162199b28c13a410421893ffa2e32 -> 
  custom:video-decoder-ogg-theora: a1e56fd34408186e4bbccfd4996cb3dc -> 
  custom:container-muxer-webm: aa71ff27fc2769a1b78a27578f13a17b -> 
  custom:container-demuxer-webm: 4f35f7cbe854078d1ac9338744f61a02 -> 
  custom:container-demuxer-ogg: 62fdf1f143b41e24485cea50d1cbac27 -> 
  custom:video-encoder-webm-vp8: eb34c28f22e8b96e1ab97ce403110664 -> 
  custom:video-decoder-webm-vp8: 9c59270c3fd7afecdb556c50c9e8de78 -> 
  custom:audio-decoder-ogg-vorbis: bf7c407c2cedff20999df2af8eb42d56 -> 
  custom:audio-encoder-webm-vorbis: bf7c407c2cedff20999df2af8eb42d56 -> 
========================================================================
Received Prepare
Script is not up to date after domain reload: guid(360979aafebd332448626a2236bafdb4) path("Assets/Cinemachine/PostFX/CinemachinePostFX.cs") state(2)
Registering precompiled user dll's ...
Registered in 0.007461 seconds.
Begin MonoManager ReloadAssembly
Native extension for WindowsStandalone target not found
Refreshing native plugins compatible for Editor in 11.63 ms, found 2 plugins.
Preloading 0 native plugins for Editor in 0.00 ms.
Mono: successfully reloaded assembly
- Completed reload, in  5.427 seconds
Domain Reload Profiling:
	ReloadAssembly (5427ms)
		BeginReloadAssembly (280ms)
			ExecutionOrderSort (0ms)
			DisableScriptedObjects (9ms)
			BackupInstance (0ms)
			ReleaseScriptingObjects (0ms)
			CreateAndSetChildDomain (162ms)
		EndReloadAssembly (5056ms)
			LoadAssemblies (173ms)
			RebuildTransferFunctionScriptingTraits (0ms)
			SetupTypeCache (564ms)
			ReleaseScriptCaches (3ms)
			RebuildScriptCaches (170ms)
			SetupLoadedEditorAssemblies (3784ms)
				LogAssemblyErrors (0ms)
				InitializePlatformSupportModulesInManaged (9ms)
				SetLoadedEditorAssemblies (1ms)
				RefreshPlugins (12ms)
				BeforeProcessingInitializeOnLoad (223ms)
				ProcessInitializeOnLoadAttributes (3361ms)
				ProcessInitializeOnLoadMethodAttributes (176ms)
				AfterProcessingInitializeOnLoad (3ms)
				EditorAssembliesLoaded (0ms)
			ExecutionOrderSort2 (0ms)
			AwakeInstancesAfterBackupRestoration (24ms)
Platform modules already initialized, skipping
Script is not up to date after domain reload: guid(360979aafebd332448626a2236bafdb4) path("Assets/Cinemachine/PostFX/CinemachinePostFX.cs") state(2)
Refreshing native plugins compatible for Editor in 1.30 ms, found 2 plugins.
Preloading 0 native plugins for Editor in 0.00 ms.
Unloading 4035 Unused Serialized files (Serialized files now loaded: 0)
System memory in use before: 224.5 MB.
System memory in use after: 224.8 MB.

Unloading 18 unused Assets to reduce memory usage. Loaded Objects now: 4801.
Total: 40.378500 ms (FindLiveObjects: 0.520200 ms CreateObjectMapping: 0.349200 ms MarkObjects: 39.476000 ms  DeleteObjects: 0.031600 ms)

AssetImportParameters requested are different than current active one (requested -> active):
  requireTextureImportCompression: false -> true
  custom:framework-win-MediaFoundation: 216162199b28c13a410421893ffa2e32 -> 
  custom:video-decoder-ogg-theora: a1e56fd34408186e4bbccfd4996cb3dc -> 
  custom:container-muxer-webm: aa71ff27fc2769a1b78a27578f13a17b -> 
  custom:container-demuxer-webm: 4f35f7cbe854078d1ac9338744f61a02 -> 
  custom:container-demuxer-ogg: 62fdf1f143b41e24485cea50d1cbac27 -> 
  custom:video-encoder-webm-vp8: eb34c28f22e8b96e1ab97ce403110664 -> 
  custom:video-decoder-webm-vp8: 9c59270c3fd7afecdb556c50c9e8de78 -> 
  custom:audio-decoder-ogg-vorbis: bf7c407c2cedff20999df2af8eb42d56 -> 
  custom:audio-encoder-webm-vorbis: bf7c407c2cedff20999df2af8eb42d56 -> 
========================================================================
Received Prepare
Script is not up to date after domain reload: guid(360979aafebd332448626a2236bafdb4) path("Assets/Cinemachine/PostFX/CinemachinePostFX.cs") state(2)
Registering precompiled user dll's ...
Registered in 0.005256 seconds.
Begin MonoManager ReloadAssembly
Native extension for WindowsStandalone target not found
Refreshing native plugins compatible for Editor in 1.39 ms, found 2 plugins.
Preloading 0 native plugins for Editor in 0.00 ms.
Mono: successfully reloaded assembly
- Completed reload, in  5.715 seconds
Domain Reload Profiling:
	ReloadAssembly (5716ms)
		BeginReloadAssembly (450ms)
			ExecutionOrderSort (0ms)
			DisableScriptedObjects (13ms)
			BackupInstance (0ms)
			ReleaseScriptingObjects (0ms)
			CreateAndSetChildDomain (298ms)
		EndReloadAssembly (5147ms)
			LoadAssemblies (192ms)
			RebuildTransferFunctionScriptingTraits (0ms)
			SetupTypeCache (578ms)
			ReleaseScriptCaches (2ms)
			RebuildScriptCaches (88ms)
			SetupLoadedEditorAssemblies (4034ms)
				LogAssemblyErrors (0ms)
				InitializePlatformSupportModulesInManaged (9ms)
				SetLoadedEditorAssemblies (1ms)
				RefreshPlugins (1ms)
				BeforeProcessingInitializeOnLoad (208ms)
				ProcessInitializeOnLoadAttributes (3705ms)
				ProcessInitializeOnLoadMethodAttributes (106ms)
				AfterProcessingInitializeOnLoad (3ms)
				EditorAssembliesLoaded (0ms)
			ExecutionOrderSort2 (0ms)
			AwakeInstancesAfterBackupRestoration (25ms)
Platform modules already initialized, skipping
Script is not up to date after domain reload: guid(360979aafebd332448626a2236bafdb4) path("Assets/Cinemachine/PostFX/CinemachinePostFX.cs") state(2)
Refreshing native plugins compatible for Editor in 1.67 ms, found 2 plugins.
Preloading 0 native plugins for Editor in 0.00 ms.
Unloading 4035 Unused Serialized files (Serialized files now loaded: 0)
System memory in use before: 224.5 MB.
System memory in use after: 224.8 MB.

Unloading 18 unused Assets to reduce memory usage. Loaded Objects now: 4803.
Total: 12.197000 ms (FindLiveObjects: 0.502400 ms CreateObjectMapping: 1.026600 ms MarkObjects: 10.632600 ms  DeleteObjects: 0.034000 ms)

AssetImportParameters requested are different than current active one (requested -> active):
  requireTextureImportCompression: false -> true
  custom:framework-win-MediaFoundation: 216162199b28c13a410421893ffa2e32 -> 
  custom:video-decoder-ogg-theora: a1e56fd34408186e4bbccfd4996cb3dc -> 
  custom:container-muxer-webm: aa71ff27fc2769a1b78a27578f13a17b -> 
  custom:container-demuxer-webm: 4f35f7cbe854078d1ac9338744f61a02 -> 
  custom:container-demuxer-ogg: 62fdf1f143b41e24485cea50d1cbac27 -> 
  custom:video-encoder-webm-vp8: eb34c28f22e8b96e1ab97ce403110664 -> 
  custom:video-decoder-webm-vp8: 9c59270c3fd7afecdb556c50c9e8de78 -> 
  custom:audio-decoder-ogg-vorbis: bf7c407c2cedff20999df2af8eb42d56 -> 
  custom:audio-encoder-webm-vorbis: bf7c407c2cedff20999df2af8eb42d56 -> 
========================================================================
Received Import Request.
  Time since last request: 2101.254273 seconds.
  path: Assets/_Backyard Boxers/Scenes/Main Menu/Main Menu.unity
  artifactKey: Guid(b82924d0e02796c4097af4811649aca1) Importer(815301076,1909f56bfc062723c751e8b465ee728b)
Start importing Assets/_Backyard Boxers/Scenes/Main Menu/Main Menu.unity using Guid(b82924d0e02796c4097af4811649aca1) Importer(815301076,1909f56bfc062723c751e8b465ee728b)  -> (artifact id: '60d66027b6e1c443d149b06d30eca038') in 0.043915 seconds 
  Import took 0.065667 seconds .

========================================================================
Received Prepare
Script is not up to date after domain reload: guid(360979aafebd332448626a2236bafdb4) path("Assets/Cinemachine/PostFX/CinemachinePostFX.cs") state(2)
Registering precompiled user dll's ...
Registered in 0.029009 seconds.
Begin MonoManager ReloadAssembly
Native extension for WindowsStandalone target not found
Refreshing native plugins compatible for Editor in 1.74 ms, found 2 plugins.
Preloading 0 native plugins for Editor in 0.00 ms.
Mono: successfully reloaded assembly
- Completed reload, in  6.822 seconds
Domain Reload Profiling:
	ReloadAssembly (6823ms)
		BeginReloadAssembly (330ms)
			ExecutionOrderSort (0ms)
			DisableScriptedObjects (7ms)
			BackupInstance (0ms)
			ReleaseScriptingObjects (0ms)
			CreateAndSetChildDomain (183ms)
		EndReloadAssembly (6348ms)
			LoadAssemblies (357ms)
			RebuildTransferFunctionScriptingTraits (0ms)
			SetupTypeCache (826ms)
			ReleaseScriptCaches (3ms)
			RebuildScriptCaches (81ms)
			SetupLoadedEditorAssemblies (4855ms)
				LogAssemblyErrors (0ms)
				InitializePlatformSupportModulesInManaged (6ms)
				SetLoadedEditorAssemblies (1ms)
				RefreshPlugins (2ms)
				BeforeProcessingInitializeOnLoad (142ms)
				ProcessInitializeOnLoadAttributes (4384ms)
				ProcessInitializeOnLoadMethodAttributes (315ms)
				AfterProcessingInitializeOnLoad (4ms)
				EditorAssembliesLoaded (1ms)
			ExecutionOrderSort2 (0ms)
			AwakeInstancesAfterBackupRestoration (61ms)
Platform modules already initialized, skipping
Script is not up to date after domain reload: guid(360979aafebd332448626a2236bafdb4) path("Assets/Cinemachine/PostFX/CinemachinePostFX.cs") state(2)
Refreshing native plugins compatible for Editor in 1.45 ms, found 2 plugins.
Preloading 0 native plugins for Editor in 0.00 ms.
Unloading 4035 Unused Serialized files (Serialized files now loaded: 0)
System memory in use before: 224.6 MB.
System memory in use after: 224.8 MB.

Unloading 18 unused Assets to reduce memory usage. Loaded Objects now: 4805.
Total: 6.166400 ms (FindLiveObjects: 0.609200 ms CreateObjectMapping: 0.381800 ms MarkObjects: 5.137400 ms  DeleteObjects: 0.035900 ms)

AssetImportParameters requested are different than current active one (requested -> active):
  requireTextureImportCompression: false -> true
  custom:framework-win-MediaFoundation: 216162199b28c13a410421893ffa2e32 -> 
  custom:video-decoder-ogg-theora: a1e56fd34408186e4bbccfd4996cb3dc -> 
  custom:container-muxer-webm: aa71ff27fc2769a1b78a27578f13a17b -> 
  custom:container-demuxer-webm: 4f35f7cbe854078d1ac9338744f61a02 -> 
  custom:container-demuxer-ogg: 62fdf1f143b41e24485cea50d1cbac27 -> 
  custom:video-encoder-webm-vp8: eb34c28f22e8b96e1ab97ce403110664 -> 
  custom:video-decoder-webm-vp8: 9c59270c3fd7afecdb556c50c9e8de78 -> 
  custom:audio-decoder-ogg-vorbis: bf7c407c2cedff20999df2af8eb42d56 -> 
  custom:audio-encoder-webm-vorbis: bf7c407c2cedff20999df2af8eb42d56 -> 
========================================================================
Received Import Request.
  Time since last request: 37.267001 seconds.
  path: Assets/_Backyard Boxers/Scenes/Environments/Gym/Gym.unity
  artifactKey: Guid(7abd4394e52a43e45be657fb559905c2) Importer(815301076,1909f56bfc062723c751e8b465ee728b)
Start importing Assets/_Backyard Boxers/Scenes/Environments/Gym/Gym.unity using Guid(7abd4394e52a43e45be657fb559905c2) Importer(815301076,1909f56bfc062723c751e8b465ee728b)  -> (artifact id: 'fb82c7df4cb5e15e311773fe795ab46a') in 0.024651 seconds 
  Import took 0.054933 seconds .

========================================================================
Received Prepare
Script is not up to date after domain reload: guid(360979aafebd332448626a2236bafdb4) path("Assets/Cinemachine/PostFX/CinemachinePostFX.cs") state(2)
Registering precompiled user dll's ...
Registered in 0.033732 seconds.
Begin MonoManager ReloadAssembly
Native extension for WindowsStandalone target not found
Refreshing native plugins compatible for Editor in 1.46 ms, found 2 plugins.
Preloading 0 native plugins for Editor in 0.00 ms.
Mono: successfully reloaded assembly
- Completed reload, in  4.413 seconds
Domain Reload Profiling:
	ReloadAssembly (4413ms)
		BeginReloadAssembly (330ms)
			ExecutionOrderSort (0ms)
			DisableScriptedObjects (6ms)
			BackupInstance (0ms)
			ReleaseScriptingObjects (0ms)
			CreateAndSetChildDomain (78ms)
		EndReloadAssembly (4021ms)
			LoadAssemblies (356ms)
			RebuildTransferFunctionScriptingTraits (0ms)
			SetupTypeCache (455ms)
			ReleaseScriptCaches (2ms)
			RebuildScriptCaches (83ms)
			SetupLoadedEditorAssemblies (2999ms)
				LogAssemblyErrors (0ms)
				InitializePlatformSupportModulesInManaged (6ms)
				SetLoadedEditorAssemblies (1ms)
				RefreshPlugins (2ms)
				BeforeProcessingInitializeOnLoad (126ms)
				ProcessInitializeOnLoadAttributes (2678ms)
				ProcessInitializeOnLoadMethodAttributes (181ms)
				AfterProcessingInitializeOnLoad (5ms)
				EditorAssembliesLoaded (1ms)
			ExecutionOrderSort2 (0ms)
			AwakeInstancesAfterBackupRestoration (40ms)
Platform modules already initialized, skipping
Script is not up to date after domain reload: guid(360979aafebd332448626a2236bafdb4) path("Assets/Cinemachine/PostFX/CinemachinePostFX.cs") state(2)
Refreshing native plugins compatible for Editor in 4.20 ms, found 2 plugins.
Preloading 0 native plugins for Editor in 0.00 ms.
Unloading 4035 Unused Serialized files (Serialized files now loaded: 0)
System memory in use before: 223.6 MB.
System memory in use after: 223.8 MB.

Unloading 18 unused Assets to reduce memory usage. Loaded Objects now: 4807.
Total: 6.627200 ms (FindLiveObjects: 0.624100 ms CreateObjectMapping: 0.431600 ms MarkObjects: 5.532900 ms  DeleteObjects: 0.037200 ms)

AssetImportParameters requested are different than current active one (requested -> active):
  requireTextureImportCompression: false -> true
  custom:framework-win-MediaFoundation: 216162199b28c13a410421893ffa2e32 -> 
  custom:video-decoder-ogg-theora: a1e56fd34408186e4bbccfd4996cb3dc -> 
  custom:container-muxer-webm: aa71ff27fc2769a1b78a27578f13a17b -> 
  custom:container-demuxer-webm: 4f35f7cbe854078d1ac9338744f61a02 -> 
  custom:container-demuxer-ogg: 62fdf1f143b41e24485cea50d1cbac27 -> 
  custom:video-encoder-webm-vp8: eb34c28f22e8b96e1ab97ce403110664 -> 
  custom:video-decoder-webm-vp8: 9c59270c3fd7afecdb556c50c9e8de78 -> 
  custom:audio-decoder-ogg-vorbis: bf7c407c2cedff20999df2af8eb42d56 -> 
  custom:audio-encoder-webm-vorbis: bf7c407c2cedff20999df2af8eb42d56 -> 
AssetImportWorkerClient::OnTransportError - code=2 error=End of file
