Using pre-set license
Built from '2020.3/staging' branch; Version is '2020.3.14f1 (d0d1bb862f9d) revision 13685179'; Using compiler version '192528614'; Build Type 'Release'
OS: 'Windows 10 Home; OS build 19043.1165; Version 2009; 64bit' Language: 'en' Physical Memory: 16318 MB
BatchMode: 1, IsHumanControllingUs: 0, StartBugReporterOnCrash: 0, Is64bit: 1, IsPro: 0

 COMMAND LINE ARGUMENTS:
C:\Program Files\Unity Builds\2020.3.14f1\Editor\Unity.exe
-adb2
-batchMode
-noUpm
-name
AssetImportWorker1
-projectPath
C:/Repos/TippingToast/[production URP] Backyard Boxing
-logFile
Logs/AssetImportWorker1.log
-srvPort
65521
Successfully changed project path to: C:/Repos/TippingToast/[production URP] Backyard Boxing
C:/Repos/TippingToast/[production URP] Backyard Boxing
Using Asset Import Pipeline V2.
Refreshing native plugins compatible for Editor in 160.53 ms, found 2 plugins.
Preloading 0 native plugins for Editor in 0.00 ms.
Initialize engine version: 2020.3.14f1 (d0d1bb862f9d)
[Subsystems] Discovering subsystems at path C:/Program Files/Unity Builds/2020.3.14f1/Editor/Data/Resources/UnitySubsystems
[Subsystems] Discovering subsystems at path C:/Repos/TippingToast/[production URP] Backyard Boxing/Assets
GfxDevice: creating device client; threaded=0
Direct3D:
    Version:  Direct3D 11.0 [level 11.1]
    Renderer: NVIDIA GeForce GTX 1660 Ti (ID=0x2182)
    Vendor:   
    VRAM:     5991 MB
    Driver:   30.0.14.7141
Initialize mono
Mono path[0] = 'C:/Program Files/Unity Builds/2020.3.14f1/Editor/Data/Managed'
Mono path[1] = 'C:/Program Files/Unity Builds/2020.3.14f1/Editor/Data/MonoBleedingEdge/lib/mono/unityjit'
Mono config path = 'C:/Program Files/Unity Builds/2020.3.14f1/Editor/Data/MonoBleedingEdge/etc'
Using monoOptions --debugger-agent=transport=dt_socket,embedding=1,server=y,suspend=n,address=127.0.0.1:56684
Begin MonoManager ReloadAssembly
Registering precompiled unity dll's ...
Register platform support module: C:/Program Files/Unity Builds/2020.3.14f1/Editor/Data/PlaybackEngines/WebGLSupport/UnityEditor.WebGL.Extensions.dll
Register platform support module: C:/Program Files/Unity Builds/2020.3.14f1/Editor/Data/PlaybackEngines/WindowsStandaloneSupport/UnityEditor.WindowsStandalone.Extensions.dll
Registered in 0.003472 seconds.
Native extension for WindowsStandalone target not found
Native extension for WebGL target not found
Refreshing native plugins compatible for Editor in 93.01 ms, found 2 plugins.
Preloading 0 native plugins for Editor in 0.00 ms.
Mono: successfully reloaded assembly
- Completed reload, in  2.779 seconds
Domain Reload Profiling:
	ReloadAssembly (2780ms)
		BeginReloadAssembly (78ms)
			ExecutionOrderSort (0ms)
			DisableScriptedObjects (0ms)
			BackupInstance (0ms)
			ReleaseScriptingObjects (0ms)
			CreateAndSetChildDomain (1ms)
		EndReloadAssembly (531ms)
			LoadAssemblies (76ms)
			RebuildTransferFunctionScriptingTraits (0ms)
			SetupTypeCache (165ms)
			ReleaseScriptCaches (0ms)
			RebuildScriptCaches (40ms)
			SetupLoadedEditorAssemblies (242ms)
				LogAssemblyErrors (0ms)
				InitializePlatformSupportModulesInManaged (6ms)
				SetLoadedEditorAssemblies (1ms)
				RefreshPlugins (93ms)
				BeforeProcessingInitializeOnLoad (11ms)
				ProcessInitializeOnLoadAttributes (98ms)
				ProcessInitializeOnLoadMethodAttributes (33ms)
				AfterProcessingInitializeOnLoad (0ms)
				EditorAssembliesLoaded (0ms)
			ExecutionOrderSort2 (0ms)
			AwakeInstancesAfterBackupRestoration (0ms)
Platform modules already initialized, skipping
Registering precompiled user dll's ...
Registered in 0.006335 seconds.
Begin MonoManager ReloadAssembly
Native extension for WindowsStandalone target not found
Native extension for WebGL target not found
Refreshing native plugins compatible for Editor in 120.81 ms, found 2 plugins.
Preloading 0 native plugins for Editor in 0.00 ms.
Mono: successfully reloaded assembly
- Completed reload, in  1.541 seconds
Domain Reload Profiling:
	ReloadAssembly (1541ms)
		BeginReloadAssembly (169ms)
			ExecutionOrderSort (0ms)
			DisableScriptedObjects (5ms)
			BackupInstance (0ms)
			ReleaseScriptingObjects (0ms)
			CreateAndSetChildDomain (24ms)
		EndReloadAssembly (1299ms)
			LoadAssemblies (113ms)
			RebuildTransferFunctionScriptingTraits (0ms)
			SetupTypeCache (393ms)
			ReleaseScriptCaches (1ms)
			RebuildScriptCaches (100ms)
			SetupLoadedEditorAssemblies (522ms)
				LogAssemblyErrors (0ms)
				InitializePlatformSupportModulesInManaged (9ms)
				SetLoadedEditorAssemblies (0ms)
				RefreshPlugins (121ms)
				BeforeProcessingInitializeOnLoad (156ms)
				ProcessInitializeOnLoadAttributes (224ms)
				ProcessInitializeOnLoadMethodAttributes (4ms)
				AfterProcessingInitializeOnLoad (8ms)
				EditorAssembliesLoaded (0ms)
			ExecutionOrderSort2 (0ms)
			AwakeInstancesAfterBackupRestoration (7ms)
Platform modules already initialized, skipping
========================================================================
Worker process is ready to serve import requests
Shader 'Universal Render Pipeline/Particles/Lit': fallback shader 'Universal Render Pipeline/Particles/SimpleLit' not found
Shader 'Universal Render Pipeline/Particles/Lit': fallback shader 'Universal Render Pipeline/Particles/SimpleLit' not found
Launched and connected shader compiler UnityShaderCompiler.exe after 0.06 seconds
Refreshing native plugins compatible for Editor in 1.46 ms, found 2 plugins.
Preloading 0 native plugins for Editor in 0.00 ms.
Unloading 3198 Unused Serialized files (Serialized files now loaded: 0)
System memory in use before: 172.3 MB.
System memory in use after: 170.1 MB.

Unloading 51 unused Assets to reduce memory usage. Loaded Objects now: 3634.
Total: 3.682300 ms (FindLiveObjects: 0.304900 ms CreateObjectMapping: 0.220500 ms MarkObjects: 1.958700 ms  DeleteObjects: 1.196800 ms)

AssetImportParameters requested are different than current active one (requested -> active):
  requireTextureImportCompression: false -> true
  custom:framework-win-MediaFoundation: 216162199b28c13a410421893ffa2e32 -> 
  custom:video-decoder-ogg-theora: a1e56fd34408186e4bbccfd4996cb3dc -> 
  custom:container-muxer-webm: aa71ff27fc2769a1b78a27578f13a17b -> 
  custom:container-demuxer-webm: 4f35f7cbe854078d1ac9338744f61a02 -> 
  custom:container-demuxer-ogg: 62fdf1f143b41e24485cea50d1cbac27 -> 
  custom:video-encoder-webm-vp8: eb34c28f22e8b96e1ab97ce403110664 -> 
  custom:video-decoder-webm-vp8: 9c59270c3fd7afecdb556c50c9e8de78 -> 
  custom:audio-decoder-ogg-vorbis: bf7c407c2cedff20999df2af8eb42d56 -> 
  custom:audio-encoder-webm-vorbis: bf7c407c2cedff20999df2af8eb42d56 -> 
========================================================================
Received Import Request.
  path: Assets/_Backyard Boxing/Scripts/Scriptable Objects/Hair/ItemSO.cs
  artifactKey: Guid(c6e3a031ad95e7b4fb0a459b06c41468) Importer(815301076,1909f56bfc062723c751e8b465ee728b)
Start importing Assets/_Backyard Boxing/Scripts/Scriptable Objects/Hair/ItemSO.cs using Guid(c6e3a031ad95e7b4fb0a459b06c41468) Importer(815301076,1909f56bfc062723c751e8b465ee728b)  -> (artifact id: 'b9de9e8c6bc55cbcc9476d6c6301abe3') in 0.051936 seconds 
  Import took 0.058091 seconds .

========================================================================
Received Prepare
Registering precompiled user dll's ...
Registered in 0.006601 seconds.
Begin MonoManager ReloadAssembly
Native extension for WindowsStandalone target not found
Native extension for WebGL target not found
Refreshing native plugins compatible for Editor in 0.83 ms, found 2 plugins.
Preloading 0 native plugins for Editor in 0.00 ms.
Mono: successfully reloaded assembly
- Completed reload, in  1.374 seconds
Domain Reload Profiling:
	ReloadAssembly (1375ms)
		BeginReloadAssembly (122ms)
			ExecutionOrderSort (0ms)
			DisableScriptedObjects (5ms)
			BackupInstance (0ms)
			ReleaseScriptingObjects (0ms)
			CreateAndSetChildDomain (35ms)
		EndReloadAssembly (1183ms)
			LoadAssemblies (110ms)
			RebuildTransferFunctionScriptingTraits (0ms)
			SetupTypeCache (431ms)
			ReleaseScriptCaches (1ms)
			RebuildScriptCaches (104ms)
			SetupLoadedEditorAssemblies (374ms)
				LogAssemblyErrors (0ms)
				InitializePlatformSupportModulesInManaged (6ms)
				SetLoadedEditorAssemblies (0ms)
				RefreshPlugins (1ms)
				BeforeProcessingInitializeOnLoad (130ms)
				ProcessInitializeOnLoadAttributes (223ms)
				ProcessInitializeOnLoadMethodAttributes (4ms)
				AfterProcessingInitializeOnLoad (8ms)
				EditorAssembliesLoaded (0ms)
			ExecutionOrderSort2 (0ms)
			AwakeInstancesAfterBackupRestoration (12ms)
Platform modules already initialized, skipping
Shader 'Universal Render Pipeline/Particles/Lit': fallback shader 'Universal Render Pipeline/Particles/SimpleLit' not found
Shader 'Universal Render Pipeline/Particles/Lit': fallback shader 'Universal Render Pipeline/Particles/SimpleLit' not found
Refreshing native plugins compatible for Editor in 1.75 ms, found 2 plugins.
Preloading 0 native plugins for Editor in 0.00 ms.
Unloading 3084 Unused Serialized files (Serialized files now loaded: 0)
System memory in use before: 164.7 MB.
System memory in use after: 162.6 MB.

Unloading 47 unused Assets to reduce memory usage. Loaded Objects now: 3636.
Total: 3.934800 ms (FindLiveObjects: 0.327900 ms CreateObjectMapping: 0.169500 ms MarkObjects: 2.256000 ms  DeleteObjects: 1.179300 ms)

AssetImportParameters requested are different than current active one (requested -> active):
  requireTextureImportCompression: false -> true
  custom:framework-win-MediaFoundation: 216162199b28c13a410421893ffa2e32 -> 
  custom:video-decoder-ogg-theora: a1e56fd34408186e4bbccfd4996cb3dc -> 
  custom:container-muxer-webm: aa71ff27fc2769a1b78a27578f13a17b -> 
  custom:container-demuxer-webm: 4f35f7cbe854078d1ac9338744f61a02 -> 
  custom:container-demuxer-ogg: 62fdf1f143b41e24485cea50d1cbac27 -> 
  custom:video-encoder-webm-vp8: eb34c28f22e8b96e1ab97ce403110664 -> 
  custom:video-decoder-webm-vp8: 9c59270c3fd7afecdb556c50c9e8de78 -> 
  custom:audio-decoder-ogg-vorbis: bf7c407c2cedff20999df2af8eb42d56 -> 
  custom:audio-encoder-webm-vorbis: bf7c407c2cedff20999df2af8eb42d56 -> 
========================================================================
Received Prepare
Registering precompiled user dll's ...
Registered in 0.014039 seconds.
Begin MonoManager ReloadAssembly
Native extension for WindowsStandalone target not found
Native extension for WebGL target not found
Refreshing native plugins compatible for Editor in 0.82 ms, found 2 plugins.
Preloading 0 native plugins for Editor in 0.00 ms.
Mono: successfully reloaded assembly
- Completed reload, in  1.206 seconds
Domain Reload Profiling:
	ReloadAssembly (1207ms)
		BeginReloadAssembly (137ms)
			ExecutionOrderSort (0ms)
			DisableScriptedObjects (5ms)
			BackupInstance (0ms)
			ReleaseScriptingObjects (0ms)
			CreateAndSetChildDomain (39ms)
		EndReloadAssembly (1001ms)
			LoadAssemblies (120ms)
			RebuildTransferFunctionScriptingTraits (0ms)
			SetupTypeCache (328ms)
			ReleaseScriptCaches (1ms)
			RebuildScriptCaches (57ms)
			SetupLoadedEditorAssemblies (368ms)
				LogAssemblyErrors (0ms)
				InitializePlatformSupportModulesInManaged (7ms)
				SetLoadedEditorAssemblies (1ms)
				RefreshPlugins (1ms)
				BeforeProcessingInitializeOnLoad (129ms)
				ProcessInitializeOnLoadAttributes (217ms)
				ProcessInitializeOnLoadMethodAttributes (4ms)
				AfterProcessingInitializeOnLoad (9ms)
				EditorAssembliesLoaded (0ms)
			ExecutionOrderSort2 (0ms)
			AwakeInstancesAfterBackupRestoration (12ms)
Platform modules already initialized, skipping
Shader 'Universal Render Pipeline/Particles/Lit': fallback shader 'Universal Render Pipeline/Particles/SimpleLit' not found
Shader 'Universal Render Pipeline/Particles/Lit': fallback shader 'Universal Render Pipeline/Particles/SimpleLit' not found
Refreshing native plugins compatible for Editor in 0.93 ms, found 2 plugins.
Preloading 0 native plugins for Editor in 0.00 ms.
Unloading 3084 Unused Serialized files (Serialized files now loaded: 0)
System memory in use before: 165.0 MB.
System memory in use after: 162.8 MB.

Unloading 46 unused Assets to reduce memory usage. Loaded Objects now: 3639.
Total: 4.858300 ms (FindLiveObjects: 0.370200 ms CreateObjectMapping: 0.326300 ms MarkObjects: 2.934200 ms  DeleteObjects: 1.226100 ms)

AssetImportParameters requested are different than current active one (requested -> active):
  requireTextureImportCompression: false -> true
  custom:framework-win-MediaFoundation: 216162199b28c13a410421893ffa2e32 -> 
  custom:video-decoder-ogg-theora: a1e56fd34408186e4bbccfd4996cb3dc -> 
  custom:container-muxer-webm: aa71ff27fc2769a1b78a27578f13a17b -> 
  custom:container-demuxer-webm: 4f35f7cbe854078d1ac9338744f61a02 -> 
  custom:container-demuxer-ogg: 62fdf1f143b41e24485cea50d1cbac27 -> 
  custom:video-encoder-webm-vp8: eb34c28f22e8b96e1ab97ce403110664 -> 
  custom:video-decoder-webm-vp8: 9c59270c3fd7afecdb556c50c9e8de78 -> 
  custom:audio-decoder-ogg-vorbis: bf7c407c2cedff20999df2af8eb42d56 -> 
  custom:audio-encoder-webm-vorbis: bf7c407c2cedff20999df2af8eb42d56 -> 
========================================================================
Received Prepare
Registering precompiled user dll's ...
Registered in 0.006054 seconds.
Begin MonoManager ReloadAssembly
Native extension for WindowsStandalone target not found
Native extension for WebGL target not found
Refreshing native plugins compatible for Editor in 0.87 ms, found 2 plugins.
Preloading 0 native plugins for Editor in 0.00 ms.
Mono: successfully reloaded assembly
- Completed reload, in  1.401 seconds
Domain Reload Profiling:
	ReloadAssembly (1401ms)
		BeginReloadAssembly (143ms)
			ExecutionOrderSort (0ms)
			DisableScriptedObjects (6ms)
			BackupInstance (0ms)
			ReleaseScriptingObjects (0ms)
			CreateAndSetChildDomain (39ms)
		EndReloadAssembly (1187ms)
			LoadAssemblies (124ms)
			RebuildTransferFunctionScriptingTraits (0ms)
			SetupTypeCache (385ms)
			ReleaseScriptCaches (25ms)
			RebuildScriptCaches (78ms)
			SetupLoadedEditorAssemblies (432ms)
				LogAssemblyErrors (0ms)
				InitializePlatformSupportModulesInManaged (7ms)
				SetLoadedEditorAssemblies (1ms)
				RefreshPlugins (1ms)
				BeforeProcessingInitializeOnLoad (166ms)
				ProcessInitializeOnLoadAttributes (244ms)
				ProcessInitializeOnLoadMethodAttributes (4ms)
				AfterProcessingInitializeOnLoad (9ms)
				EditorAssembliesLoaded (0ms)
			ExecutionOrderSort2 (0ms)
			AwakeInstancesAfterBackupRestoration (13ms)
Platform modules already initialized, skipping
Shader 'Universal Render Pipeline/Particles/Lit': fallback shader 'Universal Render Pipeline/Particles/SimpleLit' not found
Shader 'Universal Render Pipeline/Particles/Lit': fallback shader 'Universal Render Pipeline/Particles/SimpleLit' not found
Refreshing native plugins compatible for Editor in 0.98 ms, found 2 plugins.
Preloading 0 native plugins for Editor in 0.00 ms.
Unloading 3084 Unused Serialized files (Serialized files now loaded: 0)
System memory in use before: 165.0 MB.
System memory in use after: 162.8 MB.

Unloading 46 unused Assets to reduce memory usage. Loaded Objects now: 3642.
Total: 4.296700 ms (FindLiveObjects: 0.305900 ms CreateObjectMapping: 0.152100 ms MarkObjects: 2.395500 ms  DeleteObjects: 1.441500 ms)

AssetImportParameters requested are different than current active one (requested -> active):
  requireTextureImportCompression: false -> true
  custom:framework-win-MediaFoundation: 216162199b28c13a410421893ffa2e32 -> 
  custom:video-decoder-ogg-theora: a1e56fd34408186e4bbccfd4996cb3dc -> 
  custom:container-muxer-webm: aa71ff27fc2769a1b78a27578f13a17b -> 
  custom:container-demuxer-webm: 4f35f7cbe854078d1ac9338744f61a02 -> 
  custom:container-demuxer-ogg: 62fdf1f143b41e24485cea50d1cbac27 -> 
  custom:video-encoder-webm-vp8: eb34c28f22e8b96e1ab97ce403110664 -> 
  custom:video-decoder-webm-vp8: 9c59270c3fd7afecdb556c50c9e8de78 -> 
  custom:audio-decoder-ogg-vorbis: bf7c407c2cedff20999df2af8eb42d56 -> 
  custom:audio-encoder-webm-vorbis: bf7c407c2cedff20999df2af8eb42d56 -> 
========================================================================
Received Prepare
Registering precompiled user dll's ...
Registered in 0.005773 seconds.
Begin MonoManager ReloadAssembly
Native extension for WindowsStandalone target not found
Native extension for WebGL target not found
Refreshing native plugins compatible for Editor in 1.45 ms, found 2 plugins.
Preloading 0 native plugins for Editor in 0.00 ms.
Mono: successfully reloaded assembly
- Completed reload, in  1.204 seconds
Domain Reload Profiling:
	ReloadAssembly (1205ms)
		BeginReloadAssembly (129ms)
			ExecutionOrderSort (0ms)
			DisableScriptedObjects (5ms)
			BackupInstance (0ms)
			ReleaseScriptingObjects (0ms)
			CreateAndSetChildDomain (32ms)
		EndReloadAssembly (1004ms)
			LoadAssemblies (112ms)
			RebuildTransferFunctionScriptingTraits (0ms)
			SetupTypeCache (345ms)
			ReleaseScriptCaches (1ms)
			RebuildScriptCaches (55ms)
			SetupLoadedEditorAssemblies (364ms)
				LogAssemblyErrors (0ms)
				InitializePlatformSupportModulesInManaged (9ms)
				SetLoadedEditorAssemblies (1ms)
				RefreshPlugins (2ms)
				BeforeProcessingInitializeOnLoad (139ms)
				ProcessInitializeOnLoadAttributes (201ms)
				ProcessInitializeOnLoadMethodAttributes (4ms)
				AfterProcessingInitializeOnLoad (8ms)
				EditorAssembliesLoaded (0ms)
			ExecutionOrderSort2 (0ms)
			AwakeInstancesAfterBackupRestoration (11ms)
Platform modules already initialized, skipping
Shader 'Universal Render Pipeline/Particles/Lit': fallback shader 'Universal Render Pipeline/Particles/SimpleLit' not found
Shader 'Universal Render Pipeline/Particles/Lit': fallback shader 'Universal Render Pipeline/Particles/SimpleLit' not found
Refreshing native plugins compatible for Editor in 0.86 ms, found 2 plugins.
Preloading 0 native plugins for Editor in 0.00 ms.
Unloading 3084 Unused Serialized files (Serialized files now loaded: 0)
System memory in use before: 165.0 MB.
System memory in use after: 162.8 MB.

Unloading 46 unused Assets to reduce memory usage. Loaded Objects now: 3645.
Total: 3.825100 ms (FindLiveObjects: 0.318000 ms CreateObjectMapping: 0.176900 ms MarkObjects: 2.137300 ms  DeleteObjects: 1.191900 ms)

AssetImportParameters requested are different than current active one (requested -> active):
  requireTextureImportCompression: false -> true
  custom:framework-win-MediaFoundation: 216162199b28c13a410421893ffa2e32 -> 
  custom:video-decoder-ogg-theora: a1e56fd34408186e4bbccfd4996cb3dc -> 
  custom:container-muxer-webm: aa71ff27fc2769a1b78a27578f13a17b -> 
  custom:container-demuxer-webm: 4f35f7cbe854078d1ac9338744f61a02 -> 
  custom:container-demuxer-ogg: 62fdf1f143b41e24485cea50d1cbac27 -> 
  custom:video-encoder-webm-vp8: eb34c28f22e8b96e1ab97ce403110664 -> 
  custom:video-decoder-webm-vp8: 9c59270c3fd7afecdb556c50c9e8de78 -> 
  custom:audio-decoder-ogg-vorbis: bf7c407c2cedff20999df2af8eb42d56 -> 
  custom:audio-encoder-webm-vorbis: bf7c407c2cedff20999df2af8eb42d56 -> 
========================================================================
Received Import Request.
  Time since last request: 406.199433 seconds.
  path: Assets/_Backyard Boxing/Scripts/Scriptable Objects/Beards
  artifactKey: Guid(4a782128d49bf64499c9415ae98ea4e4) Importer(815301076,1909f56bfc062723c751e8b465ee728b)
Start importing Assets/_Backyard Boxing/Scripts/Scriptable Objects/Beards using Guid(4a782128d49bf64499c9415ae98ea4e4) Importer(815301076,1909f56bfc062723c751e8b465ee728b)  -> (artifact id: '2e4aa3bdbec9c30ae4153dbea703bd52') in 0.009352 seconds 
  Import took 0.016776 seconds .

========================================================================
Received Import Request.
  Time since last request: 12.666265 seconds.
  path: Assets/_Backyard Boxing/Scripts/Scriptable Objects/Beards/List of Beards.asset
  artifactKey: Guid(6716b72f75205024a9ac5cf1847cf125) Importer(815301076,1909f56bfc062723c751e8b465ee728b)
Start importing Assets/_Backyard Boxing/Scripts/Scriptable Objects/Beards/List of Beards.asset using Guid(6716b72f75205024a9ac5cf1847cf125) Importer(815301076,1909f56bfc062723c751e8b465ee728b)  -> (artifact id: '6bf936c2ccc5ce4066faf28f2b57ad9a') in 0.181752 seconds 
  Import took 0.187983 seconds .

========================================================================
Received Import Request.
  Time since last request: 10.373591 seconds.
  path: Assets/_Backyard Boxing/Scripts/Scriptable Objects/Beards/Beard 1.asset
  artifactKey: Guid(8eeed4b24c22d254bb4968a280f5088b) Importer(815301076,1909f56bfc062723c751e8b465ee728b)
Start importing Assets/_Backyard Boxing/Scripts/Scriptable Objects/Beards/Beard 1.asset using Guid(8eeed4b24c22d254bb4968a280f5088b) Importer(815301076,1909f56bfc062723c751e8b465ee728b)  -> (artifact id: '7c5ea3213a404a920cc5c00660abb961') in 0.005631 seconds 
  Import took 0.010859 seconds .

========================================================================
Received Import Request.
  Time since last request: 35.355410 seconds.
  path: Assets/UMA/Content/Example/HumanMale/Recipes/WardrobeRecipes/MaleBeard1.asset
  artifactKey: Guid(a2b1f4c9b2ad40f4b8a68144700342f8) Importer(815301076,1909f56bfc062723c751e8b465ee728b)
Start importing Assets/UMA/Content/Example/HumanMale/Recipes/WardrobeRecipes/MaleBeard1.asset using Guid(a2b1f4c9b2ad40f4b8a68144700342f8) Importer(815301076,1909f56bfc062723c751e8b465ee728b)  -> (artifact id: '09d237270be55e7e0fb6a43e6d09a34c') in 0.010560 seconds 
  Import took 0.016638 seconds .

========================================================================
Received Prepare
Registering precompiled user dll's ...
Registered in 0.006371 seconds.
Begin MonoManager ReloadAssembly
Native extension for WindowsStandalone target not found
Native extension for WebGL target not found
Refreshing native plugins compatible for Editor in 0.80 ms, found 2 plugins.
Preloading 0 native plugins for Editor in 0.00 ms.
Mono: successfully reloaded assembly
- Completed reload, in  1.247 seconds
Domain Reload Profiling:
	ReloadAssembly (1247ms)
		BeginReloadAssembly (136ms)
			ExecutionOrderSort (0ms)
			DisableScriptedObjects (5ms)
			BackupInstance (0ms)
			ReleaseScriptingObjects (0ms)
			CreateAndSetChildDomain (41ms)
		EndReloadAssembly (1037ms)
			LoadAssemblies (110ms)
			RebuildTransferFunctionScriptingTraits (0ms)
			SetupTypeCache (342ms)
			ReleaseScriptCaches (1ms)
			RebuildScriptCaches (57ms)
			SetupLoadedEditorAssemblies (407ms)
				LogAssemblyErrors (0ms)
				InitializePlatformSupportModulesInManaged (7ms)
				SetLoadedEditorAssemblies (0ms)
				RefreshPlugins (1ms)
				BeforeProcessingInitializeOnLoad (126ms)
				ProcessInitializeOnLoadAttributes (256ms)
				ProcessInitializeOnLoadMethodAttributes (6ms)
				AfterProcessingInitializeOnLoad (10ms)
				EditorAssembliesLoaded (0ms)
			ExecutionOrderSort2 (0ms)
			AwakeInstancesAfterBackupRestoration (12ms)
Platform modules already initialized, skipping
Shader 'Universal Render Pipeline/Particles/Lit': fallback shader 'Universal Render Pipeline/Particles/SimpleLit' not found
Shader 'Universal Render Pipeline/Particles/Lit': fallback shader 'Universal Render Pipeline/Particles/SimpleLit' not found
Refreshing native plugins compatible for Editor in 0.80 ms, found 2 plugins.
Preloading 0 native plugins for Editor in 0.00 ms.
Unloading 3084 Unused Serialized files (Serialized files now loaded: 0)
System memory in use before: 165.0 MB.
System memory in use after: 162.8 MB.

Unloading 46 unused Assets to reduce memory usage. Loaded Objects now: 3648.
Total: 4.185800 ms (FindLiveObjects: 0.436200 ms CreateObjectMapping: 0.238100 ms MarkObjects: 2.267000 ms  DeleteObjects: 1.243000 ms)

AssetImportParameters requested are different than current active one (requested -> active):
  requireTextureImportCompression: false -> true
  custom:framework-win-MediaFoundation: 216162199b28c13a410421893ffa2e32 -> 
  custom:video-decoder-ogg-theora: a1e56fd34408186e4bbccfd4996cb3dc -> 
  custom:container-muxer-webm: aa71ff27fc2769a1b78a27578f13a17b -> 
  custom:container-demuxer-webm: 4f35f7cbe854078d1ac9338744f61a02 -> 
  custom:container-demuxer-ogg: 62fdf1f143b41e24485cea50d1cbac27 -> 
  custom:video-encoder-webm-vp8: eb34c28f22e8b96e1ab97ce403110664 -> 
  custom:video-decoder-webm-vp8: 9c59270c3fd7afecdb556c50c9e8de78 -> 
  custom:audio-decoder-ogg-vorbis: bf7c407c2cedff20999df2af8eb42d56 -> 
  custom:audio-encoder-webm-vorbis: bf7c407c2cedff20999df2af8eb42d56 -> 
========================================================================
Received Import Request.
  Time since last request: 39.509428 seconds.
  path: Assets/_Backyard Boxing/Scripts/Scriptable Objects/Beards/Beard 1.asset
  artifactKey: Guid(8eeed4b24c22d254bb4968a280f5088b) Importer(815301076,1909f56bfc062723c751e8b465ee728b)
Start importing Assets/_Backyard Boxing/Scripts/Scriptable Objects/Beards/Beard 1.asset using Guid(8eeed4b24c22d254bb4968a280f5088b) Importer(815301076,1909f56bfc062723c751e8b465ee728b)  -> (artifact id: 'ba2b82f3696e0d8977159eea0369f9ff') in 0.047856 seconds 
  Import took 0.052801 seconds .

========================================================================
Received Import Request.
  Time since last request: 4.493227 seconds.
  path: Assets/_Backyard Boxing/Scripts/Scriptable Objects/Beards/Beard 1.asset
  artifactKey: Guid(8eeed4b24c22d254bb4968a280f5088b) Importer(815301076,1909f56bfc062723c751e8b465ee728b)
Start importing Assets/_Backyard Boxing/Scripts/Scriptable Objects/Beards/Beard 1.asset using Guid(8eeed4b24c22d254bb4968a280f5088b) Importer(815301076,1909f56bfc062723c751e8b465ee728b)  -> (artifact id: '7fbaea694220da7300ddb2e6929fb90c') in 0.005317 seconds 
  Import took 0.010483 seconds .

========================================================================
Received Import Request.
  Time since last request: 13.981716 seconds.
  path: Assets/_Backyard Boxing/Scripts/Scriptable Objects/Tops/MaleTop 1.asset
  artifactKey: Guid(64b3857ccce3af946a0553e08e2a9ab8) Importer(815301076,1909f56bfc062723c751e8b465ee728b)
Start importing Assets/_Backyard Boxing/Scripts/Scriptable Objects/Tops/MaleTop 1.asset using Guid(64b3857ccce3af946a0553e08e2a9ab8) Importer(815301076,1909f56bfc062723c751e8b465ee728b)  -> (artifact id: 'd45d9f50645c61a88b0f8e95f0b8638f') in 0.011846 seconds 
  Import took 0.018267 seconds .

========================================================================
Received Import Request.
  Time since last request: 5.991918 seconds.
  path: Assets/_Backyard Boxing/Scripts/Scriptable Objects/Beards/Beard 2.asset
  artifactKey: Guid(bcffd846596c4c243a6b1fc2c5bb972a) Importer(815301076,1909f56bfc062723c751e8b465ee728b)
Start importing Assets/_Backyard Boxing/Scripts/Scriptable Objects/Beards/Beard 2.asset using Guid(bcffd846596c4c243a6b1fc2c5bb972a) Importer(815301076,1909f56bfc062723c751e8b465ee728b)  -> (artifact id: '30e8c0627a2c1134a40bf906aad22218') in 0.006260 seconds 
  Import took 0.011957 seconds .

========================================================================
Received Import Request.
  Time since last request: 0.198582 seconds.
  path: Assets/_Backyard Boxing/Scripts/Scriptable Objects/Beards/Beard 3.asset
  artifactKey: Guid(421e3ff990459c14eaa22eff2b5928e3) Importer(815301076,1909f56bfc062723c751e8b465ee728b)
Start importing Assets/_Backyard Boxing/Scripts/Scriptable Objects/Beards/Beard 3.asset using Guid(421e3ff990459c14eaa22eff2b5928e3) Importer(815301076,1909f56bfc062723c751e8b465ee728b)  -> (artifact id: '0ee59b34507008299cffaffddcdadb3e') in 0.006576 seconds 
  Import took 0.012079 seconds .

========================================================================
Received Import Request.
  Time since last request: 10.605683 seconds.
  path: Assets/_Backyard Boxing/Scripts/Scriptable Objects/Beards/Beard 2.asset
  artifactKey: Guid(bcffd846596c4c243a6b1fc2c5bb972a) Importer(815301076,1909f56bfc062723c751e8b465ee728b)
Start importing Assets/_Backyard Boxing/Scripts/Scriptable Objects/Beards/Beard 2.asset using Guid(bcffd846596c4c243a6b1fc2c5bb972a) Importer(815301076,1909f56bfc062723c751e8b465ee728b)  -> (artifact id: 'c2815101da9290c9f55a6d206095df78') in 0.003318 seconds 
  Import took 0.009571 seconds .

========================================================================
Received Import Request.
  Time since last request: 0.002093 seconds.
  path: Assets/_Backyard Boxing/Scripts/Scriptable Objects/Beards/Beard 2.asset
  artifactKey: Guid(bcffd846596c4c243a6b1fc2c5bb972a) Importer(815301076,1909f56bfc062723c751e8b465ee728b)
Start importing Assets/_Backyard Boxing/Scripts/Scriptable Objects/Beards/Beard 2.asset using Guid(bcffd846596c4c243a6b1fc2c5bb972a) Importer(815301076,1909f56bfc062723c751e8b465ee728b)  -> (artifact id: 'c2815101da9290c9f55a6d206095df78') in 0.007266 seconds 
  Import took 0.013702 seconds .

========================================================================
Received Import Request.
  Time since last request: 7.383184 seconds.
  path: Assets/_Backyard Boxing/Scripts/Scriptable Objects/Beards/Beard 2.asset
  artifactKey: Guid(bcffd846596c4c243a6b1fc2c5bb972a) Importer(815301076,1909f56bfc062723c751e8b465ee728b)
Start importing Assets/_Backyard Boxing/Scripts/Scriptable Objects/Beards/Beard 2.asset using Guid(bcffd846596c4c243a6b1fc2c5bb972a) Importer(815301076,1909f56bfc062723c751e8b465ee728b)  -> (artifact id: '3f4eb2f0145ad3d9f859e99624f8e6cb') in 0.005500 seconds 
  Import took 0.011730 seconds .

========================================================================
Received Import Request.
  Time since last request: 9.574095 seconds.
  path: Assets/_Backyard Boxing/Scripts/Scriptable Objects/Beards/List of Beards.asset
  artifactKey: Guid(6716b72f75205024a9ac5cf1847cf125) Importer(815301076,1909f56bfc062723c751e8b465ee728b)
Start importing Assets/_Backyard Boxing/Scripts/Scriptable Objects/Beards/List of Beards.asset using Guid(6716b72f75205024a9ac5cf1847cf125) Importer(815301076,1909f56bfc062723c751e8b465ee728b)  -> (artifact id: '344b882b889dbd26324575657200529f') in 0.008252 seconds 
  Import took 0.014670 seconds .

========================================================================
Received Import Request.
  Time since last request: 0.005349 seconds.
  path: Assets/_Backyard Boxing/Scripts/Scriptable Objects/Beards/List of Beards.asset
  artifactKey: Guid(6716b72f75205024a9ac5cf1847cf125) Importer(815301076,1909f56bfc062723c751e8b465ee728b)
Start importing Assets/_Backyard Boxing/Scripts/Scriptable Objects/Beards/List of Beards.asset using Guid(6716b72f75205024a9ac5cf1847cf125) Importer(815301076,1909f56bfc062723c751e8b465ee728b)  -> (artifact id: '344b882b889dbd26324575657200529f') in 0.006791 seconds 
  Import took 0.012571 seconds .

========================================================================
Received Import Request.
  Time since last request: 3.554120 seconds.
  path: Assets/_Backyard Boxing/Scripts/Scriptable Objects/Beards/List of Beards.asset
  artifactKey: Guid(6716b72f75205024a9ac5cf1847cf125) Importer(815301076,1909f56bfc062723c751e8b465ee728b)
Start importing Assets/_Backyard Boxing/Scripts/Scriptable Objects/Beards/List of Beards.asset using Guid(6716b72f75205024a9ac5cf1847cf125) Importer(815301076,1909f56bfc062723c751e8b465ee728b)  -> (artifact id: 'c79a1348df11c1b1f641583355c9b2fe') in 0.007005 seconds 
  Import took 0.012150 seconds .

========================================================================
Received Prepare
Registering precompiled user dll's ...
Registered in 0.006892 seconds.
Begin MonoManager ReloadAssembly
Native extension for WindowsStandalone target not found
Native extension for WebGL target not found
Refreshing native plugins compatible for Editor in 0.93 ms, found 2 plugins.
Preloading 0 native plugins for Editor in 0.00 ms.
Mono: successfully reloaded assembly
- Completed reload, in  1.345 seconds
Domain Reload Profiling:
	ReloadAssembly (1345ms)
		BeginReloadAssembly (141ms)
			ExecutionOrderSort (0ms)
			DisableScriptedObjects (6ms)
			BackupInstance (0ms)
			ReleaseScriptingObjects (0ms)
			CreateAndSetChildDomain (45ms)
		EndReloadAssembly (1129ms)
			LoadAssemblies (129ms)
			RebuildTransferFunctionScriptingTraits (0ms)
			SetupTypeCache (393ms)
			ReleaseScriptCaches (1ms)
			RebuildScriptCaches (61ms)
			SetupLoadedEditorAssemblies (405ms)
				LogAssemblyErrors (0ms)
				InitializePlatformSupportModulesInManaged (8ms)
				SetLoadedEditorAssemblies (1ms)
				RefreshPlugins (1ms)
				BeforeProcessingInitializeOnLoad (143ms)
				ProcessInitializeOnLoadAttributes (237ms)
				ProcessInitializeOnLoadMethodAttributes (5ms)
				AfterProcessingInitializeOnLoad (9ms)
				EditorAssembliesLoaded (1ms)
			ExecutionOrderSort2 (0ms)
			AwakeInstancesAfterBackupRestoration (17ms)
Platform modules already initialized, skipping
Shader 'Universal Render Pipeline/Particles/Lit': fallback shader 'Universal Render Pipeline/Particles/SimpleLit' not found
Shader 'Universal Render Pipeline/Particles/Lit': fallback shader 'Universal Render Pipeline/Particles/SimpleLit' not found
Refreshing native plugins compatible for Editor in 0.89 ms, found 2 plugins.
Preloading 0 native plugins for Editor in 0.00 ms.
Unloading 3084 Unused Serialized files (Serialized files now loaded: 0)
System memory in use before: 165.0 MB.
System memory in use after: 162.8 MB.

Unloading 46 unused Assets to reduce memory usage. Loaded Objects now: 3651.
Total: 3.815700 ms (FindLiveObjects: 0.330600 ms CreateObjectMapping: 0.181500 ms MarkObjects: 2.005400 ms  DeleteObjects: 1.296700 ms)

AssetImportParameters requested are different than current active one (requested -> active):
  requireTextureImportCompression: false -> true
  custom:framework-win-MediaFoundation: 216162199b28c13a410421893ffa2e32 -> 
  custom:video-decoder-ogg-theora: a1e56fd34408186e4bbccfd4996cb3dc -> 
  custom:container-muxer-webm: aa71ff27fc2769a1b78a27578f13a17b -> 
  custom:container-demuxer-webm: 4f35f7cbe854078d1ac9338744f61a02 -> 
  custom:container-demuxer-ogg: 62fdf1f143b41e24485cea50d1cbac27 -> 
  custom:video-encoder-webm-vp8: eb34c28f22e8b96e1ab97ce403110664 -> 
  custom:video-decoder-webm-vp8: 9c59270c3fd7afecdb556c50c9e8de78 -> 
  custom:audio-decoder-ogg-vorbis: bf7c407c2cedff20999df2af8eb42d56 -> 
  custom:audio-encoder-webm-vorbis: bf7c407c2cedff20999df2af8eb42d56 -> 
========================================================================
Received Prepare
Registering precompiled user dll's ...
Registered in 0.007352 seconds.
Begin MonoManager ReloadAssembly
Native extension for WindowsStandalone target not found
Native extension for WebGL target not found
Refreshing native plugins compatible for Editor in 1.01 ms, found 2 plugins.
Preloading 0 native plugins for Editor in 0.00 ms.
Mono: successfully reloaded assembly
- Completed reload, in  1.112 seconds
Domain Reload Profiling:
	ReloadAssembly (1113ms)
		BeginReloadAssembly (121ms)
			ExecutionOrderSort (0ms)
			DisableScriptedObjects (6ms)
			BackupInstance (0ms)
			ReleaseScriptingObjects (0ms)
			CreateAndSetChildDomain (35ms)
		EndReloadAssembly (923ms)
			LoadAssemblies (107ms)
			RebuildTransferFunctionScriptingTraits (0ms)
			SetupTypeCache (309ms)
			ReleaseScriptCaches (1ms)
			RebuildScriptCaches (55ms)
			SetupLoadedEditorAssemblies (341ms)
				LogAssemblyErrors (0ms)
				InitializePlatformSupportModulesInManaged (7ms)
				SetLoadedEditorAssemblies (1ms)
				RefreshPlugins (1ms)
				BeforeProcessingInitializeOnLoad (122ms)
				ProcessInitializeOnLoadAttributes (197ms)
				ProcessInitializeOnLoadMethodAttributes (5ms)
				AfterProcessingInitializeOnLoad (8ms)
				EditorAssembliesLoaded (0ms)
			ExecutionOrderSort2 (0ms)
			AwakeInstancesAfterBackupRestoration (11ms)
Platform modules already initialized, skipping
Shader 'Universal Render Pipeline/Particles/Lit': fallback shader 'Universal Render Pipeline/Particles/SimpleLit' not found
Shader 'Universal Render Pipeline/Particles/Lit': fallback shader 'Universal Render Pipeline/Particles/SimpleLit' not found
Refreshing native plugins compatible for Editor in 0.81 ms, found 2 plugins.
Preloading 0 native plugins for Editor in 0.00 ms.
Unloading 3084 Unused Serialized files (Serialized files now loaded: 0)
System memory in use before: 165.1 MB.
System memory in use after: 162.9 MB.

Unloading 46 unused Assets to reduce memory usage. Loaded Objects now: 3654.
Total: 3.847600 ms (FindLiveObjects: 0.317000 ms CreateObjectMapping: 0.159900 ms MarkObjects: 2.137000 ms  DeleteObjects: 1.232000 ms)

AssetImportParameters requested are different than current active one (requested -> active):
  requireTextureImportCompression: false -> true
  custom:framework-win-MediaFoundation: 216162199b28c13a410421893ffa2e32 -> 
  custom:video-decoder-ogg-theora: a1e56fd34408186e4bbccfd4996cb3dc -> 
  custom:container-muxer-webm: aa71ff27fc2769a1b78a27578f13a17b -> 
  custom:container-demuxer-webm: 4f35f7cbe854078d1ac9338744f61a02 -> 
  custom:container-demuxer-ogg: 62fdf1f143b41e24485cea50d1cbac27 -> 
  custom:video-encoder-webm-vp8: eb34c28f22e8b96e1ab97ce403110664 -> 
  custom:video-decoder-webm-vp8: 9c59270c3fd7afecdb556c50c9e8de78 -> 
  custom:audio-decoder-ogg-vorbis: bf7c407c2cedff20999df2af8eb42d56 -> 
  custom:audio-encoder-webm-vorbis: bf7c407c2cedff20999df2af8eb42d56 -> 
========================================================================
Received Prepare
Registering precompiled user dll's ...
Registered in 0.006644 seconds.
Begin MonoManager ReloadAssembly
Native extension for WindowsStandalone target not found
Native extension for WebGL target not found
Refreshing native plugins compatible for Editor in 0.85 ms, found 2 plugins.
Preloading 0 native plugins for Editor in 0.00 ms.
Mono: successfully reloaded assembly
- Completed reload, in  1.336 seconds
Domain Reload Profiling:
	ReloadAssembly (1336ms)
		BeginReloadAssembly (124ms)
			ExecutionOrderSort (0ms)
			DisableScriptedObjects (5ms)
			BackupInstance (0ms)
			ReleaseScriptingObjects (0ms)
			CreateAndSetChildDomain (34ms)
		EndReloadAssembly (1140ms)
			LoadAssemblies (107ms)
			RebuildTransferFunctionScriptingTraits (0ms)
			SetupTypeCache (473ms)
			ReleaseScriptCaches (2ms)
			RebuildScriptCaches (62ms)
			SetupLoadedEditorAssemblies (376ms)
				LogAssemblyErrors (0ms)
				InitializePlatformSupportModulesInManaged (7ms)
				SetLoadedEditorAssemblies (0ms)
				RefreshPlugins (1ms)
				BeforeProcessingInitializeOnLoad (153ms)
				ProcessInitializeOnLoadAttributes (202ms)
				ProcessInitializeOnLoadMethodAttributes (4ms)
				AfterProcessingInitializeOnLoad (9ms)
				EditorAssembliesLoaded (0ms)
			ExecutionOrderSort2 (0ms)
			AwakeInstancesAfterBackupRestoration (11ms)
Platform modules already initialized, skipping
Shader 'Universal Render Pipeline/Particles/Lit': fallback shader 'Universal Render Pipeline/Particles/SimpleLit' not found
Shader 'Universal Render Pipeline/Particles/Lit': fallback shader 'Universal Render Pipeline/Particles/SimpleLit' not found
Refreshing native plugins compatible for Editor in 0.84 ms, found 2 plugins.
Preloading 0 native plugins for Editor in 0.00 ms.
Unloading 3084 Unused Serialized files (Serialized files now loaded: 0)
System memory in use before: 165.0 MB.
System memory in use after: 162.9 MB.

Unloading 46 unused Assets to reduce memory usage. Loaded Objects now: 3657.
Total: 3.823900 ms (FindLiveObjects: 0.299700 ms CreateObjectMapping: 0.149900 ms MarkObjects: 2.044400 ms  DeleteObjects: 1.328500 ms)

AssetImportParameters requested are different than current active one (requested -> active):
  requireTextureImportCompression: false -> true
  custom:framework-win-MediaFoundation: 216162199b28c13a410421893ffa2e32 -> 
  custom:video-decoder-ogg-theora: a1e56fd34408186e4bbccfd4996cb3dc -> 
  custom:container-muxer-webm: aa71ff27fc2769a1b78a27578f13a17b -> 
  custom:container-demuxer-webm: 4f35f7cbe854078d1ac9338744f61a02 -> 
  custom:container-demuxer-ogg: 62fdf1f143b41e24485cea50d1cbac27 -> 
  custom:video-encoder-webm-vp8: eb34c28f22e8b96e1ab97ce403110664 -> 
  custom:video-decoder-webm-vp8: 9c59270c3fd7afecdb556c50c9e8de78 -> 
  custom:audio-decoder-ogg-vorbis: bf7c407c2cedff20999df2af8eb42d56 -> 
  custom:audio-encoder-webm-vorbis: bf7c407c2cedff20999df2af8eb42d56 -> 
========================================================================
Received Import Request.
  Time since last request: 200.437071 seconds.
  path: Assets/_Backyard Boxing/Scripts/Scriptable Objects/Pants
  artifactKey: Guid(d049055f1136868428c27e448fd8a375) Importer(815301076,1909f56bfc062723c751e8b465ee728b)
Start importing Assets/_Backyard Boxing/Scripts/Scriptable Objects/Pants using Guid(d049055f1136868428c27e448fd8a375) Importer(815301076,1909f56bfc062723c751e8b465ee728b)  -> (artifact id: '945f2e12c0068ddb4fbc6df36ef8a0f7') in 0.009470 seconds 
  Import took 0.016961 seconds .

========================================================================
Received Import Request.
  Time since last request: 9.128678 seconds.
  path: Assets/_Backyard Boxing/Scripts/Scriptable Objects/Pants/List of Male Pants.asset
  artifactKey: Guid(391bbe4f9136da54e9e8cee2b443de83) Importer(815301076,1909f56bfc062723c751e8b465ee728b)
Start importing Assets/_Backyard Boxing/Scripts/Scriptable Objects/Pants/List of Male Pants.asset using Guid(391bbe4f9136da54e9e8cee2b443de83) Importer(815301076,1909f56bfc062723c751e8b465ee728b)  -> (artifact id: '0bda8beaf793c4faefb590364747c566') in 0.102022 seconds 
  Import took 0.106911 seconds .

========================================================================
Received Import Request.
  Time since last request: 13.681326 seconds.
  path: Assets/_Backyard Boxing/Scripts/Scriptable Objects/Pants/MalePants1.asset
  artifactKey: Guid(1483ed61804c42548888e23b2ed68cd6) Importer(815301076,1909f56bfc062723c751e8b465ee728b)
Start importing Assets/_Backyard Boxing/Scripts/Scriptable Objects/Pants/MalePants1.asset using Guid(1483ed61804c42548888e23b2ed68cd6) Importer(815301076,1909f56bfc062723c751e8b465ee728b)  -> (artifact id: '00de7eee9c6eb4dccd295f197129e4d0') in 0.005682 seconds 
  Import took 0.011197 seconds .

========================================================================
Received Import Request.
  Time since last request: 35.569435 seconds.
  path: Assets/_Backyard Boxing/Scripts/Scriptable Objects/Pants/MalePants1 1.asset
  artifactKey: Guid(013d231e77b847548a0fbf015ff2fbae) Importer(815301076,1909f56bfc062723c751e8b465ee728b)
Start importing Assets/_Backyard Boxing/Scripts/Scriptable Objects/Pants/MalePants1 1.asset using Guid(013d231e77b847548a0fbf015ff2fbae) Importer(815301076,1909f56bfc062723c751e8b465ee728b)  -> (artifact id: 'a0a9877e2c0e8c28ffcd9245d38aef1c') in 0.005627 seconds 
  Import took 0.010647 seconds .

========================================================================
Received Import Request.
  Time since last request: 4.614985 seconds.
  path: Assets/_Backyard Boxing/Scripts/Scriptable Objects/Pants/MaleJeans.asset
  artifactKey: Guid(013d231e77b847548a0fbf015ff2fbae) Importer(815301076,1909f56bfc062723c751e8b465ee728b)
Start importing Assets/_Backyard Boxing/Scripts/Scriptable Objects/Pants/MaleJeans.asset using Guid(013d231e77b847548a0fbf015ff2fbae) Importer(815301076,1909f56bfc062723c751e8b465ee728b)  -> (artifact id: '97321c835e03d06d0ebaff291b96068c') in 0.005978 seconds 
  Import took 0.011011 seconds .

========================================================================
Received Import Request.
  Time since last request: 0.763830 seconds.
  path: Assets/_Backyard Boxing/Scripts/Scriptable Objects/Pants/MaleJeans 1.asset
  artifactKey: Guid(edcbf549a07b4ca499bb59dc6ced0933) Importer(815301076,1909f56bfc062723c751e8b465ee728b)
Start importing Assets/_Backyard Boxing/Scripts/Scriptable Objects/Pants/MaleJeans 1.asset using Guid(edcbf549a07b4ca499bb59dc6ced0933) Importer(815301076,1909f56bfc062723c751e8b465ee728b)  -> (artifact id: 'a7689bd7a55cc900f784c4dcb9ad7cff') in 0.006083 seconds 
  Import took 0.012258 seconds .

========================================================================
Received Import Request.
  Time since last request: 2.776520 seconds.
  path: Assets/_Backyard Boxing/Scripts/Scriptable Objects/Pants/MaleJeans1.asset
  artifactKey: Guid(edcbf549a07b4ca499bb59dc6ced0933) Importer(815301076,1909f56bfc062723c751e8b465ee728b)
Start importing Assets/_Backyard Boxing/Scripts/Scriptable Objects/Pants/MaleJeans1.asset using Guid(edcbf549a07b4ca499bb59dc6ced0933) Importer(815301076,1909f56bfc062723c751e8b465ee728b)  -> (artifact id: 'd514b7279f88da687f19bdc91ab5d9fc') in 0.009215 seconds 
  Import took 0.017859 seconds .

========================================================================
Received Import Request.
  Time since last request: 29.276312 seconds.
  path: Assets/_Backyard Boxing/Scripts/Scriptable Objects/Pants/MaleJeans.asset
  artifactKey: Guid(013d231e77b847548a0fbf015ff2fbae) Importer(815301076,1909f56bfc062723c751e8b465ee728b)
Start importing Assets/_Backyard Boxing/Scripts/Scriptable Objects/Pants/MaleJeans.asset using Guid(013d231e77b847548a0fbf015ff2fbae) Importer(815301076,1909f56bfc062723c751e8b465ee728b)  -> (artifact id: '0cedfe59c742db7247aa9b9a92ed2255') in 0.005586 seconds 
  Import took 0.011060 seconds .

========================================================================
Received Import Request.
  Time since last request: 7.041360 seconds.
  path: Assets/_Backyard Boxing/Scripts/Scriptable Objects/Pants/MalePants.asset
  artifactKey: Guid(1483ed61804c42548888e23b2ed68cd6) Importer(815301076,1909f56bfc062723c751e8b465ee728b)
Start importing Assets/_Backyard Boxing/Scripts/Scriptable Objects/Pants/MalePants.asset using Guid(1483ed61804c42548888e23b2ed68cd6) Importer(815301076,1909f56bfc062723c751e8b465ee728b)  -> (artifact id: '8878409443c8568baed822c5e324bf8d') in 0.006997 seconds 
  Import took 0.012490 seconds .

========================================================================
Received Import Request.
  Time since last request: 58.853592 seconds.
  path: Assets/_Backyard Boxing/Scripts/Scriptable Objects/Pants/MalePants.asset
  artifactKey: Guid(1483ed61804c42548888e23b2ed68cd6) Importer(815301076,1909f56bfc062723c751e8b465ee728b)
Start importing Assets/_Backyard Boxing/Scripts/Scriptable Objects/Pants/MalePants.asset using Guid(1483ed61804c42548888e23b2ed68cd6) Importer(815301076,1909f56bfc062723c751e8b465ee728b)  -> (artifact id: '585116aaced2f069840cf98be428b12c') in 0.007102 seconds 
  Import took 0.012985 seconds .

========================================================================
Received Import Request.
  Time since last request: 7.764713 seconds.
  path: Assets/_Backyard Boxing/Scripts/Scriptable Objects/Pants/MaleJeans.asset
  artifactKey: Guid(013d231e77b847548a0fbf015ff2fbae) Importer(815301076,1909f56bfc062723c751e8b465ee728b)
Start importing Assets/_Backyard Boxing/Scripts/Scriptable Objects/Pants/MaleJeans.asset using Guid(013d231e77b847548a0fbf015ff2fbae) Importer(815301076,1909f56bfc062723c751e8b465ee728b)  -> (artifact id: 'bf4119ff3dae0ab58835027c543cb473') in 0.006504 seconds 
  Import took 0.013709 seconds .

========================================================================
Received Import Request.
  Time since last request: 16.621564 seconds.
  path: Assets/_Backyard Boxing/Scripts/Scriptable Objects/Pants/MaleJeans1.asset
  artifactKey: Guid(edcbf549a07b4ca499bb59dc6ced0933) Importer(815301076,1909f56bfc062723c751e8b465ee728b)
Start importing Assets/_Backyard Boxing/Scripts/Scriptable Objects/Pants/MaleJeans1.asset using Guid(edcbf549a07b4ca499bb59dc6ced0933) Importer(815301076,1909f56bfc062723c751e8b465ee728b)  -> (artifact id: '1c449bd924ac062282e419ba22e82de0') in 0.005223 seconds 
  Import took 0.010952 seconds .

========================================================================
Received Import Request.
  Time since last request: 10.440059 seconds.
  path: Assets/_Backyard Boxing/Scripts/Scriptable Objects/Pants/List of Male Pants.asset
  artifactKey: Guid(391bbe4f9136da54e9e8cee2b443de83) Importer(815301076,1909f56bfc062723c751e8b465ee728b)
Start importing Assets/_Backyard Boxing/Scripts/Scriptable Objects/Pants/List of Male Pants.asset using Guid(391bbe4f9136da54e9e8cee2b443de83) Importer(815301076,1909f56bfc062723c751e8b465ee728b)  -> (artifact id: '71bb200762aaca00852cac26ac669f63') in 0.006835 seconds 
  Import took 0.012329 seconds .

========================================================================
Received Prepare
Registering precompiled user dll's ...
Registered in 0.006595 seconds.
Begin MonoManager ReloadAssembly
Native extension for WindowsStandalone target not found
Native extension for WebGL target not found
Refreshing native plugins compatible for Editor in 0.87 ms, found 2 plugins.
Preloading 0 native plugins for Editor in 0.00 ms.
Mono: successfully reloaded assembly
- Completed reload, in  1.400 seconds
Domain Reload Profiling:
	ReloadAssembly (1400ms)
		BeginReloadAssembly (154ms)
			ExecutionOrderSort (0ms)
			DisableScriptedObjects (5ms)
			BackupInstance (0ms)
			ReleaseScriptingObjects (0ms)
			CreateAndSetChildDomain (54ms)
		EndReloadAssembly (1157ms)
			LoadAssemblies (145ms)
			RebuildTransferFunctionScriptingTraits (0ms)
			SetupTypeCache (468ms)
			ReleaseScriptCaches (1ms)
			RebuildScriptCaches (59ms)
			SetupLoadedEditorAssemblies (353ms)
				LogAssemblyErrors (0ms)
				InitializePlatformSupportModulesInManaged (7ms)
				SetLoadedEditorAssemblies (0ms)
				RefreshPlugins (1ms)
				BeforeProcessingInitializeOnLoad (131ms)
				ProcessInitializeOnLoadAttributes (202ms)
				ProcessInitializeOnLoadMethodAttributes (4ms)
				AfterProcessingInitializeOnLoad (8ms)
				EditorAssembliesLoaded (0ms)
			ExecutionOrderSort2 (0ms)
			AwakeInstancesAfterBackupRestoration (12ms)
Platform modules already initialized, skipping
Shader 'Universal Render Pipeline/Particles/Lit': fallback shader 'Universal Render Pipeline/Particles/SimpleLit' not found
Shader 'Universal Render Pipeline/Particles/Lit': fallback shader 'Universal Render Pipeline/Particles/SimpleLit' not found
Refreshing native plugins compatible for Editor in 1.53 ms, found 2 plugins.
Preloading 0 native plugins for Editor in 0.00 ms.
Unloading 3084 Unused Serialized files (Serialized files now loaded: 0)
System memory in use before: 165.0 MB.
System memory in use after: 162.9 MB.

Unloading 46 unused Assets to reduce memory usage. Loaded Objects now: 3660.
Total: 3.913100 ms (FindLiveObjects: 0.360400 ms CreateObjectMapping: 0.176300 ms MarkObjects: 2.144700 ms  DeleteObjects: 1.229600 ms)

AssetImportParameters requested are different than current active one (requested -> active):
  requireTextureImportCompression: false -> true
  custom:framework-win-MediaFoundation: 216162199b28c13a410421893ffa2e32 -> 
  custom:video-decoder-ogg-theora: a1e56fd34408186e4bbccfd4996cb3dc -> 
  custom:container-muxer-webm: aa71ff27fc2769a1b78a27578f13a17b -> 
  custom:container-demuxer-webm: 4f35f7cbe854078d1ac9338744f61a02 -> 
  custom:container-demuxer-ogg: 62fdf1f143b41e24485cea50d1cbac27 -> 
  custom:video-encoder-webm-vp8: eb34c28f22e8b96e1ab97ce403110664 -> 
  custom:video-decoder-webm-vp8: 9c59270c3fd7afecdb556c50c9e8de78 -> 
  custom:audio-decoder-ogg-vorbis: bf7c407c2cedff20999df2af8eb42d56 -> 
  custom:audio-encoder-webm-vorbis: bf7c407c2cedff20999df2af8eb42d56 -> 
========================================================================
Received Import Request.
  Time since last request: 59.842584 seconds.
  path: Assets/UMA/Content/Example/HumanMale/Recipes/WardrobeRecipes/MalePants.asset
  artifactKey: Guid(8ea3bcf334fb01b4ebab82092aa4ff46) Importer(815301076,1909f56bfc062723c751e8b465ee728b)
Start importing Assets/UMA/Content/Example/HumanMale/Recipes/WardrobeRecipes/MalePants.asset using Guid(8ea3bcf334fb01b4ebab82092aa4ff46) Importer(815301076,1909f56bfc062723c751e8b465ee728b)  -> (artifact id: 'e003b33bb210de6ecfb752a432c892d1') in 0.055402 seconds 
  Import took 0.061143 seconds .

========================================================================
Received Import Request.
  Time since last request: 0.004326 seconds.
  path: Assets/UMA/Content/Example/HumanMale/Recipes/WardrobeRecipes/MalePants.asset
  artifactKey: Guid(8ea3bcf334fb01b4ebab82092aa4ff46) Importer(815301076,1909f56bfc062723c751e8b465ee728b)
Start importing Assets/UMA/Content/Example/HumanMale/Recipes/WardrobeRecipes/MalePants.asset using Guid(8ea3bcf334fb01b4ebab82092aa4ff46) Importer(815301076,1909f56bfc062723c751e8b465ee728b)  -> (artifact id: 'e003b33bb210de6ecfb752a432c892d1') in 0.004084 seconds 
  Import took 0.009546 seconds .

========================================================================
Received Import Request.
  Time since last request: 1.131188 seconds.
  path: Assets/UMA/Content/Example/HumanMale/Recipes/WardrobeRecipes/MaleJeans.asset
  artifactKey: Guid(ed308ddf64a50d74aae73e4097381fc1) Importer(815301076,1909f56bfc062723c751e8b465ee728b)
Start importing Assets/UMA/Content/Example/HumanMale/Recipes/WardrobeRecipes/MaleJeans.asset using Guid(ed308ddf64a50d74aae73e4097381fc1) Importer(815301076,1909f56bfc062723c751e8b465ee728b)  -> (artifact id: '14f324e62281639147c10947bbad473a') in 0.008940 seconds 
  Import took 0.013924 seconds .

========================================================================
Received Import Request.
  Time since last request: 0.475602 seconds.
  path: Assets/UMA/Content/Example/HumanMale/Recipes/WardrobeRecipes/MaleJeans 1.asset
  artifactKey: Guid(f0eac0526ff3dbe479868042322ab1b2) Importer(815301076,1909f56bfc062723c751e8b465ee728b)
Start importing Assets/UMA/Content/Example/HumanMale/Recipes/WardrobeRecipes/MaleJeans 1.asset using Guid(f0eac0526ff3dbe479868042322ab1b2) Importer(815301076,1909f56bfc062723c751e8b465ee728b)  -> (artifact id: 'f51c5387cfeab9ed42d99c0e81ea6e02') in 0.007314 seconds 
  Import took 0.013192 seconds .

========================================================================
Received Prepare
Registering precompiled user dll's ...
Registered in 0.006960 seconds.
Begin MonoManager ReloadAssembly
Native extension for WindowsStandalone target not found
Native extension for WebGL target not found
Refreshing native plugins compatible for Editor in 0.91 ms, found 2 plugins.
Preloading 0 native plugins for Editor in 0.00 ms.
Mono: successfully reloaded assembly
- Completed reload, in  1.394 seconds
Domain Reload Profiling:
	ReloadAssembly (1394ms)
		BeginReloadAssembly (127ms)
			ExecutionOrderSort (0ms)
			DisableScriptedObjects (5ms)
			BackupInstance (0ms)
			ReleaseScriptingObjects (0ms)
			CreateAndSetChildDomain (40ms)
		EndReloadAssembly (1196ms)
			LoadAssemblies (116ms)
			RebuildTransferFunctionScriptingTraits (1ms)
			SetupTypeCache (439ms)
			ReleaseScriptCaches (1ms)
			RebuildScriptCaches (65ms)
			SetupLoadedEditorAssemblies (407ms)
				LogAssemblyErrors (0ms)
				InitializePlatformSupportModulesInManaged (8ms)
				SetLoadedEditorAssemblies (1ms)
				RefreshPlugins (1ms)
				BeforeProcessingInitializeOnLoad (152ms)
				ProcessInitializeOnLoadAttributes (232ms)
				ProcessInitializeOnLoadMethodAttributes (4ms)
				AfterProcessingInitializeOnLoad (9ms)
				EditorAssembliesLoaded (0ms)
			ExecutionOrderSort2 (0ms)
			AwakeInstancesAfterBackupRestoration (11ms)
Platform modules already initialized, skipping
Shader 'Universal Render Pipeline/Particles/Lit': fallback shader 'Universal Render Pipeline/Particles/SimpleLit' not found
Shader 'Universal Render Pipeline/Particles/Lit': fallback shader 'Universal Render Pipeline/Particles/SimpleLit' not found
Refreshing native plugins compatible for Editor in 0.89 ms, found 2 plugins.
Preloading 0 native plugins for Editor in 0.00 ms.
Unloading 3084 Unused Serialized files (Serialized files now loaded: 0)
System memory in use before: 165.1 MB.
System memory in use after: 162.9 MB.

Unloading 46 unused Assets to reduce memory usage. Loaded Objects now: 3663.
Total: 5.968700 ms (FindLiveObjects: 0.399400 ms CreateObjectMapping: 0.233200 ms MarkObjects: 3.708800 ms  DeleteObjects: 1.625700 ms)

AssetImportParameters requested are different than current active one (requested -> active):
  requireTextureImportCompression: false -> true
  custom:framework-win-MediaFoundation: 216162199b28c13a410421893ffa2e32 -> 
  custom:video-decoder-ogg-theora: a1e56fd34408186e4bbccfd4996cb3dc -> 
  custom:container-muxer-webm: aa71ff27fc2769a1b78a27578f13a17b -> 
  custom:container-demuxer-webm: 4f35f7cbe854078d1ac9338744f61a02 -> 
  custom:container-demuxer-ogg: 62fdf1f143b41e24485cea50d1cbac27 -> 
  custom:video-encoder-webm-vp8: eb34c28f22e8b96e1ab97ce403110664 -> 
  custom:video-decoder-webm-vp8: 9c59270c3fd7afecdb556c50c9e8de78 -> 
  custom:audio-decoder-ogg-vorbis: bf7c407c2cedff20999df2af8eb42d56 -> 
  custom:audio-encoder-webm-vorbis: bf7c407c2cedff20999df2af8eb42d56 -> 
========================================================================
Received Import Request.
  Time since last request: 23.554542 seconds.
  path: Assets/_Backyard Boxing/Scripts/Scriptable Objects/Pants/List of Male Pants.asset
  artifactKey: Guid(391bbe4f9136da54e9e8cee2b443de83) Importer(815301076,1909f56bfc062723c751e8b465ee728b)
Start importing Assets/_Backyard Boxing/Scripts/Scriptable Objects/Pants/List of Male Pants.asset using Guid(391bbe4f9136da54e9e8cee2b443de83) Importer(815301076,1909f56bfc062723c751e8b465ee728b)  -> (artifact id: 'e98c93c61806ad84dfd95275551c627e') in 0.041562 seconds 
  Import took 0.047389 seconds .

========================================================================
Received Prepare
Registering precompiled user dll's ...
Registered in 0.007134 seconds.
Begin MonoManager ReloadAssembly
Native extension for WindowsStandalone target not found
Native extension for WebGL target not found
Refreshing native plugins compatible for Editor in 1.01 ms, found 2 plugins.
Preloading 0 native plugins for Editor in 0.00 ms.
Mono: successfully reloaded assembly
- Completed reload, in  1.482 seconds
Domain Reload Profiling:
	ReloadAssembly (1483ms)
		BeginReloadAssembly (176ms)
			ExecutionOrderSort (0ms)
			DisableScriptedObjects (7ms)
			BackupInstance (0ms)
			ReleaseScriptingObjects (0ms)
			CreateAndSetChildDomain (57ms)
		EndReloadAssembly (1231ms)
			LoadAssemblies (153ms)
			RebuildTransferFunctionScriptingTraits (0ms)
			SetupTypeCache (486ms)
			ReleaseScriptCaches (1ms)
			RebuildScriptCaches (64ms)
			SetupLoadedEditorAssemblies (419ms)
				LogAssemblyErrors (0ms)
				InitializePlatformSupportModulesInManaged (7ms)
				SetLoadedEditorAssemblies (1ms)
				RefreshPlugins (1ms)
				BeforeProcessingInitializeOnLoad (148ms)
				ProcessInitializeOnLoadAttributes (247ms)
				ProcessInitializeOnLoadMethodAttributes (4ms)
				AfterProcessingInitializeOnLoad (10ms)
				EditorAssembliesLoaded (0ms)
			ExecutionOrderSort2 (0ms)
			AwakeInstancesAfterBackupRestoration (13ms)
Platform modules already initialized, skipping
Shader 'Universal Render Pipeline/Particles/Lit': fallback shader 'Universal Render Pipeline/Particles/SimpleLit' not found
Shader 'Universal Render Pipeline/Particles/Lit': fallback shader 'Universal Render Pipeline/Particles/SimpleLit' not found
Refreshing native plugins compatible for Editor in 1.03 ms, found 2 plugins.
Preloading 0 native plugins for Editor in 0.00 ms.
Unloading 3084 Unused Serialized files (Serialized files now loaded: 0)
System memory in use before: 165.1 MB.
System memory in use after: 162.9 MB.

Unloading 46 unused Assets to reduce memory usage. Loaded Objects now: 3666.
Total: 4.062600 ms (FindLiveObjects: 0.335200 ms CreateObjectMapping: 0.185300 ms MarkObjects: 2.194500 ms  DeleteObjects: 1.345900 ms)

AssetImportParameters requested are different than current active one (requested -> active):
  requireTextureImportCompression: false -> true
  custom:framework-win-MediaFoundation: 216162199b28c13a410421893ffa2e32 -> 
  custom:video-decoder-ogg-theora: a1e56fd34408186e4bbccfd4996cb3dc -> 
  custom:container-muxer-webm: aa71ff27fc2769a1b78a27578f13a17b -> 
  custom:container-demuxer-webm: 4f35f7cbe854078d1ac9338744f61a02 -> 
  custom:container-demuxer-ogg: 62fdf1f143b41e24485cea50d1cbac27 -> 
  custom:video-encoder-webm-vp8: eb34c28f22e8b96e1ab97ce403110664 -> 
  custom:video-decoder-webm-vp8: 9c59270c3fd7afecdb556c50c9e8de78 -> 
  custom:audio-decoder-ogg-vorbis: bf7c407c2cedff20999df2af8eb42d56 -> 
  custom:audio-encoder-webm-vorbis: bf7c407c2cedff20999df2af8eb42d56 -> 
========================================================================
Received Prepare
Registering precompiled user dll's ...
Registered in 0.008027 seconds.
Begin MonoManager ReloadAssembly
Native extension for WindowsStandalone target not found
Native extension for WebGL target not found
Refreshing native plugins compatible for Editor in 0.88 ms, found 2 plugins.
Preloading 0 native plugins for Editor in 0.00 ms.
Mono: successfully reloaded assembly
- Completed reload, in  1.335 seconds
Domain Reload Profiling:
	ReloadAssembly (1335ms)
		BeginReloadAssembly (130ms)
			ExecutionOrderSort (0ms)
			DisableScriptedObjects (6ms)
			BackupInstance (0ms)
			ReleaseScriptingObjects (0ms)
			CreateAndSetChildDomain (36ms)
		EndReloadAssembly (1132ms)
			LoadAssemblies (106ms)
			RebuildTransferFunctionScriptingTraits (0ms)
			SetupTypeCache (375ms)
			ReleaseScriptCaches (1ms)
			RebuildScriptCaches (64ms)
			SetupLoadedEditorAssemblies (452ms)
				LogAssemblyErrors (0ms)
				InitializePlatformSupportModulesInManaged (7ms)
				SetLoadedEditorAssemblies (1ms)
				RefreshPlugins (1ms)
				BeforeProcessingInitializeOnLoad (192ms)
				ProcessInitializeOnLoadAttributes (237ms)
				ProcessInitializeOnLoadMethodAttributes (5ms)
				AfterProcessingInitializeOnLoad (9ms)
				EditorAssembliesLoaded (0ms)
			ExecutionOrderSort2 (0ms)
			AwakeInstancesAfterBackupRestoration (13ms)
Platform modules already initialized, skipping
Shader 'Universal Render Pipeline/Particles/Lit': fallback shader 'Universal Render Pipeline/Particles/SimpleLit' not found
Shader 'Universal Render Pipeline/Particles/Lit': fallback shader 'Universal Render Pipeline/Particles/SimpleLit' not found
Refreshing native plugins compatible for Editor in 1.07 ms, found 2 plugins.
Preloading 0 native plugins for Editor in 0.00 ms.
Unloading 3084 Unused Serialized files (Serialized files now loaded: 0)
System memory in use before: 165.1 MB.
System memory in use after: 162.9 MB.

Unloading 46 unused Assets to reduce memory usage. Loaded Objects now: 3669.
Total: 4.508000 ms (FindLiveObjects: 0.404800 ms CreateObjectMapping: 0.209300 ms MarkObjects: 2.488000 ms  DeleteObjects: 1.404400 ms)

AssetImportParameters requested are different than current active one (requested -> active):
  requireTextureImportCompression: false -> true
  custom:framework-win-MediaFoundation: 216162199b28c13a410421893ffa2e32 -> 
  custom:video-decoder-ogg-theora: a1e56fd34408186e4bbccfd4996cb3dc -> 
  custom:container-muxer-webm: aa71ff27fc2769a1b78a27578f13a17b -> 
  custom:container-demuxer-webm: 4f35f7cbe854078d1ac9338744f61a02 -> 
  custom:container-demuxer-ogg: 62fdf1f143b41e24485cea50d1cbac27 -> 
  custom:video-encoder-webm-vp8: eb34c28f22e8b96e1ab97ce403110664 -> 
  custom:video-decoder-webm-vp8: 9c59270c3fd7afecdb556c50c9e8de78 -> 
  custom:audio-decoder-ogg-vorbis: bf7c407c2cedff20999df2af8eb42d56 -> 
  custom:audio-encoder-webm-vorbis: bf7c407c2cedff20999df2af8eb42d56 -> 
========================================================================
Received Import Request.
  Time since last request: 463.201081 seconds.
  path: Assets/_Backyard Boxing/Models/SHC factory hall abandoned 2.fbx
  artifactKey: Guid(69c6da3aac6716a4a84048c3c28e7e4c) Importer(815301076,1909f56bfc062723c751e8b465ee728b)
Start importing Assets/_Backyard Boxing/Models/SHC factory hall abandoned 2.fbx using Guid(69c6da3aac6716a4a84048c3c28e7e4c) Importer(815301076,1909f56bfc062723c751e8b465ee728b)  -> (artifact id: 'ae7362344969215ab85e034d4c7d2fe0') in 0.822553 seconds 
  Import took 0.830612 seconds .

========================================================================
Received Import Request.
  Time since last request: 19.248695 seconds.
  path: Assets/_Backyard Boxing/Models/Environment - Factory
  artifactKey: Guid(940499f54ee54a640b034c6d7b346894) Importer(815301076,1909f56bfc062723c751e8b465ee728b)
Start importing Assets/_Backyard Boxing/Models/Environment - Factory using Guid(940499f54ee54a640b034c6d7b346894) Importer(815301076,1909f56bfc062723c751e8b465ee728b)  -> (artifact id: 'db91689cb0c1ee274b2bbdb2b757066e') in 0.002640 seconds 
  Import took 0.008660 seconds .

========================================================================
Received Import Request.
  Time since last request: 0.001305 seconds.
  path: Assets/_Backyard Boxing/Models/Environment - Factory
  artifactKey: Guid(940499f54ee54a640b034c6d7b346894) Importer(815301076,1909f56bfc062723c751e8b465ee728b)
Start importing Assets/_Backyard Boxing/Models/Environment - Factory using Guid(940499f54ee54a640b034c6d7b346894) Importer(815301076,1909f56bfc062723c751e8b465ee728b)  -> (artifact id: 'db91689cb0c1ee274b2bbdb2b757066e') in 0.002218 seconds 
  Import took 0.008799 seconds .

========================================================================
Received Import Request.
  Time since last request: 26.741189 seconds.
  path: Assets/_Backyard Boxing/Models/Environment - Factory/SHC factory hall abandoned 2.fbx
  artifactKey: Guid(69c6da3aac6716a4a84048c3c28e7e4c) Importer(815301076,1909f56bfc062723c751e8b465ee728b)
Start importing Assets/_Backyard Boxing/Models/Environment - Factory/SHC factory hall abandoned 2.fbx using Guid(69c6da3aac6716a4a84048c3c28e7e4c) Importer(815301076,1909f56bfc062723c751e8b465ee728b)  -> (artifact id: 'a5c8d34c4de56ec6d72a0ba6347587f4') in 0.526400 seconds 
  Import took 0.537996 seconds .

========================================================================
Received Import Request.
  Time since last request: 2.912117 seconds.
  path: Assets/_Backyard Boxing/Models/Environment - Factory/Textures
  artifactKey: Guid(8882cf62515c76d40866e6354a688c0f) Importer(815301076,1909f56bfc062723c751e8b465ee728b)
Start importing Assets/_Backyard Boxing/Models/Environment - Factory/Textures using Guid(8882cf62515c76d40866e6354a688c0f) Importer(815301076,1909f56bfc062723c751e8b465ee728b)  -> (artifact id: '0a8c644f0b9a55b5a6bd8e5dbbcc3d18') in 0.002682 seconds 
  Import took 0.008479 seconds .

========================================================================
Received Import Request.
  Time since last request: 0.000464 seconds.
  path: Assets/_Backyard Boxing/Models/Environment - Factory/Textures
  artifactKey: Guid(8882cf62515c76d40866e6354a688c0f) Importer(815301076,1909f56bfc062723c751e8b465ee728b)
Start importing Assets/_Backyard Boxing/Models/Environment - Factory/Textures using Guid(8882cf62515c76d40866e6354a688c0f) Importer(815301076,1909f56bfc062723c751e8b465ee728b)  -> (artifact id: '0a8c644f0b9a55b5a6bd8e5dbbcc3d18') in 0.002622 seconds 
  Import took 0.008516 seconds .

========================================================================
Received Import Request.
  Time since last request: 2.710011 seconds.
  path: Assets/_Backyard Boxing/Models/Environment - Factory/Materials
  artifactKey: Guid(0d9ba896ef60a15439f4a01ebd0e5167) Importer(815301076,1909f56bfc062723c751e8b465ee728b)
Start importing Assets/_Backyard Boxing/Models/Environment - Factory/Materials using Guid(0d9ba896ef60a15439f4a01ebd0e5167) Importer(815301076,1909f56bfc062723c751e8b465ee728b)  -> (artifact id: 'dd8b99a96ffcf4b67e9ae4eca9a7da8b') in 0.002955 seconds 
  Import took 0.009334 seconds .

========================================================================
Received Import Request.
  Time since last request: 15.979755 seconds.
  path: Assets/_Backyard Boxing/Models/Environment - Factory/SHC factory hall abandoned 2.fbx
  artifactKey: Guid(69c6da3aac6716a4a84048c3c28e7e4c) Importer(815301076,1909f56bfc062723c751e8b465ee728b)
Start importing Assets/_Backyard Boxing/Models/Environment - Factory/SHC factory hall abandoned 2.fbx using Guid(69c6da3aac6716a4a84048c3c28e7e4c) Importer(815301076,1909f56bfc062723c751e8b465ee728b)  -> (artifact id: '3e611366553d4749dda8f0671f4b08f0') in 0.998693 seconds 
  Import took 1.021335 seconds .

========================================================================
Received Import Request.
  Time since last request: 11.646313 seconds.
  path: Assets/_Backyard Boxing/Models/Environment - Factory/SHC factory hall abandoned 2.fbx
  artifactKey: Guid(69c6da3aac6716a4a84048c3c28e7e4c) Importer(815301076,1909f56bfc062723c751e8b465ee728b)
Start importing Assets/_Backyard Boxing/Models/Environment - Factory/SHC factory hall abandoned 2.fbx using Guid(69c6da3aac6716a4a84048c3c28e7e4c) Importer(815301076,1909f56bfc062723c751e8b465ee728b)  -> (artifact id: 'fac86ad4d1956bb8c74d15bc858a6895') in 0.715237 seconds 
  Import took 0.740319 seconds .

========================================================================
Received Prepare
Registering precompiled user dll's ...
Registered in 0.007622 seconds.
Begin MonoManager ReloadAssembly
Native extension for WindowsStandalone target not found
Native extension for WebGL target not found
Refreshing native plugins compatible for Editor in 0.87 ms, found 2 plugins.
Preloading 0 native plugins for Editor in 0.00 ms.
Mono: successfully reloaded assembly
- Completed reload, in  1.504 seconds
Domain Reload Profiling:
	ReloadAssembly (1504ms)
		BeginReloadAssembly (195ms)
			ExecutionOrderSort (0ms)
			DisableScriptedObjects (10ms)
			BackupInstance (0ms)
			ReleaseScriptingObjects (0ms)
			CreateAndSetChildDomain (56ms)
		EndReloadAssembly (1208ms)
			LoadAssemblies (214ms)
			RebuildTransferFunctionScriptingTraits (0ms)
			SetupTypeCache (378ms)
			ReleaseScriptCaches (1ms)
			RebuildScriptCaches (62ms)
			SetupLoadedEditorAssemblies (390ms)
				LogAssemblyErrors (0ms)
				InitializePlatformSupportModulesInManaged (7ms)
				SetLoadedEditorAssemblies (1ms)
				RefreshPlugins (1ms)
				BeforeProcessingInitializeOnLoad (134ms)
				ProcessInitializeOnLoadAttributes (235ms)
				ProcessInitializeOnLoadMethodAttributes (4ms)
				AfterProcessingInitializeOnLoad (9ms)
				EditorAssembliesLoaded (0ms)
			ExecutionOrderSort2 (0ms)
			AwakeInstancesAfterBackupRestoration (20ms)
Platform modules already initialized, skipping
Shader 'Universal Render Pipeline/Particles/Lit': fallback shader 'Universal Render Pipeline/Particles/SimpleLit' not found
Shader 'Universal Render Pipeline/Particles/Lit': fallback shader 'Universal Render Pipeline/Particles/SimpleLit' not found
Refreshing native plugins compatible for Editor in 0.99 ms, found 2 plugins.
Preloading 0 native plugins for Editor in 0.00 ms.
Unloading 3084 Unused Serialized files (Serialized files now loaded: 0)
System memory in use before: 171.8 MB.
System memory in use after: 169.6 MB.

Unloading 46 unused Assets to reduce memory usage. Loaded Objects now: 3753.
Total: 4.547900 ms (FindLiveObjects: 0.405200 ms CreateObjectMapping: 0.182200 ms MarkObjects: 2.630800 ms  DeleteObjects: 1.328300 ms)

AssetImportParameters requested are different than current active one (requested -> active):
  requireTextureImportCompression: false -> true
  custom:framework-win-MediaFoundation: 216162199b28c13a410421893ffa2e32 -> 
  custom:video-decoder-ogg-theora: a1e56fd34408186e4bbccfd4996cb3dc -> 
  custom:container-muxer-webm: aa71ff27fc2769a1b78a27578f13a17b -> 
  custom:container-demuxer-webm: 4f35f7cbe854078d1ac9338744f61a02 -> 
  custom:container-demuxer-ogg: 62fdf1f143b41e24485cea50d1cbac27 -> 
  custom:video-encoder-webm-vp8: eb34c28f22e8b96e1ab97ce403110664 -> 
  custom:video-decoder-webm-vp8: 9c59270c3fd7afecdb556c50c9e8de78 -> 
  custom:audio-decoder-ogg-vorbis: bf7c407c2cedff20999df2af8eb42d56 -> 
  custom:audio-encoder-webm-vorbis: bf7c407c2cedff20999df2af8eb42d56 -> 
========================================================================
Received Prepare
Registering precompiled user dll's ...
Registered in 0.007078 seconds.
Begin MonoManager ReloadAssembly
Native extension for WindowsStandalone target not found
Native extension for WebGL target not found
Refreshing native plugins compatible for Editor in 1.13 ms, found 2 plugins.
Preloading 0 native plugins for Editor in 0.00 ms.
Mono: successfully reloaded assembly
- Completed reload, in  1.320 seconds
Domain Reload Profiling:
	ReloadAssembly (1321ms)
		BeginReloadAssembly (139ms)
			ExecutionOrderSort (0ms)
			DisableScriptedObjects (7ms)
			BackupInstance (0ms)
			ReleaseScriptingObjects (0ms)
			CreateAndSetChildDomain (35ms)
		EndReloadAssembly (1108ms)
			LoadAssemblies (119ms)
			RebuildTransferFunctionScriptingTraits (0ms)
			SetupTypeCache (360ms)
			ReleaseScriptCaches (2ms)
			RebuildScriptCaches (75ms)
			SetupLoadedEditorAssemblies (375ms)
				LogAssemblyErrors (0ms)
				InitializePlatformSupportModulesInManaged (10ms)
				SetLoadedEditorAssemblies (1ms)
				RefreshPlugins (1ms)
				BeforeProcessingInitializeOnLoad (134ms)
				ProcessInitializeOnLoadAttributes (216ms)
				ProcessInitializeOnLoadMethodAttributes (4ms)
				AfterProcessingInitializeOnLoad (8ms)
				EditorAssembliesLoaded (0ms)
			ExecutionOrderSort2 (0ms)
			AwakeInstancesAfterBackupRestoration (18ms)
Platform modules already initialized, skipping
Shader 'Universal Render Pipeline/Particles/Lit': fallback shader 'Universal Render Pipeline/Particles/SimpleLit' not found
Shader 'Universal Render Pipeline/Particles/Lit': fallback shader 'Universal Render Pipeline/Particles/SimpleLit' not found
Refreshing native plugins compatible for Editor in 0.82 ms, found 2 plugins.
Preloading 0 native plugins for Editor in 0.00 ms.
Unloading 3084 Unused Serialized files (Serialized files now loaded: 0)
System memory in use before: 171.8 MB.
System memory in use after: 169.6 MB.

Unloading 46 unused Assets to reduce memory usage. Loaded Objects now: 3756.
Total: 3.840600 ms (FindLiveObjects: 0.327900 ms CreateObjectMapping: 0.155700 ms MarkObjects: 2.128000 ms  DeleteObjects: 1.228100 ms)

AssetImportParameters requested are different than current active one (requested -> active):
  requireTextureImportCompression: false -> true
  custom:framework-win-MediaFoundation: 216162199b28c13a410421893ffa2e32 -> 
  custom:video-decoder-ogg-theora: a1e56fd34408186e4bbccfd4996cb3dc -> 
  custom:container-muxer-webm: aa71ff27fc2769a1b78a27578f13a17b -> 
  custom:container-demuxer-webm: 4f35f7cbe854078d1ac9338744f61a02 -> 
  custom:container-demuxer-ogg: 62fdf1f143b41e24485cea50d1cbac27 -> 
  custom:video-encoder-webm-vp8: eb34c28f22e8b96e1ab97ce403110664 -> 
  custom:video-decoder-webm-vp8: 9c59270c3fd7afecdb556c50c9e8de78 -> 
  custom:audio-decoder-ogg-vorbis: bf7c407c2cedff20999df2af8eb42d56 -> 
  custom:audio-encoder-webm-vorbis: bf7c407c2cedff20999df2af8eb42d56 -> 
========================================================================
Received Prepare
Registering precompiled user dll's ...
Registered in 0.008202 seconds.
Begin MonoManager ReloadAssembly
Native extension for WindowsStandalone target not found
Native extension for WebGL target not found
Refreshing native plugins compatible for Editor in 0.88 ms, found 2 plugins.
Preloading 0 native plugins for Editor in 0.00 ms.
Mono: successfully reloaded assembly
- Completed reload, in  1.272 seconds
Domain Reload Profiling:
	ReloadAssembly (1272ms)
		BeginReloadAssembly (149ms)
			ExecutionOrderSort (0ms)
			DisableScriptedObjects (6ms)
			BackupInstance (0ms)
			ReleaseScriptingObjects (0ms)
			CreateAndSetChildDomain (36ms)
		EndReloadAssembly (1046ms)
			LoadAssemblies (121ms)
			RebuildTransferFunctionScriptingTraits (0ms)
			SetupTypeCache (355ms)
			ReleaseScriptCaches (1ms)
			RebuildScriptCaches (66ms)
			SetupLoadedEditorAssemblies (353ms)
				LogAssemblyErrors (0ms)
				InitializePlatformSupportModulesInManaged (6ms)
				SetLoadedEditorAssemblies (2ms)
				RefreshPlugins (1ms)
				BeforeProcessingInitializeOnLoad (128ms)
				ProcessInitializeOnLoadAttributes (203ms)
				ProcessInitializeOnLoadMethodAttributes (4ms)
				AfterProcessingInitializeOnLoad (8ms)
				EditorAssembliesLoaded (0ms)
			ExecutionOrderSort2 (0ms)
			AwakeInstancesAfterBackupRestoration (17ms)
Platform modules already initialized, skipping
Shader 'Universal Render Pipeline/Particles/Lit': fallback shader 'Universal Render Pipeline/Particles/SimpleLit' not found
Shader 'Universal Render Pipeline/Particles/Lit': fallback shader 'Universal Render Pipeline/Particles/SimpleLit' not found
Refreshing native plugins compatible for Editor in 2.11 ms, found 2 plugins.
Preloading 0 native plugins for Editor in 0.00 ms.
Unloading 3084 Unused Serialized files (Serialized files now loaded: 0)
System memory in use before: 171.8 MB.
System memory in use after: 169.6 MB.

Unloading 46 unused Assets to reduce memory usage. Loaded Objects now: 3759.
Total: 4.049800 ms (FindLiveObjects: 0.317600 ms CreateObjectMapping: 0.153600 ms MarkObjects: 2.187200 ms  DeleteObjects: 1.389700 ms)

AssetImportParameters requested are different than current active one (requested -> active):
  requireTextureImportCompression: false -> true
  custom:framework-win-MediaFoundation: 216162199b28c13a410421893ffa2e32 -> 
  custom:video-decoder-ogg-theora: a1e56fd34408186e4bbccfd4996cb3dc -> 
  custom:container-muxer-webm: aa71ff27fc2769a1b78a27578f13a17b -> 
  custom:container-demuxer-webm: 4f35f7cbe854078d1ac9338744f61a02 -> 
  custom:container-demuxer-ogg: 62fdf1f143b41e24485cea50d1cbac27 -> 
  custom:video-encoder-webm-vp8: eb34c28f22e8b96e1ab97ce403110664 -> 
  custom:video-decoder-webm-vp8: 9c59270c3fd7afecdb556c50c9e8de78 -> 
  custom:audio-decoder-ogg-vorbis: bf7c407c2cedff20999df2af8eb42d56 -> 
  custom:audio-encoder-webm-vorbis: bf7c407c2cedff20999df2af8eb42d56 -> 
========================================================================
Received Prepare
Registering precompiled user dll's ...
Registered in 0.006104 seconds.
Begin MonoManager ReloadAssembly
Native extension for WindowsStandalone target not found
Native extension for WebGL target not found
Refreshing native plugins compatible for Editor in 0.84 ms, found 2 plugins.
Preloading 0 native plugins for Editor in 0.00 ms.
System.ArgumentOutOfRangeException: Length cannot be less than zero.
Parameter name: length
  at System.String.Substring (System.Int32 startIndex, System.Int32 length) [0x0004a] in <695d1cc93cca45069c528c15c9fdd749>:0 
  at Cinemachine.Editor.ScriptableObjectUtility.get_CinemachineInstallAssetPath () [0x0001a] in C:\Repos\TippingToast\[production URP] Backyard Boxing\Assets\Cinemachine\Base\Editor\Utility\ScriptableObjectUtility.cs:23 
  at Cinemachine.Editor.ScriptableObjectUtility.get_CinemachineInstallPath () [0x00001] in C:\Repos\TippingToast\[production URP] Backyard Boxing\Assets\Cinemachine\Base\Editor\Utility\ScriptableObjectUtility.cs:13 
  at Cinemachine.Editor.CinemachineBrainEditor+InstallGizmos..cctor () [0x00001] in C:\Repos\TippingToast\[production URP] Backyard Boxing\Assets\Cinemachine\Base\Editor\Editors\CinemachineBrainEditor.cs:150 
UnityEngine.StackTraceUtility:ExtractStackTrace ()
UnityEngine.DebugLogHandler:LogFormat (UnityEngine.LogType,UnityEngine.Object,string,object[])
UnityEngine.Logger:Log (UnityEngine.LogType,object)
UnityEngine.Debug:LogError (object)
UnityEditor.EditorAssemblies:ProcessInitializeOnLoadAttributes (System.Type[])

Mono: successfully reloaded assembly
- Completed reload, in  2.790 seconds
Domain Reload Profiling:
	ReloadAssembly (2790ms)
		BeginReloadAssembly (122ms)
			ExecutionOrderSort (0ms)
			DisableScriptedObjects (6ms)
			BackupInstance (0ms)
			ReleaseScriptingObjects (0ms)
			CreateAndSetChildDomain (35ms)
		EndReloadAssembly (2598ms)
			LoadAssemblies (102ms)
			RebuildTransferFunctionScriptingTraits (0ms)
			SetupTypeCache (332ms)
			ReleaseScriptCaches (2ms)
			RebuildScriptCaches (61ms)
			SetupLoadedEditorAssemblies (1926ms)
				LogAssemblyErrors (0ms)
				InitializePlatformSupportModulesInManaged (7ms)
				SetLoadedEditorAssemblies (1ms)
				RefreshPlugins (1ms)
				BeforeProcessingInitializeOnLoad (137ms)
				ProcessInitializeOnLoadAttributes (1766ms)
				ProcessInitializeOnLoadMethodAttributes (5ms)
				AfterProcessingInitializeOnLoad (9ms)
				EditorAssembliesLoaded (0ms)
			ExecutionOrderSort2 (0ms)
			AwakeInstancesAfterBackupRestoration (18ms)
Platform modules already initialized, skipping
Shader 'Universal Render Pipeline/Particles/Lit': fallback shader 'Universal Render Pipeline/Particles/SimpleLit' not found
Shader 'Universal Render Pipeline/Particles/Lit': fallback shader 'Universal Render Pipeline/Particles/SimpleLit' not found
Refreshing native plugins compatible for Editor in 0.92 ms, found 2 plugins.
Preloading 0 native plugins for Editor in 0.00 ms.
Unloading 3181 Unused Serialized files (Serialized files now loaded: 0)
System memory in use before: 175.5 MB.
System memory in use after: 173.3 MB.

Unloading 46 unused Assets to reduce memory usage. Loaded Objects now: 3859.
Total: 6.076300 ms (FindLiveObjects: 0.356000 ms CreateObjectMapping: 0.330500 ms MarkObjects: 3.722700 ms  DeleteObjects: 1.665500 ms)

AssetImportParameters requested are different than current active one (requested -> active):
  requireTextureImportCompression: false -> true
  custom:framework-win-MediaFoundation: 216162199b28c13a410421893ffa2e32 -> 
  custom:video-decoder-ogg-theora: a1e56fd34408186e4bbccfd4996cb3dc -> 
  custom:container-muxer-webm: aa71ff27fc2769a1b78a27578f13a17b -> 
  custom:container-demuxer-webm: 4f35f7cbe854078d1ac9338744f61a02 -> 
  custom:container-demuxer-ogg: 62fdf1f143b41e24485cea50d1cbac27 -> 
  custom:video-encoder-webm-vp8: eb34c28f22e8b96e1ab97ce403110664 -> 
  custom:video-decoder-webm-vp8: 9c59270c3fd7afecdb556c50c9e8de78 -> 
  custom:audio-decoder-ogg-vorbis: bf7c407c2cedff20999df2af8eb42d56 -> 
  custom:audio-encoder-webm-vorbis: bf7c407c2cedff20999df2af8eb42d56 -> 
========================================================================
Received Prepare
Registering precompiled user dll's ...
Registered in 0.006125 seconds.
Begin MonoManager ReloadAssembly
Native extension for WindowsStandalone target not found
Native extension for WebGL target not found
Refreshing native plugins compatible for Editor in 1.19 ms, found 2 plugins.
Preloading 0 native plugins for Editor in 0.00 ms.
Mono: successfully reloaded assembly
- Completed reload, in  2.697 seconds
Domain Reload Profiling:
	ReloadAssembly (2698ms)
		BeginReloadAssembly (184ms)
			ExecutionOrderSort (0ms)
			DisableScriptedObjects (6ms)
			BackupInstance (0ms)
			ReleaseScriptingObjects (0ms)
			CreateAndSetChildDomain (63ms)
		EndReloadAssembly (2431ms)
			LoadAssemblies (121ms)
			RebuildTransferFunctionScriptingTraits (0ms)
			SetupTypeCache (400ms)
			ReleaseScriptCaches (2ms)
			RebuildScriptCaches (77ms)
			SetupLoadedEditorAssemblies (1644ms)
				LogAssemblyErrors (0ms)
				InitializePlatformSupportModulesInManaged (8ms)
				SetLoadedEditorAssemblies (1ms)
				RefreshPlugins (1ms)
				BeforeProcessingInitializeOnLoad (169ms)
				ProcessInitializeOnLoadAttributes (1452ms)
				ProcessInitializeOnLoadMethodAttributes (4ms)
				AfterProcessingInitializeOnLoad (9ms)
				EditorAssembliesLoaded (0ms)
			ExecutionOrderSort2 (0ms)
			AwakeInstancesAfterBackupRestoration (17ms)
Platform modules already initialized, skipping
Shader 'Universal Render Pipeline/Particles/Lit': fallback shader 'Universal Render Pipeline/Particles/SimpleLit' not found
Shader 'Universal Render Pipeline/Particles/Lit': fallback shader 'Universal Render Pipeline/Particles/SimpleLit' not found
Refreshing native plugins compatible for Editor in 0.96 ms, found 2 plugins.
Preloading 0 native plugins for Editor in 0.00 ms.
Unloading 3180 Unused Serialized files (Serialized files now loaded: 0)
System memory in use before: 175.5 MB.
System memory in use after: 173.3 MB.

Unloading 47 unused Assets to reduce memory usage. Loaded Objects now: 3862.
Total: 6.203800 ms (FindLiveObjects: 0.411500 ms CreateObjectMapping: 0.635400 ms MarkObjects: 3.564400 ms  DeleteObjects: 1.590800 ms)

AssetImportParameters requested are different than current active one (requested -> active):
  requireTextureImportCompression: false -> true
  custom:framework-win-MediaFoundation: 216162199b28c13a410421893ffa2e32 -> 
  custom:video-decoder-ogg-theora: a1e56fd34408186e4bbccfd4996cb3dc -> 
  custom:container-muxer-webm: aa71ff27fc2769a1b78a27578f13a17b -> 
  custom:container-demuxer-webm: 4f35f7cbe854078d1ac9338744f61a02 -> 
  custom:container-demuxer-ogg: 62fdf1f143b41e24485cea50d1cbac27 -> 
  custom:video-encoder-webm-vp8: eb34c28f22e8b96e1ab97ce403110664 -> 
  custom:video-decoder-webm-vp8: 9c59270c3fd7afecdb556c50c9e8de78 -> 
  custom:audio-decoder-ogg-vorbis: bf7c407c2cedff20999df2af8eb42d56 -> 
  custom:audio-encoder-webm-vorbis: bf7c407c2cedff20999df2af8eb42d56 -> 
========================================================================
Received Prepare
Registering precompiled user dll's ...
Registered in 0.006195 seconds.
Begin MonoManager ReloadAssembly
Native extension for WindowsStandalone target not found
Native extension for WebGL target not found
Refreshing native plugins compatible for Editor in 0.95 ms, found 2 plugins.
Preloading 0 native plugins for Editor in 0.00 ms.
Mono: successfully reloaded assembly
- Completed reload, in  2.821 seconds
Domain Reload Profiling:
	ReloadAssembly (2822ms)
		BeginReloadAssembly (199ms)
			ExecutionOrderSort (0ms)
			DisableScriptedObjects (8ms)
			BackupInstance (0ms)
			ReleaseScriptingObjects (0ms)
			CreateAndSetChildDomain (84ms)
		EndReloadAssembly (2531ms)
			LoadAssemblies (146ms)
			RebuildTransferFunctionScriptingTraits (0ms)
			SetupTypeCache (457ms)
			ReleaseScriptCaches (1ms)
			RebuildScriptCaches (86ms)
			SetupLoadedEditorAssemblies (1647ms)
				LogAssemblyErrors (0ms)
				InitializePlatformSupportModulesInManaged (9ms)
				SetLoadedEditorAssemblies (1ms)
				RefreshPlugins (1ms)
				BeforeProcessingInitializeOnLoad (255ms)
				ProcessInitializeOnLoadAttributes (1369ms)
				ProcessInitializeOnLoadMethodAttributes (4ms)
				AfterProcessingInitializeOnLoad (8ms)
				EditorAssembliesLoaded (0ms)
			ExecutionOrderSort2 (0ms)
			AwakeInstancesAfterBackupRestoration (17ms)
Platform modules already initialized, skipping
Shader 'Universal Render Pipeline/Particles/Lit': fallback shader 'Universal Render Pipeline/Particles/SimpleLit' not found
Shader 'Universal Render Pipeline/Particles/Lit': fallback shader 'Universal Render Pipeline/Particles/SimpleLit' not found
Refreshing native plugins compatible for Editor in 0.88 ms, found 2 plugins.
Preloading 0 native plugins for Editor in 0.00 ms.
Unloading 3180 Unused Serialized files (Serialized files now loaded: 0)
System memory in use before: 175.5 MB.
System memory in use after: 173.3 MB.

Unloading 47 unused Assets to reduce memory usage. Loaded Objects now: 3865.
Total: 4.628000 ms (FindLiveObjects: 0.310900 ms CreateObjectMapping: 0.151400 ms MarkObjects: 2.548200 ms  DeleteObjects: 1.616000 ms)

AssetImportParameters requested are different than current active one (requested -> active):
  requireTextureImportCompression: false -> true
  custom:framework-win-MediaFoundation: 216162199b28c13a410421893ffa2e32 -> 
  custom:video-decoder-ogg-theora: a1e56fd34408186e4bbccfd4996cb3dc -> 
  custom:container-muxer-webm: aa71ff27fc2769a1b78a27578f13a17b -> 
  custom:container-demuxer-webm: 4f35f7cbe854078d1ac9338744f61a02 -> 
  custom:container-demuxer-ogg: 62fdf1f143b41e24485cea50d1cbac27 -> 
  custom:video-encoder-webm-vp8: eb34c28f22e8b96e1ab97ce403110664 -> 
  custom:video-decoder-webm-vp8: 9c59270c3fd7afecdb556c50c9e8de78 -> 
  custom:audio-decoder-ogg-vorbis: bf7c407c2cedff20999df2af8eb42d56 -> 
  custom:audio-encoder-webm-vorbis: bf7c407c2cedff20999df2af8eb42d56 -> 
========================================================================
Received Prepare
Registering precompiled user dll's ...
Registered in 0.009659 seconds.
Begin MonoManager ReloadAssembly
Native extension for WindowsStandalone target not found
Native extension for WebGL target not found
Refreshing native plugins compatible for Editor in 1.05 ms, found 2 plugins.
Preloading 0 native plugins for Editor in 0.00 ms.
Mono: successfully reloaded assembly
- Completed reload, in  3.316 seconds
Domain Reload Profiling:
	ReloadAssembly (3317ms)
		BeginReloadAssembly (221ms)
			ExecutionOrderSort (0ms)
			DisableScriptedObjects (7ms)
			BackupInstance (0ms)
			ReleaseScriptingObjects (0ms)
			CreateAndSetChildDomain (87ms)
		EndReloadAssembly (2992ms)
			LoadAssemblies (153ms)
			RebuildTransferFunctionScriptingTraits (0ms)
			SetupTypeCache (422ms)
			ReleaseScriptCaches (1ms)
			RebuildScriptCaches (70ms)
			SetupLoadedEditorAssemblies (2124ms)
				LogAssemblyErrors (0ms)
				InitializePlatformSupportModulesInManaged (17ms)
				SetLoadedEditorAssemblies (1ms)
				RefreshPlugins (1ms)
				BeforeProcessingInitializeOnLoad (175ms)
				ProcessInitializeOnLoadAttributes (1906ms)
				ProcessInitializeOnLoadMethodAttributes (8ms)
				AfterProcessingInitializeOnLoad (16ms)
				EditorAssembliesLoaded (0ms)
			ExecutionOrderSort2 (0ms)
			AwakeInstancesAfterBackupRestoration (45ms)
Platform modules already initialized, skipping
Shader 'Universal Render Pipeline/Particles/Lit': fallback shader 'Universal Render Pipeline/Particles/SimpleLit' not found
Shader 'Universal Render Pipeline/Particles/Lit': fallback shader 'Universal Render Pipeline/Particles/SimpleLit' not found
Refreshing native plugins compatible for Editor in 0.90 ms, found 2 plugins.
Preloading 0 native plugins for Editor in 0.00 ms.
Unloading 3180 Unused Serialized files (Serialized files now loaded: 0)
System memory in use before: 175.5 MB.
System memory in use after: 173.3 MB.

Unloading 47 unused Assets to reduce memory usage. Loaded Objects now: 3868.
Total: 5.672500 ms (FindLiveObjects: 0.338700 ms CreateObjectMapping: 0.181500 ms MarkObjects: 3.768900 ms  DeleteObjects: 1.381900 ms)

AssetImportParameters requested are different than current active one (requested -> active):
  requireTextureImportCompression: false -> true
  custom:framework-win-MediaFoundation: 216162199b28c13a410421893ffa2e32 -> 
  custom:video-decoder-ogg-theora: a1e56fd34408186e4bbccfd4996cb3dc -> 
  custom:container-muxer-webm: aa71ff27fc2769a1b78a27578f13a17b -> 
  custom:container-demuxer-webm: 4f35f7cbe854078d1ac9338744f61a02 -> 
  custom:container-demuxer-ogg: 62fdf1f143b41e24485cea50d1cbac27 -> 
  custom:video-encoder-webm-vp8: eb34c28f22e8b96e1ab97ce403110664 -> 
  custom:video-decoder-webm-vp8: 9c59270c3fd7afecdb556c50c9e8de78 -> 
  custom:audio-decoder-ogg-vorbis: bf7c407c2cedff20999df2af8eb42d56 -> 
  custom:audio-encoder-webm-vorbis: bf7c407c2cedff20999df2af8eb42d56 -> 
========================================================================
Received Prepare
Registering precompiled user dll's ...
Registered in 0.007569 seconds.
Begin MonoManager ReloadAssembly
Native extension for WindowsStandalone target not found
Native extension for WebGL target not found
Refreshing native plugins compatible for Editor in 0.83 ms, found 2 plugins.
Preloading 0 native plugins for Editor in 0.00 ms.
Mono: successfully reloaded assembly
- Completed reload, in  2.541 seconds
Domain Reload Profiling:
	ReloadAssembly (2541ms)
		BeginReloadAssembly (165ms)
			ExecutionOrderSort (0ms)
			DisableScriptedObjects (7ms)
			BackupInstance (0ms)
			ReleaseScriptingObjects (0ms)
			CreateAndSetChildDomain (66ms)
		EndReloadAssembly (2302ms)
			LoadAssemblies (110ms)
			RebuildTransferFunctionScriptingTraits (0ms)
			SetupTypeCache (388ms)
			ReleaseScriptCaches (1ms)
			RebuildScriptCaches (64ms)
			SetupLoadedEditorAssemblies (1543ms)
				LogAssemblyErrors (0ms)
				InitializePlatformSupportModulesInManaged (7ms)
				SetLoadedEditorAssemblies (0ms)
				RefreshPlugins (1ms)
				BeforeProcessingInitializeOnLoad (180ms)
				ProcessInitializeOnLoadAttributes (1337ms)
				ProcessInitializeOnLoadMethodAttributes (5ms)
				AfterProcessingInitializeOnLoad (12ms)
				EditorAssembliesLoaded (0ms)
			ExecutionOrderSort2 (0ms)
			AwakeInstancesAfterBackupRestoration (23ms)
Platform modules already initialized, skipping
Shader 'Universal Render Pipeline/Particles/Lit': fallback shader 'Universal Render Pipeline/Particles/SimpleLit' not found
Shader 'Universal Render Pipeline/Particles/Lit': fallback shader 'Universal Render Pipeline/Particles/SimpleLit' not found
Refreshing native plugins compatible for Editor in 0.91 ms, found 2 plugins.
Preloading 0 native plugins for Editor in 0.00 ms.
Unloading 3180 Unused Serialized files (Serialized files now loaded: 0)
System memory in use before: 175.5 MB.
System memory in use after: 173.3 MB.

Unloading 47 unused Assets to reduce memory usage. Loaded Objects now: 3871.
Total: 7.506300 ms (FindLiveObjects: 1.218700 ms CreateObjectMapping: 0.457400 ms MarkObjects: 3.956300 ms  DeleteObjects: 1.872400 ms)

AssetImportParameters requested are different than current active one (requested -> active):
  requireTextureImportCompression: false -> true
  custom:framework-win-MediaFoundation: 216162199b28c13a410421893ffa2e32 -> 
  custom:video-decoder-ogg-theora: a1e56fd34408186e4bbccfd4996cb3dc -> 
  custom:container-muxer-webm: aa71ff27fc2769a1b78a27578f13a17b -> 
  custom:container-demuxer-webm: 4f35f7cbe854078d1ac9338744f61a02 -> 
  custom:container-demuxer-ogg: 62fdf1f143b41e24485cea50d1cbac27 -> 
  custom:video-encoder-webm-vp8: eb34c28f22e8b96e1ab97ce403110664 -> 
  custom:video-decoder-webm-vp8: 9c59270c3fd7afecdb556c50c9e8de78 -> 
  custom:audio-decoder-ogg-vorbis: bf7c407c2cedff20999df2af8eb42d56 -> 
  custom:audio-encoder-webm-vorbis: bf7c407c2cedff20999df2af8eb42d56 -> 
========================================================================
Received Prepare
Registering precompiled user dll's ...
Registered in 0.007724 seconds.
Begin MonoManager ReloadAssembly
Native extension for WindowsStandalone target not found
Native extension for WebGL target not found
Refreshing native plugins compatible for Editor in 1.06 ms, found 2 plugins.
Preloading 0 native plugins for Editor in 0.00 ms.
Mono: successfully reloaded assembly
- Completed reload, in  2.805 seconds
Domain Reload Profiling:
	ReloadAssembly (2806ms)
		BeginReloadAssembly (192ms)
			ExecutionOrderSort (0ms)
			DisableScriptedObjects (7ms)
			BackupInstance (0ms)
			ReleaseScriptingObjects (0ms)
			CreateAndSetChildDomain (91ms)
		EndReloadAssembly (2532ms)
			LoadAssemblies (138ms)
			RebuildTransferFunctionScriptingTraits (0ms)
			SetupTypeCache (434ms)
			ReleaseScriptCaches (2ms)
			RebuildScriptCaches (71ms)
			SetupLoadedEditorAssemblies (1698ms)
				LogAssemblyErrors (0ms)
				InitializePlatformSupportModulesInManaged (9ms)
				SetLoadedEditorAssemblies (1ms)
				RefreshPlugins (1ms)
				BeforeProcessingInitializeOnLoad (149ms)
				ProcessInitializeOnLoadAttributes (1523ms)
				ProcessInitializeOnLoadMethodAttributes (5ms)
				AfterProcessingInitializeOnLoad (10ms)
				EditorAssembliesLoaded (0ms)
			ExecutionOrderSort2 (0ms)
			AwakeInstancesAfterBackupRestoration (19ms)
Platform modules already initialized, skipping
Shader 'Universal Render Pipeline/Particles/Lit': fallback shader 'Universal Render Pipeline/Particles/SimpleLit' not found
Shader 'Universal Render Pipeline/Particles/Lit': fallback shader 'Universal Render Pipeline/Particles/SimpleLit' not found
Refreshing native plugins compatible for Editor in 1.11 ms, found 2 plugins.
Preloading 0 native plugins for Editor in 0.00 ms.
Unloading 3180 Unused Serialized files (Serialized files now loaded: 0)
System memory in use before: 175.5 MB.
System memory in use after: 173.3 MB.

Unloading 47 unused Assets to reduce memory usage. Loaded Objects now: 3874.
Total: 5.585200 ms (FindLiveObjects: 0.430100 ms CreateObjectMapping: 0.313400 ms MarkObjects: 2.831700 ms  DeleteObjects: 2.007800 ms)

AssetImportParameters requested are different than current active one (requested -> active):
  requireTextureImportCompression: false -> true
  custom:framework-win-MediaFoundation: 216162199b28c13a410421893ffa2e32 -> 
  custom:video-decoder-ogg-theora: a1e56fd34408186e4bbccfd4996cb3dc -> 
  custom:container-muxer-webm: aa71ff27fc2769a1b78a27578f13a17b -> 
  custom:container-demuxer-webm: 4f35f7cbe854078d1ac9338744f61a02 -> 
  custom:container-demuxer-ogg: 62fdf1f143b41e24485cea50d1cbac27 -> 
  custom:video-encoder-webm-vp8: eb34c28f22e8b96e1ab97ce403110664 -> 
  custom:video-decoder-webm-vp8: 9c59270c3fd7afecdb556c50c9e8de78 -> 
  custom:audio-decoder-ogg-vorbis: bf7c407c2cedff20999df2af8eb42d56 -> 
  custom:audio-encoder-webm-vorbis: bf7c407c2cedff20999df2af8eb42d56 -> 
